{
  "stats": {
    "suites": 1,
    "tests": 1,
    "passes": 1,
    "pending": 0,
    "failures": 0,
    "start": "2026-05-19T05:26:17.835Z",
    "end": "2026-05-19T05:32:13.642Z",
    "duration": 355807,
    "testsRegistered": 1,
    "passPercent": 100,
    "pendingPercent": 0,
    "other": 0,
    "hasOther": false,
    "skipped": 0,
    "hasSkipped": false
  },
  "results": [
    {
      "uuid": "a52a839a-8457-4030-bf54-ebf6794f5e25",
      "title": "",
      "fullFile": "cypress\\e2e\\reliability\\logout-reliability.cy.js",
      "file": "cypress\\e2e\\reliability\\logout-reliability.cy.js",
      "beforeHooks": [],
      "afterHooks": [],
      "tests": [],
      "suites": [
        {
          "uuid": "89eb3093-156a-47f7-b4ec-a25145dc4609",
          "title": "Reliability Testing - Logout",
          "fullFile": "",
          "file": "",
          "beforeHooks": [],
          "afterHooks": [],
          "tests": [
            {
              "title": "FS_REL_007 - Stress test logout (30x)",
              "fullTitle": "Reliability Testing - Logout FS_REL_007 - Stress test logout (30x)",
              "timedOut": null,
              "duration": 355321,
              "state": "passed",
              "speed": "slow",
              "pass": true,
              "fail": false,
              "pending": false,
              "context": null,
              "code": "let success = 0;\nCypress._.times(ITERATION, i => {\n  // buka dropdown profile\n  cy.get('nav').contains('@').click({\n    force: true\n  });\n  cy.wait(1000);\n  // klik logout TANPA should visible\n  cy.contains('Logout').click({\n    force: true\n  });\n  // validasi logout\n  cy.url({\n    timeout: 60000\n  }).should('include', '/login');\n  success++;\n  cy.log(`Logout berhasil ke-${i + 1}`);\n  cy.wait(3000);\n  // login ulang\n  cy.get('input[name=\"email\"]', {\n    timeout: 60000\n  }).clear().type(Cypress.env('EMAIL'));\n  cy.get('input[name=\"password\"]', {\n    timeout: 60000\n  }).clear().type(Cypress.env('PASSWORD'), {\n    log: false\n  });\n  cy.get('button[type=\"submit\"]').click({\n    force: true\n  });\n  cy.url({\n    timeout: 60000\n  }).should('not.include', '/login');\n  cy.wait(3000);\n});\ncy.then(() => {\n  const percentage = success / ITERATION * 100;\n  cy.log(`Success Rate: ${percentage}%`);\n  expect(success).to.equal(ITERATION);\n});",
              "err": {},
              "uuid": "d1bd5377-80f2-45f3-b6a3-323fb1a3b8bd",
              "parentUUID": "89eb3093-156a-47f7-b4ec-a25145dc4609",
              "isHook": false,
              "skipped": false
            }
          ],
          "suites": [],
          "passes": [
            "d1bd5377-80f2-45f3-b6a3-323fb1a3b8bd"
          ],
          "failures": [],
          "pending": [],
          "skipped": [],
          "duration": 355321,
          "root": false,
          "rootEmpty": false,
          "_timeout": 2000
        }
      ],
      "passes": [],
      "failures": [],
      "pending": [],
      "skipped": [],
      "duration": 0,
      "root": true,
      "rootEmpty": true,
      "_timeout": 2000
    }
  ],
  "meta": {
    "mocha": {
      "version": "7.2.0"
    },
    "mochawesome": {
      "options": {
        "quiet": false,
        "reportFilename": "mochawesome",
        "saveHtml": true,
        "saveJson": true,
        "consoleReporter": "spec",
        "useInlineDiffs": false,
        "code": true
      },
      "version": "7.1.4"
    },
    "marge": {
      "options": {
        "reportDir": "cypress/reports",
        "overwrite": false,
        "html": true,
        "json": true,
        "charts": true,
        "embeddedScreenshots": true,
        "inlineAssets": true
      },
      "version": "6.3.2"
    }
  }
}