{
  "stats": {
    "suites": 1,
    "tests": 1,
    "passes": 1,
    "pending": 0,
    "failures": 0,
    "start": "2026-05-19T05:25:03.642Z",
    "end": "2026-05-19T05:26:16.297Z",
    "duration": 72655,
    "testsRegistered": 1,
    "passPercent": 100,
    "pendingPercent": 0,
    "other": 0,
    "hasOther": false,
    "skipped": 0,
    "hasSkipped": false
  },
  "results": [
    {
      "uuid": "288374d6-c6ed-466c-94ed-c3bb5f80e570",
      "title": "",
      "fullFile": "cypress\\e2e\\reliability\\login-reliability.cy.js",
      "file": "cypress\\e2e\\reliability\\login-reliability.cy.js",
      "beforeHooks": [],
      "afterHooks": [],
      "tests": [],
      "suites": [
        {
          "uuid": "4b533233-1347-491e-bcab-74cde1ceb82f",
          "title": "Reliability Testing - Login",
          "fullFile": "",
          "file": "",
          "beforeHooks": [],
          "afterHooks": [],
          "tests": [
            {
              "title": "FS_REL_001 - Stress test login (30x)",
              "fullTitle": "Reliability Testing - Login FS_REL_001 - Stress test login (30x)",
              "timedOut": null,
              "duration": 72401,
              "state": "passed",
              "speed": "slow",
              "pass": true,
              "fail": false,
              "pending": false,
              "context": null,
              "code": "let success = 0;\nCypress._.times(ITERATION, i => {\n  cy.clearCookies();\n  cy.clearLocalStorage();\n  cy.visit('http://labai.polinema.ac.id:90/login');\n  cy.get('input[name=\"email\"]').clear().type(Cypress.env('EMAIL'));\n  cy.get('input[name=\"password\"]').clear().type(Cypress.env('PASSWORD'), {\n    log: false\n  });\n  cy.get('button[type=\"submit\"]').click();\n  cy.url({\n    timeout: 60000\n  }).should('not.include', '/login').then(() => {\n    success++;\n    cy.log(`Login berhasil ke-${i + 1}`);\n  });\n});\ncy.then(() => {\n  cy.log(`Success Rate: ${success}/${ITERATION}`);\n  expect(success).to.equal(ITERATION);\n});",
              "err": {},
              "uuid": "a9106b27-35d7-4a43-bc1b-23e0e5faed6d",
              "parentUUID": "4b533233-1347-491e-bcab-74cde1ceb82f",
              "isHook": false,
              "skipped": false
            }
          ],
          "suites": [],
          "passes": [
            "a9106b27-35d7-4a43-bc1b-23e0e5faed6d"
          ],
          "failures": [],
          "pending": [],
          "skipped": [],
          "duration": 72401,
          "root": false,
          "rootEmpty": false,
          "_timeout": 2000
        }
      ],
      "passes": [],
      "failures": [],
      "pending": [],
      "skipped": [],
      "duration": 0,
      "root": true,
      "rootEmpty": true,
      "_timeout": 2000
    }
  ],
  "meta": {
    "mocha": {
      "version": "7.2.0"
    },
    "mochawesome": {
      "options": {
        "quiet": false,
        "reportFilename": "mochawesome",
        "saveHtml": true,
        "saveJson": true,
        "consoleReporter": "spec",
        "useInlineDiffs": false,
        "code": true
      },
      "version": "7.1.4"
    },
    "marge": {
      "options": {
        "reportDir": "cypress/reports",
        "overwrite": false,
        "html": true,
        "json": true,
        "charts": true,
        "embeddedScreenshots": true,
        "inlineAssets": true
      },
      "version": "6.3.2"
    }
  }
}