{
  "stats": {
    "suites": 1,
    "tests": 3,
    "passes": 3,
    "pending": 0,
    "failures": 0,
    "start": "2026-05-13T01:43:53.676Z",
    "end": "2026-05-13T01:44:10.652Z",
    "duration": 16976,
    "testsRegistered": 3,
    "passPercent": 100,
    "pendingPercent": 0,
    "other": 0,
    "hasOther": false,
    "skipped": 0,
    "hasSkipped": false
  },
  "results": [
    {
      "uuid": "9f1eddf5-0407-43da-b3c3-b47d92da643f",
      "title": "",
      "fullFile": "cypress\\e2e\\functional-suitability\\course-detail.cy.js",
      "file": "cypress\\e2e\\functional-suitability\\course-detail.cy.js",
      "beforeHooks": [],
      "afterHooks": [],
      "tests": [],
      "suites": [
        {
          "uuid": "ea3f07e0-ca5d-4c6b-b3b8-f0933a34ac98",
          "title": "Course Detail Feature",
          "fullFile": "",
          "file": "",
          "beforeHooks": [],
          "afterHooks": [],
          "tests": [
            {
              "title": "FS_Course_Detail_001 - Informasi course tampil",
              "fullTitle": "Course Detail Feature FS_Course_Detail_001 - Informasi course tampil",
              "timedOut": null,
              "duration": 10404,
              "state": "passed",
              "speed": "slow",
              "pass": true,
              "fail": false,
              "pending": false,
              "context": null,
              "code": "// Nama course (contoh: Java)\ncy.get('body').should('contain.text', 'Java');\n// Deskripsi course\ncy.get('body').then($body => {\n  const text = $body.text();\n  expect(text.length).to.be.greaterThan(0);\n});\n// Lesson & student\ncy.contains('Lesson').should('exist');\ncy.contains('Student').should('exist');",
              "err": {},
              "uuid": "c6aa92f0-240b-4750-80d9-f6f65ae83ccc",
              "parentUUID": "ea3f07e0-ca5d-4c6b-b3b8-f0933a34ac98",
              "isHook": false,
              "skipped": false
            },
            {
              "title": "FS_Course_Detail_002 - Achievement Badge tampil",
              "fullTitle": "Course Detail Feature FS_Course_Detail_002 - Achievement Badge tampil",
              "timedOut": null,
              "duration": 3492,
              "state": "passed",
              "speed": "fast",
              "pass": true,
              "fail": false,
              "pending": false,
              "context": null,
              "code": "// scroll ke bawah (biar section muncul)\ncy.scrollTo('bottom');\n// cek tabel badge\ncy.contains('Achievement').should('exist');\ncy.contains('Badge Name').should('exist');\ncy.contains('Badge Point Min').should('exist');\ncy.contains('Badge Point Max').should('exist');",
              "err": {},
              "uuid": "f4593ab4-5098-4b9a-b195-68879da0dd2d",
              "parentUUID": "ea3f07e0-ca5d-4c6b-b3b8-f0933a34ac98",
              "isHook": false,
              "skipped": false
            },
            {
              "title": "FS_Course_Detail_003 - Leaderboard dalam course tampil",
              "fullTitle": "Course Detail Feature FS_Course_Detail_003 - Leaderboard dalam course tampil",
              "timedOut": null,
              "duration": 2697,
              "state": "passed",
              "speed": "fast",
              "pass": true,
              "fail": false,
              "pending": false,
              "context": null,
              "code": "cy.scrollTo('bottom');\n// cek section leaderboard\ncy.contains('Leaderboard').should('exist');\n// validasi header\ncy.contains('Rank').should('exist');\ncy.contains('Name').should('exist');\ncy.contains('Point').should('exist');\ncy.contains('Progress').should('exist');\n// validasi ada data\ncy.get('table tbody tr').should('have.length.greaterThan', 0);",
              "err": {},
              "uuid": "79137d01-8b09-4f02-9e3f-42ec768780a1",
              "parentUUID": "ea3f07e0-ca5d-4c6b-b3b8-f0933a34ac98",
              "isHook": false,
              "skipped": false
            }
          ],
          "suites": [],
          "passes": [
            "c6aa92f0-240b-4750-80d9-f6f65ae83ccc",
            "f4593ab4-5098-4b9a-b195-68879da0dd2d",
            "79137d01-8b09-4f02-9e3f-42ec768780a1"
          ],
          "failures": [],
          "pending": [],
          "skipped": [],
          "duration": 16593,
          "root": false,
          "rootEmpty": false,
          "_timeout": 2000
        }
      ],
      "passes": [],
      "failures": [],
      "pending": [],
      "skipped": [],
      "duration": 0,
      "root": true,
      "rootEmpty": true,
      "_timeout": 2000
    }
  ],
  "meta": {
    "mocha": {
      "version": "7.2.0"
    },
    "mochawesome": {
      "options": {
        "quiet": false,
        "reportFilename": "mochawesome",
        "saveHtml": true,
        "saveJson": true,
        "consoleReporter": "spec",
        "useInlineDiffs": false,
        "code": true
      },
      "version": "7.1.4"
    },
    "marge": {
      "options": {
        "reportDir": "cypress/reports",
        "overwrite": false,
        "html": true,
        "json": true
      },
      "version": "6.3.2"
    }
  }
}