{
  "stats": {
    "suites": 1,
    "tests": 11,
    "passes": 11,
    "pending": 0,
    "failures": 0,
    "start": "2026-05-13T15:11:21.815Z",
    "end": "2026-05-13T15:12:16.389Z",
    "duration": 54574,
    "testsRegistered": 11,
    "passPercent": 100,
    "pendingPercent": 0,
    "other": 0,
    "hasOther": false,
    "skipped": 0,
    "hasSkipped": false
  },
  "results": [
    {
      "uuid": "81d91f70-0dc3-4071-a7a8-0fa2453b2bce",
      "title": "",
      "fullFile": "cypress\\e2e\\functional-suitability\\register.cy.js",
      "file": "cypress\\e2e\\functional-suitability\\register.cy.js",
      "beforeHooks": [],
      "afterHooks": [],
      "tests": [],
      "suites": [
        {
          "uuid": "9526d204-05f3-4880-8ad2-a5b273997d45",
          "title": "Register Feature - Bajapro",
          "fullFile": "",
          "file": "",
          "beforeHooks": [],
          "afterHooks": [],
          "tests": [
            {
              "title": "FS_Register_001 - Register berhasil dengan data valid",
              "fullTitle": "Register Feature - Bajapro FS_Register_001 - Register berhasil dengan data valid",
              "timedOut": null,
              "duration": 8344,
              "state": "passed",
              "speed": "medium",
              "pass": true,
              "fail": false,
              "pending": false,
              "context": null,
              "code": "const email = `cimit${Date.now()}@test.com`;\ncy.register('Cimit', 'D4 Teknik Informatika', email, 'Cimit1234', 'Cimit1234');\ncy.url().should('not.include', '/register');",
              "err": {},
              "uuid": "b85aed62-4135-488a-9e80-40e31d470a6d",
              "parentUUID": "9526d204-05f3-4880-8ad2-a5b273997d45",
              "isHook": false,
              "skipped": false
            },
            {
              "title": "FS_Register_002 - Semua field kosong",
              "fullTitle": "Register Feature - Bajapro FS_Register_002 - Semua field kosong",
              "timedOut": null,
              "duration": 2109,
              "state": "passed",
              "speed": "fast",
              "pass": true,
              "fail": false,
              "pending": false,
              "context": null,
              "code": "cy.get('button[type=\"submit\"]').click();\ncy.get('input[name=\"name\"]:invalid').should('exist');",
              "err": {},
              "uuid": "03cc9d64-6b47-4d6d-933d-ba9496c228fd",
              "parentUUID": "9526d204-05f3-4880-8ad2-a5b273997d45",
              "isHook": false,
              "skipped": false
            },
            {
              "title": "FS_Register_003 - Full Name kosong",
              "fullTitle": "Register Feature - Bajapro FS_Register_003 - Full Name kosong",
              "timedOut": null,
              "duration": 3765,
              "state": "passed",
              "speed": "fast",
              "pass": true,
              "fail": false,
              "pending": false,
              "context": null,
              "code": "cy.get('select[name=\"class\"]').select('D4 Teknik Informatika');\ncy.get('input[name=\"email\"]').type('cimit@test.com');\ncy.get('input[name=\"password\"]').type('Cimit1234');\ncy.get('input[name=\"password_confirmation\"]').type('Cimit1234');\ncy.get('button[type=\"submit\"]').click();\ncy.get('input[name=\"name\"]:invalid').should('exist');",
              "err": {},
              "uuid": "d512189c-107c-4827-8dfe-9ba3faca433f",
              "parentUUID": "9526d204-05f3-4880-8ad2-a5b273997d45",
              "isHook": false,
              "skipped": false
            },
            {
              "title": "FS_Register_004 - Class tidak dipilih (tidak ada validasi UI)",
              "fullTitle": "Register Feature - Bajapro FS_Register_004 - Class tidak dipilih (tidak ada validasi UI)",
              "timedOut": null,
              "duration": 6213,
              "state": "passed",
              "speed": "medium",
              "pass": true,
              "fail": false,
              "pending": false,
              "context": null,
              "code": "cy.get('input[name=\"name\"]').type('Cimit');\ncy.get('input[name=\"email\"]').type(`cimit${Date.now()}@test.com`);\ncy.get('input[name=\"password\"]').type('Cimit1234');\ncy.get('input[name=\"password_confirmation\"]').type('Cimit1234');\ncy.get('button[type=\"submit\"]').click();\ncy.url().should('include', '/register');\ncy.get('form').should('exist');\n// VALIDASI UTAMA\n// 1. password reset\ncy.get('input[name=\"password\"]').should('have.value', '');\ncy.get('input[name=\"password_confirmation\"]').should('have.value', '');\n// 2. class belum dipilih user (cek selectedIndex)\ncy.get('select[name=\"class\"]').then($el => {\n  expect($el[0].selectedIndex).to.equal(0);\n});",
              "err": {},
              "uuid": "ee8afbda-6523-439d-92b9-8d9f10acf354",
              "parentUUID": "9526d204-05f3-4880-8ad2-a5b273997d45",
              "isHook": false,
              "skipped": false
            },
            {
              "title": "FS_Register_005 - Email kosong",
              "fullTitle": "Register Feature - Bajapro FS_Register_005 - Email kosong",
              "timedOut": null,
              "duration": 3334,
              "state": "passed",
              "speed": "fast",
              "pass": true,
              "fail": false,
              "pending": false,
              "context": null,
              "code": "cy.get('input[name=\"name\"]').type('Cimit');\ncy.get('select[name=\"class\"]').select('D4 Teknik Informatika');\ncy.get('input[name=\"password\"]').type('Cimit1234');\ncy.get('input[name=\"password_confirmation\"]').type('Cimit1234');\ncy.get('button[type=\"submit\"]').click();\ncy.get('input[name=\"email\"]:invalid').should('exist');",
              "err": {},
              "uuid": "e9a53e5f-1c44-4390-b590-ba8dc0d23608",
              "parentUUID": "9526d204-05f3-4880-8ad2-a5b273997d45",
              "isHook": false,
              "skipped": false
            },
            {
              "title": "FS_Register_006 - Password kosong",
              "fullTitle": "Register Feature - Bajapro FS_Register_006 - Password kosong",
              "timedOut": null,
              "duration": 3176,
              "state": "passed",
              "speed": "fast",
              "pass": true,
              "fail": false,
              "pending": false,
              "context": null,
              "code": "cy.get('input[name=\"name\"]').type('Cimit');\ncy.get('select[name=\"class\"]').select('D4 Teknik Informatika');\ncy.get('input[name=\"email\"]').type('cimit@test.com');\ncy.get('input[name=\"password_confirmation\"]').type('Cimit1234');\ncy.get('button[type=\"submit\"]').click();\ncy.get('input[name=\"password\"]:invalid').should('exist');",
              "err": {},
              "uuid": "0d877b91-b6d0-42d9-8a6a-3afe0f7ffee5",
              "parentUUID": "9526d204-05f3-4880-8ad2-a5b273997d45",
              "isHook": false,
              "skipped": false
            },
            {
              "title": "FS_Register_007 - Confirm Password kosong",
              "fullTitle": "Register Feature - Bajapro FS_Register_007 - Confirm Password kosong",
              "timedOut": null,
              "duration": 4722,
              "state": "passed",
              "speed": "fast",
              "pass": true,
              "fail": false,
              "pending": false,
              "context": null,
              "code": "cy.get('input[name=\"name\"]').type('Cimit');\ncy.get('select[name=\"class\"]').select('D4 Teknik Informatika');\ncy.get('input[name=\"email\"]').type('cimit@test.com');\ncy.get('input[name=\"password\"]').type('Cimit1234');\n// confirm password dikosongkan\ncy.get('button[type=\"submit\"]').click();\n// 1. tetap di halaman register\ncy.url().should('include', '/register');\n// 2. muncul error backend\ncy.contains('The password confirmation does not match').should('exist');",
              "err": {},
              "uuid": "5366bb1b-31c4-4211-b23b-23005d596266",
              "parentUUID": "9526d204-05f3-4880-8ad2-a5b273997d45",
              "isHook": false,
              "skipped": false
            },
            {
              "title": "FS_Register_008 - Email tidak valid",
              "fullTitle": "Register Feature - Bajapro FS_Register_008 - Email tidak valid",
              "timedOut": null,
              "duration": 4290,
              "state": "passed",
              "speed": "fast",
              "pass": true,
              "fail": false,
              "pending": false,
              "context": null,
              "code": "cy.register('Cimit', 'D4 Teknik Informatika', 'Cimit12', 'Cimit1234', 'Cimit1234');\ncy.get('input[name=\"email\"]:invalid').should('exist');",
              "err": {},
              "uuid": "6f6f812f-e84c-47e2-9f01-2a4c36cd7238",
              "parentUUID": "9526d204-05f3-4880-8ad2-a5b273997d45",
              "isHook": false,
              "skipped": false
            },
            {
              "title": "FS_Register_009 - Password tidak sama",
              "fullTitle": "Register Feature - Bajapro FS_Register_009 - Password tidak sama",
              "timedOut": null,
              "duration": 5363,
              "state": "passed",
              "speed": "medium",
              "pass": true,
              "fail": false,
              "pending": false,
              "context": null,
              "code": "cy.get('input[name=\"name\"]').type('Cimit');\ncy.get('select[name=\"class\"]').select('D4 Teknik Informatika');\ncy.get('input[name=\"email\"]').type(`cimit${Date.now()}@test.com`);\ncy.get('input[name=\"password\"]').type('Cimit123');\ncy.get('input[name=\"password_confirmation\"]').type('Cimit1234');\ncy.get('button[type=\"submit\"]').click();\n// 1. tetap di halaman register\ncy.url().should('include', '/register');\n// 2. error muncul\ncy.get('.invalid-feedback').contains('password').should('be.visible');\n// 3. password ke-reset\ncy.get('input[name=\"password\"]').should('have.value', '');\ncy.get('input[name=\"password_confirmation\"]').should('have.value', '');\n// 4. class kembali ke default (FIX DI SINI)\ncy.get('select[name=\"class\"]').should('have.value', 'Choose class');",
              "err": {},
              "uuid": "b251c710-657e-421a-a81b-849c957cb3c8",
              "parentUUID": "9526d204-05f3-4880-8ad2-a5b273997d45",
              "isHook": false,
              "skipped": false
            },
            {
              "title": "FS_Register_010 - Email sudah terdaftar",
              "fullTitle": "Register Feature - Bajapro FS_Register_010 - Email sudah terdaftar",
              "timedOut": null,
              "duration": 5282,
              "state": "passed",
              "speed": "medium",
              "pass": true,
              "fail": false,
              "pending": false,
              "context": null,
              "code": "cy.register('Cimit', 'D4 Teknik Informatika', 'zulfanuha016@gmail.com', 'Cimit1234', 'Cimit1234');\ncy.contains('The email has already been taken').should('exist');",
              "err": {},
              "uuid": "ce012e1d-ed12-4924-91b5-fcd7ced28294",
              "parentUUID": "9526d204-05f3-4880-8ad2-a5b273997d45",
              "isHook": false,
              "skipped": false
            },
            {
              "title": "FS_Register_011 - Pindah ke halaman login",
              "fullTitle": "Register Feature - Bajapro FS_Register_011 - Pindah ke halaman login",
              "timedOut": null,
              "duration": 3930,
              "state": "passed",
              "speed": "fast",
              "pass": true,
              "fail": false,
              "pending": false,
              "context": null,
              "code": "cy.contains('SignIn').should('be.visible').click();\ncy.url().should('include', '/login');",
              "err": {},
              "uuid": "a53c17f5-2091-41de-abc9-ea00956a9aae",
              "parentUUID": "9526d204-05f3-4880-8ad2-a5b273997d45",
              "isHook": false,
              "skipped": false
            }
          ],
          "suites": [],
          "passes": [
            "b85aed62-4135-488a-9e80-40e31d470a6d",
            "03cc9d64-6b47-4d6d-933d-ba9496c228fd",
            "d512189c-107c-4827-8dfe-9ba3faca433f",
            "ee8afbda-6523-439d-92b9-8d9f10acf354",
            "e9a53e5f-1c44-4390-b590-ba8dc0d23608",
            "0d877b91-b6d0-42d9-8a6a-3afe0f7ffee5",
            "5366bb1b-31c4-4211-b23b-23005d596266",
            "6f6f812f-e84c-47e2-9f01-2a4c36cd7238",
            "b251c710-657e-421a-a81b-849c957cb3c8",
            "ce012e1d-ed12-4924-91b5-fcd7ced28294",
            "a53c17f5-2091-41de-abc9-ea00956a9aae"
          ],
          "failures": [],
          "pending": [],
          "skipped": [],
          "duration": 50528,
          "root": false,
          "rootEmpty": false,
          "_timeout": 2000
        }
      ],
      "passes": [],
      "failures": [],
      "pending": [],
      "skipped": [],
      "duration": 0,
      "root": true,
      "rootEmpty": true,
      "_timeout": 2000
    }
  ],
  "meta": {
    "mocha": {
      "version": "7.2.0"
    },
    "mochawesome": {
      "options": {
        "quiet": false,
        "reportFilename": "mochawesome",
        "saveHtml": true,
        "saveJson": true,
        "consoleReporter": "spec",
        "useInlineDiffs": false,
        "code": true
      },
      "version": "7.1.4"
    },
    "marge": {
      "options": {
        "reportDir": "cypress/reports",
        "overwrite": false,
        "html": true,
        "json": true
      },
      "version": "6.3.2"
    }
  }
}