{
  "stats": {
    "suites": 1,
    "tests": 3,
    "passes": 3,
    "pending": 0,
    "failures": 0,
    "start": "2026-05-13T15:07:11.508Z",
    "end": "2026-05-13T15:07:26.707Z",
    "duration": 15199,
    "testsRegistered": 3,
    "passPercent": 100,
    "pendingPercent": 0,
    "other": 0,
    "hasOther": false,
    "skipped": 0,
    "hasSkipped": false
  },
  "results": [
    {
      "uuid": "1b5f773d-5b04-4f4e-9b56-6c6f499d2bda",
      "title": "",
      "fullFile": "cypress\\e2e\\functional-suitability\\course-detail.cy.js",
      "file": "cypress\\e2e\\functional-suitability\\course-detail.cy.js",
      "beforeHooks": [],
      "afterHooks": [],
      "tests": [],
      "suites": [
        {
          "uuid": "57d84d8c-7464-477c-83be-6db801231cc3",
          "title": "Course Detail Feature",
          "fullFile": "",
          "file": "",
          "beforeHooks": [],
          "afterHooks": [],
          "tests": [
            {
              "title": "FS_Course_Detail_001 - Informasi course tampil",
              "fullTitle": "Course Detail Feature FS_Course_Detail_001 - Informasi course tampil",
              "timedOut": null,
              "duration": 8337,
              "state": "passed",
              "speed": "medium",
              "pass": true,
              "fail": false,
              "pending": false,
              "context": null,
              "code": "// Nama course (contoh: Java)\ncy.get('body').should('contain.text', 'Java');\n// Deskripsi course\ncy.get('body').then($body => {\n  const text = $body.text();\n  expect(text.length).to.be.greaterThan(0);\n});\n// Lesson & student\ncy.contains('Lesson').should('exist');\ncy.contains('Student').should('exist');",
              "err": {},
              "uuid": "58d3e720-7936-4534-aecd-4c96a71d3e2f",
              "parentUUID": "57d84d8c-7464-477c-83be-6db801231cc3",
              "isHook": false,
              "skipped": false
            },
            {
              "title": "FS_Course_Detail_002 - Achievement Badge tampil",
              "fullTitle": "Course Detail Feature FS_Course_Detail_002 - Achievement Badge tampil",
              "timedOut": null,
              "duration": 3550,
              "state": "passed",
              "speed": "fast",
              "pass": true,
              "fail": false,
              "pending": false,
              "context": null,
              "code": "// scroll ke bawah (biar section muncul)\ncy.scrollTo('bottom');\n// cek tabel badge\ncy.contains('Achievement').should('exist');\ncy.contains('Badge Name').should('exist');\ncy.contains('Badge Point Min').should('exist');\ncy.contains('Badge Point Max').should('exist');",
              "err": {},
              "uuid": "455e24eb-7683-4ff3-84d3-d03aa2f5969d",
              "parentUUID": "57d84d8c-7464-477c-83be-6db801231cc3",
              "isHook": false,
              "skipped": false
            },
            {
              "title": "FS_Course_Detail_003 - Leaderboard dalam course tampil",
              "fullTitle": "Course Detail Feature FS_Course_Detail_003 - Leaderboard dalam course tampil",
              "timedOut": null,
              "duration": 2894,
              "state": "passed",
              "speed": "fast",
              "pass": true,
              "fail": false,
              "pending": false,
              "context": null,
              "code": "cy.scrollTo('bottom');\n// cek section leaderboard\ncy.contains('Leaderboard').should('exist');\n// validasi header\ncy.contains('Rank').should('exist');\ncy.contains('Name').should('exist');\ncy.contains('Point').should('exist');\ncy.contains('Progress').should('exist');\n// validasi ada data\ncy.get('table tbody tr').should('have.length.greaterThan', 0);",
              "err": {},
              "uuid": "6a4c2433-333d-482c-aaeb-e4121214ad2c",
              "parentUUID": "57d84d8c-7464-477c-83be-6db801231cc3",
              "isHook": false,
              "skipped": false
            }
          ],
          "suites": [],
          "passes": [
            "58d3e720-7936-4534-aecd-4c96a71d3e2f",
            "455e24eb-7683-4ff3-84d3-d03aa2f5969d",
            "6a4c2433-333d-482c-aaeb-e4121214ad2c"
          ],
          "failures": [],
          "pending": [],
          "skipped": [],
          "duration": 14781,
          "root": false,
          "rootEmpty": false,
          "_timeout": 2000
        }
      ],
      "passes": [],
      "failures": [],
      "pending": [],
      "skipped": [],
      "duration": 0,
      "root": true,
      "rootEmpty": true,
      "_timeout": 2000
    }
  ],
  "meta": {
    "mocha": {
      "version": "7.2.0"
    },
    "mochawesome": {
      "options": {
        "quiet": false,
        "reportFilename": "mochawesome",
        "saveHtml": true,
        "saveJson": true,
        "consoleReporter": "spec",
        "useInlineDiffs": false,
        "code": true
      },
      "version": "7.1.4"
    },
    "marge": {
      "options": {
        "reportDir": "cypress/reports",
        "overwrite": false,
        "html": true,
        "json": true
      },
      "version": "6.3.2"
    }
  }
}