{
  "stats": {
    "suites": 1,
    "tests": 1,
    "passes": 1,
    "pending": 0,
    "failures": 0,
    "start": "2026-05-13T01:54:43.326Z",
    "end": "2026-05-13T01:54:49.957Z",
    "duration": 6631,
    "testsRegistered": 1,
    "passPercent": 100,
    "pendingPercent": 0,
    "other": 0,
    "hasOther": false,
    "skipped": 0,
    "hasSkipped": false
  },
  "results": [
    {
      "uuid": "6442db6e-c050-4f25-90cd-2fdd3829bd91",
      "title": "",
      "fullFile": "cypress\\e2e\\functional-suitability\\myreport_ts009.cy.js",
      "file": "cypress\\e2e\\functional-suitability\\myreport_ts009.cy.js",
      "beforeHooks": [],
      "afterHooks": [],
      "tests": [],
      "suites": [
        {
          "uuid": "e1730b1d-edec-4e2e-8adb-801d19d429bd",
          "title": "FS_Report_009 - User belum mengerjakan apapun",
          "fullFile": "",
          "file": "",
          "beforeHooks": [],
          "afterHooks": [],
          "tests": [
            {
              "title": "User belum mengerjakan apapun",
              "fullTitle": "FS_Report_009 - User belum mengerjakan apapun User belum mengerjakan apapun",
              "timedOut": null,
              "duration": 6474,
              "state": "passed",
              "speed": "medium",
              "pass": true,
              "fail": false,
              "pending": false,
              "context": null,
              "code": "Cypress.on('uncaught:exception', () => false);\ncy.clearCookies();\ncy.clearLocalStorage();\ncy.visit('/login');\ncy.get('input[name=\"email\"]').type('akunbaru@test.com');\ncy.get('input[name=\"password\"]').type('akunbaru12');\ncy.get('button[type=\"submit\"]').click();\n// jangan terlalu keras validasi URL (karena kadang redirect aneh)\ncy.contains('My Report', {\n  timeout: 10000\n}).click();\ncy.contains('0').should('exist');\ncy.contains('0%').should('exist');\ncy.get('body').should('not.contain', 'Detail');",
              "err": {},
              "uuid": "2e857f81-fc9e-4925-9953-717114cc4bb4",
              "parentUUID": "e1730b1d-edec-4e2e-8adb-801d19d429bd",
              "isHook": false,
              "skipped": false
            }
          ],
          "suites": [],
          "passes": [
            "2e857f81-fc9e-4925-9953-717114cc4bb4"
          ],
          "failures": [],
          "pending": [],
          "skipped": [],
          "duration": 6474,
          "root": false,
          "rootEmpty": false,
          "_timeout": 2000
        }
      ],
      "passes": [],
      "failures": [],
      "pending": [],
      "skipped": [],
      "duration": 0,
      "root": true,
      "rootEmpty": true,
      "_timeout": 2000
    }
  ],
  "meta": {
    "mocha": {
      "version": "7.2.0"
    },
    "mochawesome": {
      "options": {
        "quiet": false,
        "reportFilename": "mochawesome",
        "saveHtml": true,
        "saveJson": true,
        "consoleReporter": "spec",
        "useInlineDiffs": false,
        "code": true
      },
      "version": "7.1.4"
    },
    "marge": {
      "options": {
        "reportDir": "cypress/reports",
        "overwrite": false,
        "html": true,
        "json": true
      },
      "version": "6.3.2"
    }
  }
}