{
  "stats": {
    "suites": 1,
    "tests": 9,
    "passes": 9,
    "pending": 0,
    "failures": 0,
    "start": "2026-05-15T03:52:45.067Z",
    "end": "2026-05-15T03:53:22.719Z",
    "duration": 37652,
    "testsRegistered": 9,
    "passPercent": 100,
    "pendingPercent": 0,
    "other": 0,
    "hasOther": false,
    "skipped": 0,
    "hasSkipped": false
  },
  "results": [
    {
      "uuid": "6533fb58-94bb-4230-b2f7-41d1ce403b6a",
      "title": "",
      "fullFile": "cypress\\e2e\\functional-suitability\\myreport.cy.js",
      "file": "cypress\\e2e\\functional-suitability\\myreport.cy.js",
      "beforeHooks": [],
      "afterHooks": [],
      "tests": [],
      "suites": [
        {
          "uuid": "1946a202-e143-4039-993e-533f8d2d7ec2",
          "title": "My Report Feature",
          "fullFile": "",
          "file": "",
          "beforeHooks": [],
          "afterHooks": [],
          "tests": [
            {
              "title": "FS_Report_001 - Buka halaman My Report",
              "fullTitle": "My Report Feature FS_Report_001 - Buka halaman My Report",
              "timedOut": null,
              "duration": 5976,
              "state": "passed",
              "speed": "medium",
              "pass": true,
              "fail": false,
              "pending": false,
              "context": null,
              "code": "cy.contains('My Report').click();\ncy.url().should('include', '/report');\ncy.contains('My report').should('exist');",
              "err": {},
              "uuid": "b7a51b89-c51f-453b-9404-f7ff8f97badc",
              "parentUUID": "1946a202-e143-4039-993e-533f8d2d7ec2",
              "isHook": false,
              "skipped": false
            },
            {
              "title": "FS_Report_002 - Summary tampil",
              "fullTitle": "My Report Feature FS_Report_002 - Summary tampil",
              "timedOut": null,
              "duration": 1843,
              "state": "passed",
              "speed": "fast",
              "pass": true,
              "fail": false,
              "pending": false,
              "context": null,
              "code": "cy.contains('My Report').click();\ncy.contains('Your badge').should('exist');\ncy.contains('Your Score').should('exist');\ncy.contains('Your progress').should('exist');\ncy.contains('Finished test').should('exist');",
              "err": {},
              "uuid": "ea90594f-caf3-4558-9f27-b0ba7bae7c3a",
              "parentUUID": "1946a202-e143-4039-993e-533f8d2d7ec2",
              "isHook": false,
              "skipped": false
            },
            {
              "title": "FS_Report_003 - List report tampil",
              "fullTitle": "My Report Feature FS_Report_003 - List report tampil",
              "timedOut": null,
              "duration": 2108,
              "state": "passed",
              "speed": "fast",
              "pass": true,
              "fail": false,
              "pending": false,
              "context": null,
              "code": "cy.contains('My Report').click();\ncy.contains('Code Test Report').scrollIntoView();\ncy.contains('Errors').should('exist');\ncy.contains('Succes').should('exist');\ncy.contains('Read Score').should('exist');\ncy.contains('Coding Score').should('exist');\ncy.contains('Essay Score').should('exist');\ncy.contains('Detail').should('exist');",
              "err": {},
              "uuid": "386f020c-a92f-41ca-915b-ac96c87c474e",
              "parentUUID": "1946a202-e143-4039-993e-533f8d2d7ec2",
              "isHook": false,
              "skipped": false
            },
            {
              "title": "FS_Report_004 - Klik detail report",
              "fullTitle": "My Report Feature FS_Report_004 - Klik detail report",
              "timedOut": null,
              "duration": 3233,
              "state": "passed",
              "speed": "fast",
              "pass": true,
              "fail": false,
              "pending": false,
              "context": null,
              "code": "cy.contains('My Report').click();\ncy.contains('Detail').first().click();\ncy.url().should('include', 'detail');",
              "err": {},
              "uuid": "b01ceb70-794f-4fd3-b630-1b1622cf3802",
              "parentUUID": "1946a202-e143-4039-993e-533f8d2d7ec2",
              "isHook": false,
              "skipped": false
            },
            {
              "title": "FS_Report_005 - Detail report tampil",
              "fullTitle": "My Report Feature FS_Report_005 - Detail report tampil",
              "timedOut": null,
              "duration": 9738,
              "state": "passed",
              "speed": "medium",
              "pass": true,
              "fail": false,
              "pending": false,
              "context": null,
              "code": "cy.contains('My Report').click();\ncy.contains('Detail').first().click();\ncy.contains('Exercise Logs').should('exist');\ncy.get('body').then($body => {\n  const text = $body.text();\n  expect(text.includes('Success') || text.includes('Error')).to.be.true;\n});",
              "err": {},
              "uuid": "1055c761-7dab-44fc-ad40-a075a4419505",
              "parentUUID": "1946a202-e143-4039-993e-533f8d2d7ec2",
              "isHook": false,
              "skipped": false
            },
            {
              "title": "FS_Report_006 - Menampilkan log error (opsional)",
              "fullTitle": "My Report Feature FS_Report_006 - Menampilkan log error (opsional)",
              "timedOut": null,
              "duration": 2048,
              "state": "passed",
              "speed": "fast",
              "pass": true,
              "fail": false,
              "pending": false,
              "context": null,
              "code": "cy.contains('My Report').click();\ncy.contains('Detail').first().click();\ncy.get('body').then($body => {\n  if ($body.text().includes('Error')) {\n    cy.contains('Error').should('exist');\n  }\n});",
              "err": {},
              "uuid": "7691e3d0-3c6b-45b0-85e2-d4f7e104c4bf",
              "parentUUID": "1946a202-e143-4039-993e-533f8d2d7ec2",
              "isHook": false,
              "skipped": false
            },
            {
              "title": "FS_Report_007 - Menampilkan log success (opsional)",
              "fullTitle": "My Report Feature FS_Report_007 - Menampilkan log success (opsional)",
              "timedOut": null,
              "duration": 2045,
              "state": "passed",
              "speed": "fast",
              "pass": true,
              "fail": false,
              "pending": false,
              "context": null,
              "code": "cy.contains('My Report').click();\ncy.contains('Detail').first().click();\ncy.get('body').then($body => {\n  if ($body.text().includes('Success')) {\n    cy.contains('Success').should('exist');\n  }\n});",
              "err": {},
              "uuid": "fd3af608-9387-408f-ad10-7cd52300f73e",
              "parentUUID": "1946a202-e143-4039-993e-533f8d2d7ec2",
              "isHook": false,
              "skipped": false
            },
            {
              "title": "FS_Report_008 - Kembali ke halaman sebelumnya",
              "fullTitle": "My Report Feature FS_Report_008 - Kembali ke halaman sebelumnya",
              "timedOut": null,
              "duration": 2582,
              "state": "passed",
              "speed": "fast",
              "pass": true,
              "fail": false,
              "pending": false,
              "context": null,
              "code": "cy.contains('My Report').click();\ncy.contains('Detail').first().click();\ncy.go('back');\ncy.url().should('include', '/report');",
              "err": {},
              "uuid": "94b465c2-b61f-4e3b-b859-dea70719a337",
              "parentUUID": "1946a202-e143-4039-993e-533f8d2d7ec2",
              "isHook": false,
              "skipped": false
            },
            {
              "title": "FS_Report_010 - Validasi My Course vs My Report (LOGIC FIX)",
              "fullTitle": "My Report Feature FS_Report_010 - Validasi My Course vs My Report (LOGIC FIX)",
              "timedOut": null,
              "duration": 7705,
              "state": "passed",
              "speed": "medium",
              "pass": true,
              "fail": false,
              "pending": false,
              "context": null,
              "code": "// 1. Masuk My Course\ncy.contains('My Course').click();\ncy.contains('Start Lesson').first().click();\ncy.contains('Easy').parent().contains('Start Lesson').click();\ncy.wait(3000);\n// 2. Pastikan user sudah punya progress\ncy.get('body').then($body => {\n  const text = $body.text();\n  const match = text.match(/(\\d+)%/);\n  if (match) {\n    const progressCourse = parseInt(match[1]);\n    cy.log('Progress Course:', progressCourse);\n    expect(progressCourse).to.be.greaterThan(0);\n    // 3. Buka My Report\n    cy.contains('My Report').click();\n    cy.contains('Your progress').should('exist');\n    // 4. Ambil progress report\n    cy.get('body').then($report => {\n      const reportText = $report.text();\n      const matchReport = reportText.match(/(\\d+(\\.\\d+)?)\\s*%/);\n      if (matchReport) {\n        const progressReport = parseFloat(matchReport[1]);\n        cy.log('Progress Report:', progressReport);\n        // 5. VALIDASI LOGIKA (bukan equality)\n        expect(progressReport).to.be.greaterThan(0);\n      } else {\n        throw new Error('Progress report tidak ditemukan');\n      }\n    });\n  } else {\n    throw new Error('Progress course tidak ditemukan');\n  }\n});",
              "err": {},
              "uuid": "63c53e7b-eb0b-436b-a1cb-66cf943b6075",
              "parentUUID": "1946a202-e143-4039-993e-533f8d2d7ec2",
              "isHook": false,
              "skipped": false
            }
          ],
          "suites": [],
          "passes": [
            "b7a51b89-c51f-453b-9404-f7ff8f97badc",
            "ea90594f-caf3-4558-9f27-b0ba7bae7c3a",
            "386f020c-a92f-41ca-915b-ac96c87c474e",
            "b01ceb70-794f-4fd3-b630-1b1622cf3802",
            "1055c761-7dab-44fc-ad40-a075a4419505",
            "7691e3d0-3c6b-45b0-85e2-d4f7e104c4bf",
            "fd3af608-9387-408f-ad10-7cd52300f73e",
            "94b465c2-b61f-4e3b-b859-dea70719a337",
            "63c53e7b-eb0b-436b-a1cb-66cf943b6075"
          ],
          "failures": [],
          "pending": [],
          "skipped": [],
          "duration": 37278,
          "root": false,
          "rootEmpty": false,
          "_timeout": 2000
        }
      ],
      "passes": [],
      "failures": [],
      "pending": [],
      "skipped": [],
      "duration": 0,
      "root": true,
      "rootEmpty": true,
      "_timeout": 2000
    }
  ],
  "meta": {
    "mocha": {
      "version": "7.2.0"
    },
    "mochawesome": {
      "options": {
        "quiet": false,
        "reportFilename": "mochawesome",
        "saveHtml": true,
        "saveJson": true,
        "consoleReporter": "spec",
        "useInlineDiffs": false,
        "code": true
      },
      "version": "7.1.4"
    },
    "marge": {
      "options": {
        "reportDir": "cypress/reports",
        "overwrite": false,
        "html": true,
        "json": true
      },
      "version": "6.3.2"
    }
  }
}