{
  "stats": {
    "suites": 1,
    "tests": 1,
    "passes": 0,
    "pending": 0,
    "failures": 1,
    "start": "2026-05-10T11:16:15.860Z",
    "end": "2026-05-10T11:16:50.321Z",
    "duration": 34461,
    "testsRegistered": 11,
    "passPercent": 0,
    "pendingPercent": 0,
    "other": 0,
    "hasOther": false,
    "skipped": 10,
    "hasSkipped": true
  },
  "results": [
    {
      "uuid": "50f4a985-1915-43f8-85b2-e9656f3993ab",
      "title": "",
      "fullFile": "cypress\\e2e\\functional-suitability\\register.cy.js",
      "file": "cypress\\e2e\\functional-suitability\\register.cy.js",
      "beforeHooks": [],
      "afterHooks": [],
      "tests": [],
      "suites": [
        {
          "uuid": "363ce4c9-f059-4f6c-ac10-6589ffb887ad",
          "title": "Register Feature - Bajapro",
          "fullFile": "",
          "file": "",
          "beforeHooks": [],
          "afterHooks": [],
          "tests": [
            {
              "title": "FS_Register_001 - Register berhasil dengan data valid",
              "fullTitle": "Register Feature - Bajapro FS_Register_001 - Register berhasil dengan data valid",
              "timedOut": null,
              "duration": 11103,
              "state": "failed",
              "speed": null,
              "pass": false,
              "fail": true,
              "pending": false,
              "context": null,
              "code": "const email = `cimit${Date.now()}@test.com`;\ncy.register('Cimit', 'D4 Teknik Informatika', email, 'Cimit1234', 'Cimit1234');\ncy.url().should('not.include', '/register');",
              "err": {
                "message": "CypressError: `cy.visit()` failed trying to load:\n\nhttp://103.182.234.231:90/login\n\nWe attempted to make an http request to this URL but the request failed without a response.\n\nWe received this error at the network level:\n\n  > Error: connect ECONNREFUSED 103.182.234.231:90\n\nCommon situations why this would fail:\n  - you don't have internet access\n  - you forgot to run / boot your web server\n  - your web server isn't accessible\n  - you have weird network configuration settings on your computer\n\nBecause this error occurred during a `before each` hook we are skipping the remaining tests in the current suite: `Register Feature - Bajapro`",
                "estack": "CypressError: `cy.visit()` failed trying to load:\n\nhttp://103.182.234.231:90/login\n\nWe attempted to make an http request to this URL but the request failed without a response.\n\nWe received this error at the network level:\n\n  > Error: connect ECONNREFUSED 103.182.234.231:90\n\nCommon situations why this would fail:\n  - you don't have internet access\n  - you forgot to run / boot your web server\n  - your web server isn't accessible\n  - you have weird network configuration settings on your computer\n\nBecause this error occurred during a `before each` hook we are skipping the remaining tests in the current suite: `Register Feature - Bajapro`\n    at <unknown> (http://labai.polinema.ac.id:90/__cypress/runner/cypress_runner.js:134511:74)\n    at visitFailedByErr (http://labai.polinema.ac.id:90/__cypress/runner/cypress_runner.js:134085:12)\n    at <unknown> (http://labai.polinema.ac.id:90/__cypress/runner/cypress_runner.js:134510:11)\n    at tryCatcher (http://labai.polinema.ac.id:90/__cypress/runner/cypress_runner.js:1777:23)\n    at Promise._settlePromiseFromHandler (http://labai.polinema.ac.id:90/__cypress/runner/cypress_runner.js:1489:31)\n    at Promise._settlePromise (http://labai.polinema.ac.id:90/__cypress/runner/cypress_runner.js:1546:18)\n    at Promise._settlePromise0 (http://labai.polinema.ac.id:90/__cypress/runner/cypress_runner.js:1591:10)\n    at Promise._settlePromises (http://labai.polinema.ac.id:90/__cypress/runner/cypress_runner.js:1667:18)\n    at _drainQueueStep (http://labai.polinema.ac.id:90/__cypress/runner/cypress_runner.js:2377:12)\n    at _drainQueue (http://labai.polinema.ac.id:90/__cypress/runner/cypress_runner.js:2370:9)\n    at Async._drainQueues (http://labai.polinema.ac.id:90/__cypress/runner/cypress_runner.js:2386:5)\n    at Async.drainQueues (http://labai.polinema.ac.id:90/__cypress/runner/cypress_runner.js:2256:14)\nFrom Your Spec Code:\n    at Context.eval (webpack://test-bajapro/./cypress/e2e/functional-suitability/register.cy.js:8:7)\n\nFrom Node.js Internals:\n  Error: connect ECONNREFUSED 103.182.234.231:90\n      at TCPConnectWrap.afterConnect [as oncomplete] (node:net:1637:16)",
                "diff": null
              },
              "uuid": "c08b3027-4935-434a-9f5c-dfff9dc61d72",
              "parentUUID": "363ce4c9-f059-4f6c-ac10-6589ffb887ad",
              "isHook": false,
              "skipped": false
            },
            {
              "title": "FS_Register_002 - Semua field kosong",
              "fullTitle": "Register Feature - Bajapro FS_Register_002 - Semua field kosong",
              "timedOut": null,
              "duration": 0,
              "state": "skipped",
              "speed": null,
              "pass": false,
              "fail": false,
              "pending": false,
              "context": null,
              "code": "cy.get('button[type=\"submit\"]').click();\ncy.get('input[name=\"name\"]:invalid').should('exist');",
              "err": {},
              "uuid": "7bf895cb-156a-409d-89f5-7ba333a6d742",
              "parentUUID": "363ce4c9-f059-4f6c-ac10-6589ffb887ad",
              "isHook": false,
              "skipped": true
            },
            {
              "title": "FS_Register_003 - Full Name kosong",
              "fullTitle": "Register Feature - Bajapro FS_Register_003 - Full Name kosong",
              "timedOut": null,
              "duration": 0,
              "state": "skipped",
              "speed": null,
              "pass": false,
              "fail": false,
              "pending": false,
              "context": null,
              "code": "cy.get('select[name=\"class\"]').select('D4 Teknik Informatika');\ncy.get('input[name=\"email\"]').type('cimit@test.com');\ncy.get('input[name=\"password\"]').type('Cimit1234');\ncy.get('input[name=\"password_confirmation\"]').type('Cimit1234');\ncy.get('button[type=\"submit\"]').click();\ncy.get('input[name=\"name\"]:invalid').should('exist');",
              "err": {},
              "uuid": "52d85d92-89cf-4165-9a57-c0a777748853",
              "parentUUID": "363ce4c9-f059-4f6c-ac10-6589ffb887ad",
              "isHook": false,
              "skipped": true
            },
            {
              "title": "FS_Register_004 - Class tidak dipilih (tidak ada validasi UI)",
              "fullTitle": "Register Feature - Bajapro FS_Register_004 - Class tidak dipilih (tidak ada validasi UI)",
              "timedOut": null,
              "duration": 0,
              "state": "skipped",
              "speed": null,
              "pass": false,
              "fail": false,
              "pending": false,
              "context": null,
              "code": "cy.get('input[name=\"name\"]').type('Cimit');\ncy.get('input[name=\"email\"]').type(`cimit${Date.now()}@test.com`);\ncy.get('input[name=\"password\"]').type('Cimit1234');\ncy.get('input[name=\"password_confirmation\"]').type('Cimit1234');\ncy.get('button[type=\"submit\"]').click();\ncy.url().should('include', '/register');\ncy.get('form').should('exist');\n// VALIDASI UTAMA\n// 1. password reset\ncy.get('input[name=\"password\"]').should('have.value', '');\ncy.get('input[name=\"password_confirmation\"]').should('have.value', '');\n// 2. class belum dipilih user (cek selectedIndex)\ncy.get('select[name=\"class\"]').then($el => {\n  expect($el[0].selectedIndex).to.equal(0);\n});",
              "err": {},
              "uuid": "5d0e6218-f88d-4129-be4b-054264210eb2",
              "parentUUID": "363ce4c9-f059-4f6c-ac10-6589ffb887ad",
              "isHook": false,
              "skipped": true
            },
            {
              "title": "FS_Register_005 - Email kosong",
              "fullTitle": "Register Feature - Bajapro FS_Register_005 - Email kosong",
              "timedOut": null,
              "duration": 0,
              "state": "skipped",
              "speed": null,
              "pass": false,
              "fail": false,
              "pending": false,
              "context": null,
              "code": "cy.get('input[name=\"name\"]').type('Cimit');\ncy.get('select[name=\"class\"]').select('D4 Teknik Informatika');\ncy.get('input[name=\"password\"]').type('Cimit1234');\ncy.get('input[name=\"password_confirmation\"]').type('Cimit1234');\ncy.get('button[type=\"submit\"]').click();\ncy.get('input[name=\"email\"]:invalid').should('exist');",
              "err": {},
              "uuid": "4703247b-b814-44e7-836d-43c376305f0d",
              "parentUUID": "363ce4c9-f059-4f6c-ac10-6589ffb887ad",
              "isHook": false,
              "skipped": true
            },
            {
              "title": "FS_Register_006 - Password kosong",
              "fullTitle": "Register Feature - Bajapro FS_Register_006 - Password kosong",
              "timedOut": null,
              "duration": 0,
              "state": "skipped",
              "speed": null,
              "pass": false,
              "fail": false,
              "pending": false,
              "context": null,
              "code": "cy.get('input[name=\"name\"]').type('Cimit');\ncy.get('select[name=\"class\"]').select('D4 Teknik Informatika');\ncy.get('input[name=\"email\"]').type('cimit@test.com');\ncy.get('input[name=\"password_confirmation\"]').type('Cimit1234');\ncy.get('button[type=\"submit\"]').click();\ncy.get('input[name=\"password\"]:invalid').should('exist');",
              "err": {},
              "uuid": "d8f27808-cee4-4276-ba75-7018d8d8e543",
              "parentUUID": "363ce4c9-f059-4f6c-ac10-6589ffb887ad",
              "isHook": false,
              "skipped": true
            },
            {
              "title": "FS_Register_007 - Confirm Password kosong",
              "fullTitle": "Register Feature - Bajapro FS_Register_007 - Confirm Password kosong",
              "timedOut": null,
              "duration": 0,
              "state": "skipped",
              "speed": null,
              "pass": false,
              "fail": false,
              "pending": false,
              "context": null,
              "code": "cy.get('input[name=\"name\"]').type('Cimit');\ncy.get('select[name=\"class\"]').select('D4 Teknik Informatika');\ncy.get('input[name=\"email\"]').type('cimit@test.com');\ncy.get('input[name=\"password\"]').type('Cimit1234');\n// confirm password dikosongkan\ncy.get('button[type=\"submit\"]').click();\n// 1. tetap di halaman register\ncy.url().should('include', '/register');\n// 2. muncul error backend\ncy.contains('The password confirmation does not match').should('exist');",
              "err": {},
              "uuid": "a2ea2c93-1784-4cfc-94e2-c2e4169f3222",
              "parentUUID": "363ce4c9-f059-4f6c-ac10-6589ffb887ad",
              "isHook": false,
              "skipped": true
            },
            {
              "title": "FS_Register_008 - Email tidak valid",
              "fullTitle": "Register Feature - Bajapro FS_Register_008 - Email tidak valid",
              "timedOut": null,
              "duration": 0,
              "state": "skipped",
              "speed": null,
              "pass": false,
              "fail": false,
              "pending": false,
              "context": null,
              "code": "cy.register('Cimit', 'D4 Teknik Informatika', 'Cimit12', 'Cimit1234', 'Cimit1234');\ncy.get('input[name=\"email\"]:invalid').should('exist');",
              "err": {},
              "uuid": "9312a67d-31df-40ed-9777-a2a802578c66",
              "parentUUID": "363ce4c9-f059-4f6c-ac10-6589ffb887ad",
              "isHook": false,
              "skipped": true
            },
            {
              "title": "FS_Register_009 - Password tidak sama",
              "fullTitle": "Register Feature - Bajapro FS_Register_009 - Password tidak sama",
              "timedOut": null,
              "duration": 0,
              "state": "skipped",
              "speed": null,
              "pass": false,
              "fail": false,
              "pending": false,
              "context": null,
              "code": "cy.get('input[name=\"name\"]').type('Cimit');\ncy.get('select[name=\"class\"]').select('D4 Teknik Informatika');\ncy.get('input[name=\"email\"]').type(`cimit${Date.now()}@test.com`);\ncy.get('input[name=\"password\"]').type('Cimit123');\ncy.get('input[name=\"password_confirmation\"]').type('Cimit1234');\ncy.get('button[type=\"submit\"]').click();\n// 1. tetap di halaman register\ncy.url().should('include', '/register');\n// 2. error muncul\ncy.get('.invalid-feedback').contains('password').should('be.visible');\n// 3. password ke-reset\ncy.get('input[name=\"password\"]').should('have.value', '');\ncy.get('input[name=\"password_confirmation\"]').should('have.value', '');\n// 4. class kembali ke default (FIX DI SINI)\ncy.get('select[name=\"class\"]').should('have.value', 'Choose class');",
              "err": {},
              "uuid": "88e0d352-d9f9-4ebb-b38d-46a49a8c28ff",
              "parentUUID": "363ce4c9-f059-4f6c-ac10-6589ffb887ad",
              "isHook": false,
              "skipped": true
            },
            {
              "title": "FS_Register_010 - Email sudah terdaftar",
              "fullTitle": "Register Feature - Bajapro FS_Register_010 - Email sudah terdaftar",
              "timedOut": null,
              "duration": 0,
              "state": "skipped",
              "speed": null,
              "pass": false,
              "fail": false,
              "pending": false,
              "context": null,
              "code": "cy.register('Cimit', 'D4 Teknik Informatika', 'zulfanuha016@gmail.com', 'Cimit1234', 'Cimit1234');\ncy.contains('The email has already been taken').should('exist');",
              "err": {},
              "uuid": "2bd21ab9-6f51-4a2a-a7d6-3c2e390f105c",
              "parentUUID": "363ce4c9-f059-4f6c-ac10-6589ffb887ad",
              "isHook": false,
              "skipped": true
            },
            {
              "title": "FS_Register_011 - Pindah ke halaman login",
              "fullTitle": "Register Feature - Bajapro FS_Register_011 - Pindah ke halaman login",
              "timedOut": null,
              "duration": 0,
              "state": "skipped",
              "speed": null,
              "pass": false,
              "fail": false,
              "pending": false,
              "context": null,
              "code": "cy.contains('SignIn').should('be.visible').click();\ncy.url().should('include', '/login');",
              "err": {},
              "uuid": "404d0c7c-540b-4c10-b800-551f19986b42",
              "parentUUID": "363ce4c9-f059-4f6c-ac10-6589ffb887ad",
              "isHook": false,
              "skipped": true
            }
          ],
          "suites": [],
          "passes": [],
          "failures": [
            "c08b3027-4935-434a-9f5c-dfff9dc61d72"
          ],
          "pending": [],
          "skipped": [
            "7bf895cb-156a-409d-89f5-7ba333a6d742",
            "52d85d92-89cf-4165-9a57-c0a777748853",
            "5d0e6218-f88d-4129-be4b-054264210eb2",
            "4703247b-b814-44e7-836d-43c376305f0d",
            "d8f27808-cee4-4276-ba75-7018d8d8e543",
            "a2ea2c93-1784-4cfc-94e2-c2e4169f3222",
            "9312a67d-31df-40ed-9777-a2a802578c66",
            "88e0d352-d9f9-4ebb-b38d-46a49a8c28ff",
            "2bd21ab9-6f51-4a2a-a7d6-3c2e390f105c",
            "404d0c7c-540b-4c10-b800-551f19986b42"
          ],
          "duration": 11103,
          "root": false,
          "rootEmpty": false,
          "_timeout": 2000
        }
      ],
      "passes": [],
      "failures": [],
      "pending": [],
      "skipped": [],
      "duration": 0,
      "root": true,
      "rootEmpty": true,
      "_timeout": 2000
    }
  ],
  "meta": {
    "mocha": {
      "version": "7.2.0"
    },
    "mochawesome": {
      "options": {
        "quiet": false,
        "reportFilename": "mochawesome",
        "saveHtml": true,
        "saveJson": true,
        "consoleReporter": "spec",
        "useInlineDiffs": false,
        "code": true
      },
      "version": "7.1.4"
    },
    "marge": {
      "options": {
        "reportDir": "cypress/reports",
        "overwrite": false,
        "html": true,
        "json": true
      },
      "version": "6.3.2"
    }
  }
}