{
  "stats": {
    "suites": 1,
    "tests": 6,
    "passes": 6,
    "pending": 0,
    "failures": 0,
    "start": "2026-05-13T01:44:13.035Z",
    "end": "2026-05-13T01:44:34.074Z",
    "duration": 21039,
    "testsRegistered": 6,
    "passPercent": 100,
    "pendingPercent": 0,
    "other": 0,
    "hasOther": false,
    "skipped": 0,
    "hasSkipped": false
  },
  "results": [
    {
      "uuid": "be86f621-8c97-4dfc-832c-07b1e090c34f",
      "title": "",
      "fullFile": "cypress\\e2e\\functional-suitability\\dashboard.cy.js",
      "file": "cypress\\e2e\\functional-suitability\\dashboard.cy.js",
      "beforeHooks": [],
      "afterHooks": [],
      "tests": [],
      "suites": [
        {
          "uuid": "8751e686-623d-4618-8340-5338389700e6",
          "title": "Dashboard Feature",
          "fullFile": "",
          "file": "",
          "beforeHooks": [],
          "afterHooks": [],
          "tests": [
            {
              "title": "FS_Dashboard_001 - Halaman utama tampil",
              "fullTitle": "Dashboard Feature FS_Dashboard_001 - Halaman utama tampil",
              "timedOut": null,
              "duration": 4190,
              "state": "passed",
              "speed": "fast",
              "pass": true,
              "fail": false,
              "pending": false,
              "context": null,
              "code": "cy.url().should('not.include', '/login');\ncy.contains('Take Your Lesson now').should('exist');\n// pastikan ada card course\ncy.contains('Java').should('exist');",
              "err": {},
              "uuid": "ad20c611-4f9a-4614-869e-0222dd7ba501",
              "parentUUID": "8751e686-623d-4618-8340-5338389700e6",
              "isHook": false,
              "skipped": false
            },
            {
              "title": "FS_Dashboard_002 - Navigasi lewat logo",
              "fullTitle": "Dashboard Feature FS_Dashboard_002 - Navigasi lewat logo",
              "timedOut": null,
              "duration": 3075,
              "state": "passed",
              "speed": "fast",
              "pass": true,
              "fail": false,
              "pending": false,
              "context": null,
              "code": "// pindah dulu ke halaman lain\ncy.contains('My Course').click();\ncy.url().should('include', '/courses');\n// klik logo Bajapro\ncy.get('a#logo').click();\n// kembali ke dashboard\ncy.url().should('not.include', '/courses');\ncy.contains('Take Your Lesson now').should('exist');",
              "err": {},
              "uuid": "96e9ba6d-c4b7-4eac-8f29-b0081ee1c1c1",
              "parentUUID": "8751e686-623d-4618-8340-5338389700e6",
              "isHook": false,
              "skipped": false
            },
            {
              "title": "FS_Dashboard_003 - Card course tampil lengkap",
              "fullTitle": "Dashboard Feature FS_Dashboard_003 - Card course tampil lengkap",
              "timedOut": null,
              "duration": 1999,
              "state": "passed",
              "speed": "fast",
              "pass": true,
              "fail": false,
              "pending": false,
              "context": null,
              "code": "cy.contains('Java').should('exist');\n// jumlah lesson\ncy.contains('Lessons').should('exist');\n// jumlah student\ncy.contains('Students').should('exist');\n// tombol detail\ncy.contains('See Detail').should('exist');",
              "err": {},
              "uuid": "80022b26-3083-4ca8-80b9-1df8cbda6070",
              "parentUUID": "8751e686-623d-4618-8340-5338389700e6",
              "isHook": false,
              "skipped": false
            },
            {
              "title": "FS_Dashboard_004 - Buka detail course",
              "fullTitle": "Dashboard Feature FS_Dashboard_004 - Buka detail course",
              "timedOut": null,
              "duration": 2816,
              "state": "passed",
              "speed": "fast",
              "pass": true,
              "fail": false,
              "pending": false,
              "context": null,
              "code": "cy.contains('See Detail').click();\ncy.url().should('include', '/courses/detail');\ncy.contains('Lesson Content').should('exist');",
              "err": {},
              "uuid": "4ad51272-40ca-4b1b-ba5e-a92ac4ff7049",
              "parentUUID": "8751e686-623d-4618-8340-5338389700e6",
              "isHook": false,
              "skipped": false
            },
            {
              "title": "FS_Dashboard_005 - User baru melihat tombol Take",
              "fullTitle": "Dashboard Feature FS_Dashboard_005 - User baru melihat tombol Take",
              "timedOut": null,
              "duration": 4508,
              "state": "passed",
              "speed": "fast",
              "pass": true,
              "fail": false,
              "pending": false,
              "context": null,
              "code": "// logout dulu (kalau ada tombol logout)\ncy.contains('testing@gmail.com').click();\ncy.contains('Logout').click();\n// login akun baru\ncy.visit('/login');\ncy.get('input[name=\"email\"]').type('akunbaru@test.com');\ncy.get('input[name=\"password\"]').type('akunbaru12');\ncy.get('button[type=\"submit\"]').click();\ncy.contains('Take').should('exist');\ncy.contains('See Detail').should('exist');",
              "err": {},
              "uuid": "45966df8-6e59-498a-94c4-4324ec5cc567",
              "parentUUID": "8751e686-623d-4618-8340-5338389700e6",
              "isHook": false,
              "skipped": false
            },
            {
              "title": "FS_Dashboard_006 - Klik Take course",
              "fullTitle": "Dashboard Feature FS_Dashboard_006 - Klik Take course",
              "timedOut": null,
              "duration": 4171,
              "state": "passed",
              "speed": "fast",
              "pass": true,
              "fail": false,
              "pending": false,
              "context": null,
              "code": "// gunakan akun baru (biar tombol Take muncul)\ncy.clearCookies();\ncy.clearLocalStorage();\ncy.visit('/login');\ncy.get('input[name=\"email\"]').type('akunbaru@test.com');\ncy.get('input[name=\"password\"]').type('akunbaru12');\ncy.get('button[type=\"submit\"]').click();\ncy.contains('Take').first().click();\n// validasi notifikasi sukses\ncy.get('body').then($body => {\n  if ($body.text().toLowerCase().includes('success')) {\n    cy.contains(/success/i).should('exist');\n  } else {\n    cy.log('Notifikasi sukses tidak muncul (mungkin silent success)');\n  }\n});",
              "err": {},
              "uuid": "e6dde1e0-a2c8-41be-8e97-76fb428fda27",
              "parentUUID": "8751e686-623d-4618-8340-5338389700e6",
              "isHook": false,
              "skipped": false
            }
          ],
          "suites": [],
          "passes": [
            "ad20c611-4f9a-4614-869e-0222dd7ba501",
            "96e9ba6d-c4b7-4eac-8f29-b0081ee1c1c1",
            "80022b26-3083-4ca8-80b9-1df8cbda6070",
            "4ad51272-40ca-4b1b-ba5e-a92ac4ff7049",
            "45966df8-6e59-498a-94c4-4324ec5cc567",
            "e6dde1e0-a2c8-41be-8e97-76fb428fda27"
          ],
          "failures": [],
          "pending": [],
          "skipped": [],
          "duration": 20759,
          "root": false,
          "rootEmpty": false,
          "_timeout": 2000
        }
      ],
      "passes": [],
      "failures": [],
      "pending": [],
      "skipped": [],
      "duration": 0,
      "root": true,
      "rootEmpty": true,
      "_timeout": 2000
    }
  ],
  "meta": {
    "mocha": {
      "version": "7.2.0"
    },
    "mochawesome": {
      "options": {
        "quiet": false,
        "reportFilename": "mochawesome",
        "saveHtml": true,
        "saveJson": true,
        "consoleReporter": "spec",
        "useInlineDiffs": false,
        "code": true
      },
      "version": "7.1.4"
    },
    "marge": {
      "options": {
        "reportDir": "cypress/reports",
        "overwrite": false,
        "html": true,
        "json": true
      },
      "version": "6.3.2"
    }
  }
}