{
  "stats": {
    "suites": 1,
    "tests": 8,
    "passes": 8,
    "pending": 0,
    "failures": 0,
    "start": "2026-05-10T11:06:53.084Z",
    "end": "2026-05-10T11:08:50.709Z",
    "duration": 117625,
    "testsRegistered": 8,
    "passPercent": 100,
    "pendingPercent": 0,
    "other": 0,
    "hasOther": false,
    "skipped": 0,
    "hasSkipped": false
  },
  "results": [
    {
      "uuid": "54219069-32ae-46b6-bd7f-666208fdd059",
      "title": "",
      "fullFile": "cypress\\e2e\\functional-suitability\\leaderboard.cy.js",
      "file": "cypress\\e2e\\functional-suitability\\leaderboard.cy.js",
      "beforeHooks": [],
      "afterHooks": [],
      "tests": [],
      "suites": [
        {
          "uuid": "f2caba54-9c06-4c16-aad8-58f622845c79",
          "title": "Leaderboard Feature (FULL TEST)",
          "fullFile": "",
          "file": "",
          "beforeHooks": [],
          "afterHooks": [],
          "tests": [
            {
              "title": "FS_Leaderboard_001 - Buka halaman leaderboard",
              "fullTitle": "Leaderboard Feature (FULL TEST) FS_Leaderboard_001 - Buka halaman leaderboard",
              "timedOut": null,
              "duration": 7071,
              "state": "passed",
              "speed": "medium",
              "pass": true,
              "fail": false,
              "pending": false,
              "context": null,
              "code": "cy.contains('Leaderboard').click();\ncy.url().should('include', '/leaderboard');\ncy.contains('Leaderboard').should('exist');",
              "err": {},
              "uuid": "8584eded-9f41-44cc-98b0-51d1c4212c25",
              "parentUUID": "f2caba54-9c06-4c16-aad8-58f622845c79",
              "isHook": false,
              "skipped": false
            },
            {
              "title": "FS_Leaderboard_002 - Tabel leaderboard tampil",
              "fullTitle": "Leaderboard Feature (FULL TEST) FS_Leaderboard_002 - Tabel leaderboard tampil",
              "timedOut": null,
              "duration": 5889,
              "state": "passed",
              "speed": "medium",
              "pass": true,
              "fail": false,
              "pending": false,
              "context": null,
              "code": "cy.contains('Leaderboard').click();\ncy.get('#leaderboard-table').should('exist');\ncy.get('#leaderboard-table tbody tr').should('have.length.greaterThan', 0);",
              "err": {},
              "uuid": "baeec224-cc7e-4683-998e-b1412845c115",
              "parentUUID": "f2caba54-9c06-4c16-aad8-58f622845c79",
              "isHook": false,
              "skipped": false
            },
            {
              "title": "FS_Leaderboard_003 - Header tabel lengkap",
              "fullTitle": "Leaderboard Feature (FULL TEST) FS_Leaderboard_003 - Header tabel lengkap",
              "timedOut": null,
              "duration": 7287,
              "state": "passed",
              "speed": "medium",
              "pass": true,
              "fail": false,
              "pending": false,
              "context": null,
              "code": "cy.contains('Leaderboard').click();\ncy.contains('No').should('exist');\ncy.contains('Badge Name').should('exist');\ncy.contains('Badge').should('exist');\ncy.contains('Name').should('exist');\ncy.contains('Class').should('exist');\ncy.contains('Score').should('exist');",
              "err": {},
              "uuid": "b890aaed-64be-4ab6-a23d-d63822236a39",
              "parentUUID": "f2caba54-9c06-4c16-aad8-58f622845c79",
              "isHook": false,
              "skipped": false
            },
            {
              "title": "FS_Leaderboard_004 - Ranking sesuai score (DESC)",
              "fullTitle": "Leaderboard Feature (FULL TEST) FS_Leaderboard_004 - Ranking sesuai score (DESC)",
              "timedOut": null,
              "duration": 10434,
              "state": "passed",
              "speed": "slow",
              "pass": true,
              "fail": false,
              "pending": false,
              "context": null,
              "code": "cy.contains('Leaderboard').click();\nconst scores = [];\ncy.get('#leaderboard-table tbody tr').each($row => {\n  cy.wrap($row).find('td').eq(5) // kolom score\n  .invoke('text').then(text => {\n    const score = parseInt(text.trim());\n    scores.push(score);\n  });\n}).then(() => {\n  const sorted = [...scores].sort((a, b) => b - a);\n  expect(scores).to.deep.equal(sorted);\n});",
              "err": {},
              "uuid": "cf7a8d63-6280-4d4b-a749-3081d97b6288",
              "parentUUID": "f2caba54-9c06-4c16-aad8-58f622845c79",
              "isHook": false,
              "skipped": false
            },
            {
              "title": "FS_Leaderboard_005 - Badge tampil",
              "fullTitle": "Leaderboard Feature (FULL TEST) FS_Leaderboard_005 - Badge tampil",
              "timedOut": null,
              "duration": 14004,
              "state": "passed",
              "speed": "slow",
              "pass": true,
              "fail": false,
              "pending": false,
              "context": null,
              "code": "cy.contains('Leaderboard').click();\ncy.get('#leaderboard-table tbody tr').each($row => {\n  cy.wrap($row).find('td').eq(2) // kolom badge\n  .find('img').should('exist');\n});",
              "err": {},
              "uuid": "67cc4991-15bf-4d7f-86f6-c7cf862f47c3",
              "parentUUID": "f2caba54-9c06-4c16-aad8-58f622845c79",
              "isHook": false,
              "skipped": false
            },
            {
              "title": "FS_Leaderboard_006 - Name wajib, Class opsional",
              "fullTitle": "Leaderboard Feature (FULL TEST) FS_Leaderboard_006 - Name wajib, Class opsional",
              "timedOut": null,
              "duration": 25161,
              "state": "passed",
              "speed": "slow",
              "pass": true,
              "fail": false,
              "pending": false,
              "context": null,
              "code": "cy.contains('Leaderboard').click();\ncy.get('#leaderboard-table tbody tr').each($row => {\n  cy.wrap($row).within(() => {\n    // Name wajib\n    cy.get('td').eq(3).should('not.be.empty');\n    // Class opsional → cukup cek element ada\n    cy.get('td').eq(4).should('exist');\n  });\n});",
              "err": {},
              "uuid": "95073fba-98b2-49ef-8942-d70c1402ebeb",
              "parentUUID": "f2caba54-9c06-4c16-aad8-58f622845c79",
              "isHook": false,
              "skipped": false
            },
            {
              "title": "FS_Leaderboard_007 - Scroll leaderboard",
              "fullTitle": "Leaderboard Feature (FULL TEST) FS_Leaderboard_007 - Scroll leaderboard",
              "timedOut": null,
              "duration": 15250,
              "state": "passed",
              "speed": "slow",
              "pass": true,
              "fail": false,
              "pending": false,
              "context": null,
              "code": "cy.contains('Leaderboard').click();\ncy.scrollTo('bottom');\ncy.get('#leaderboard-table tbody tr').last().should('be.visible');",
              "err": {},
              "uuid": "d13a74d4-1909-43c9-a504-b5ea31070acc",
              "parentUUID": "f2caba54-9c06-4c16-aad8-58f622845c79",
              "isHook": false,
              "skipped": false
            },
            {
              "title": "FS_Leaderboard_008 - Validasi score dengan My Report",
              "fullTitle": "Leaderboard Feature (FULL TEST) FS_Leaderboard_008 - Validasi score dengan My Report",
              "timedOut": null,
              "duration": 4386,
              "state": "passed",
              "speed": "fast",
              "pass": true,
              "fail": false,
              "pending": false,
              "context": null,
              "code": "// ambil score dari My Report\ncy.contains('My Report').click();\ncy.contains('Your Score').should('exist');\ncy.get('body').then($body => {\n  const text = $body.text();\n  const match = text.match(/\\d+/);\n  if (match) {\n    const myScore = match[0];\n    cy.log('My Score:', myScore);\n    // buka leaderboard\n    cy.contains('Leaderboard').click();\n    // cek score muncul di leaderboard\n    cy.contains(myScore).should('exist');\n  } else {\n    cy.log('Score tidak ditemukan di My Report');\n  }\n});",
              "err": {},
              "uuid": "9dc1109c-1ad5-4d7d-834a-801b218b130c",
              "parentUUID": "f2caba54-9c06-4c16-aad8-58f622845c79",
              "isHook": false,
              "skipped": false
            }
          ],
          "suites": [],
          "passes": [
            "8584eded-9f41-44cc-98b0-51d1c4212c25",
            "baeec224-cc7e-4683-998e-b1412845c115",
            "b890aaed-64be-4ab6-a23d-d63822236a39",
            "cf7a8d63-6280-4d4b-a749-3081d97b6288",
            "67cc4991-15bf-4d7f-86f6-c7cf862f47c3",
            "95073fba-98b2-49ef-8942-d70c1402ebeb",
            "d13a74d4-1909-43c9-a504-b5ea31070acc",
            "9dc1109c-1ad5-4d7d-834a-801b218b130c"
          ],
          "failures": [],
          "pending": [],
          "skipped": [],
          "duration": 89482,
          "root": false,
          "rootEmpty": false,
          "_timeout": 2000
        }
      ],
      "passes": [],
      "failures": [],
      "pending": [],
      "skipped": [],
      "duration": 0,
      "root": true,
      "rootEmpty": true,
      "_timeout": 2000
    }
  ],
  "meta": {
    "mocha": {
      "version": "7.2.0"
    },
    "mochawesome": {
      "options": {
        "quiet": false,
        "reportFilename": "mochawesome",
        "saveHtml": true,
        "saveJson": true,
        "consoleReporter": "spec",
        "useInlineDiffs": false,
        "code": true
      },
      "version": "7.1.4"
    },
    "marge": {
      "options": {
        "reportDir": "cypress/reports",
        "overwrite": false,
        "html": true,
        "json": true
      },
      "version": "6.3.2"
    }
  }
}