{
  "stats": {
    "suites": 1,
    "tests": 1,
    "passes": 1,
    "pending": 0,
    "failures": 0,
    "start": "2026-05-10T11:16:55.598Z",
    "end": "2026-05-10T11:17:09.398Z",
    "duration": 13800,
    "testsRegistered": 1,
    "passPercent": 100,
    "pendingPercent": 0,
    "other": 0,
    "hasOther": false,
    "skipped": 0,
    "hasSkipped": false
  },
  "results": [
    {
      "uuid": "98b7de14-40eb-43aa-bbb9-00ff993e1417",
      "title": "",
      "fullFile": "cypress\\e2e\\functional-suitability\\start_lesson.cy.js",
      "file": "cypress\\e2e\\functional-suitability\\start_lesson.cy.js",
      "beforeHooks": [],
      "afterHooks": [],
      "tests": [],
      "suites": [
        {
          "uuid": "3db517fd-79c8-4f57-9bda-e58a43028ebb",
          "title": "Flow Memulai Pelajaran (Start Lesson)",
          "fullFile": "",
          "file": "",
          "beforeHooks": [],
          "afterHooks": [],
          "tests": [
            {
              "title": "User dapat memilih Course Java lalu masuk ke Level Easy",
              "fullTitle": "Flow Memulai Pelajaran (Start Lesson) User dapat memilih Course Java lalu masuk ke Level Easy",
              "timedOut": null,
              "duration": 13527,
              "state": "passed",
              "speed": "slow",
              "pass": true,
              "fail": false,
              "pending": false,
              "context": null,
              "code": "cy.contains('.card', 'Java') // Cari kotak kartu Java\n.contains('Start Lesson') // Cari teks Start Lesson di dalam kotak itu\n.click();\ncy.url({\n  timeout: 20000\n}).should('include', '/courses/level');\ncy.contains('h2', 'Start Your Lesson now').should('be.visible');\n// 3. Validasi ada 3 Pilihan Level (Easy, Medium, Hard)\ncy.contains('Easy').should('be.visible');\ncy.contains('Medium').should('be.visible');\ncy.contains('Hard').should('be.visible');\ncy.contains('.card', 'Easy').find('a.btn-primary') // Cari elemen <a> dengan class btn-primary (tombol biru)\n.should('contain', 'Start Lesson').click();\n// Berdasarkan inspect element Gambar 2, href Easy mengarah ke .../detail/1\ncy.url({\n  timeout: 30000\n}).should('include', '/detail/');\n// (Opsional) Pastikan tidak ada error 404/500\ncy.get('body').should('not.contain', '404 Not Found');",
              "err": {},
              "uuid": "1d787b87-30dd-42fe-987e-7e2409eba8e6",
              "parentUUID": "3db517fd-79c8-4f57-9bda-e58a43028ebb",
              "isHook": false,
              "skipped": false
            }
          ],
          "suites": [],
          "passes": [
            "1d787b87-30dd-42fe-987e-7e2409eba8e6"
          ],
          "failures": [],
          "pending": [],
          "skipped": [],
          "duration": 13527,
          "root": false,
          "rootEmpty": false,
          "_timeout": 2000
        }
      ],
      "passes": [],
      "failures": [],
      "pending": [],
      "skipped": [],
      "duration": 0,
      "root": true,
      "rootEmpty": true,
      "_timeout": 2000
    }
  ],
  "meta": {
    "mocha": {
      "version": "7.2.0"
    },
    "mochawesome": {
      "options": {
        "quiet": false,
        "reportFilename": "mochawesome",
        "saveHtml": true,
        "saveJson": true,
        "consoleReporter": "spec",
        "useInlineDiffs": false,
        "code": true
      },
      "version": "7.1.4"
    },
    "marge": {
      "options": {
        "reportDir": "cypress/reports",
        "overwrite": false,
        "html": true,
        "json": true
      },
      "version": "6.3.2"
    }
  }
}