{
  "stats": {
    "suites": 1,
    "tests": 7,
    "passes": 7,
    "pending": 0,
    "failures": 0,
    "start": "2026-05-13T15:09:18.909Z",
    "end": "2026-05-13T15:09:39.790Z",
    "duration": 20881,
    "testsRegistered": 7,
    "passPercent": 100,
    "pendingPercent": 0,
    "other": 0,
    "hasOther": false,
    "skipped": 0,
    "hasSkipped": false
  },
  "results": [
    {
      "uuid": "7be19a71-4a85-4fe5-a561-ff13696e2d9a",
      "title": "",
      "fullFile": "cypress\\e2e\\functional-suitability\\login.cy.js",
      "file": "cypress\\e2e\\functional-suitability\\login.cy.js",
      "beforeHooks": [],
      "afterHooks": [],
      "tests": [],
      "suites": [
        {
          "uuid": "58d7db33-99c1-469e-bba2-e90c64053916",
          "title": "Login Feature - Bajapro",
          "fullFile": "",
          "file": "",
          "beforeHooks": [],
          "afterHooks": [],
          "tests": [
            {
              "title": "FS_Login_001 - Login berhasil dengan data valid",
              "fullTitle": "Login Feature - Bajapro FS_Login_001 - Login berhasil dengan data valid",
              "timedOut": null,
              "duration": 3703,
              "state": "passed",
              "speed": "fast",
              "pass": true,
              "fail": false,
              "pending": false,
              "context": null,
              "code": "cy.login('zulfanuha016@gmail.com', 'Zulfanuha14');\ncy.url().should('not.include', '/login');",
              "err": {},
              "uuid": "f3dbc6f5-a8cf-4848-8d73-6438b043e63e",
              "parentUUID": "58d7db33-99c1-469e-bba2-e90c64053916",
              "isHook": false,
              "skipped": false
            },
            {
              "title": "FS_Login_002 - Email salah",
              "fullTitle": "Login Feature - Bajapro FS_Login_002 - Email salah",
              "timedOut": null,
              "duration": 5374,
              "state": "passed",
              "speed": "medium",
              "pass": true,
              "fail": false,
              "pending": false,
              "context": null,
              "code": "cy.login('salah@test.com', 'Zulfanuha14');\ncy.contains('These credentials do not match our records').should('be.visible');",
              "err": {},
              "uuid": "4d95b016-76ce-442d-a7f4-ea362a4fb344",
              "parentUUID": "58d7db33-99c1-469e-bba2-e90c64053916",
              "isHook": false,
              "skipped": false
            },
            {
              "title": "FS_Login_003 - Password salah",
              "fullTitle": "Login Feature - Bajapro FS_Login_003 - Password salah",
              "timedOut": null,
              "duration": 3605,
              "state": "passed",
              "speed": "fast",
              "pass": true,
              "fail": false,
              "pending": false,
              "context": null,
              "code": "cy.login('zulfanuha016@gmail.com', 'SalahPassword');\ncy.contains('These credentials do not match our records').should('be.visible');",
              "err": {},
              "uuid": "733b1cea-b075-48f1-b222-9b2db3e48e88",
              "parentUUID": "58d7db33-99c1-469e-bba2-e90c64053916",
              "isHook": false,
              "skipped": false
            },
            {
              "title": "FS_Login_004 - Semua field kosong",
              "fullTitle": "Login Feature - Bajapro FS_Login_004 - Semua field kosong",
              "timedOut": null,
              "duration": 934,
              "state": "passed",
              "speed": "fast",
              "pass": true,
              "fail": false,
              "pending": false,
              "context": null,
              "code": "cy.get('button[type=\"submit\"]').click();\ncy.get('input[name=\"email\"]:invalid').should('exist');",
              "err": {},
              "uuid": "e6f73234-8763-4529-8303-eb99fb9cf9a3",
              "parentUUID": "58d7db33-99c1-469e-bba2-e90c64053916",
              "isHook": false,
              "skipped": false
            },
            {
              "title": "FS_Login_005 - Email kosong",
              "fullTitle": "Login Feature - Bajapro FS_Login_005 - Email kosong",
              "timedOut": null,
              "duration": 1408,
              "state": "passed",
              "speed": "fast",
              "pass": true,
              "fail": false,
              "pending": false,
              "context": null,
              "code": "cy.get('input[name=\"password\"]').type('Zulfanuha14');\ncy.get('button[type=\"submit\"]').click();\ncy.get('input[name=\"email\"]:invalid').should('exist');",
              "err": {},
              "uuid": "8e949ab5-d51b-4372-b4f9-8b78468b105b",
              "parentUUID": "58d7db33-99c1-469e-bba2-e90c64053916",
              "isHook": false,
              "skipped": false
            },
            {
              "title": "FS_Login_006 - Password kosong",
              "fullTitle": "Login Feature - Bajapro FS_Login_006 - Password kosong",
              "timedOut": null,
              "duration": 1651,
              "state": "passed",
              "speed": "fast",
              "pass": true,
              "fail": false,
              "pending": false,
              "context": null,
              "code": "cy.get('input[name=\"email\"]').type('zulfanuha016@gmail.com');\ncy.get('button[type=\"submit\"]').click();\ncy.get('input[name=\"password\"]:invalid').should('exist');",
              "err": {},
              "uuid": "8d00e7a4-bffe-4710-bd3a-a19b478a5993",
              "parentUUID": "58d7db33-99c1-469e-bba2-e90c64053916",
              "isHook": false,
              "skipped": false
            },
            {
              "title": "FS_Login_007 - Pindah ke halaman register",
              "fullTitle": "Login Feature - Bajapro FS_Login_007 - Pindah ke halaman register",
              "timedOut": null,
              "duration": 1991,
              "state": "passed",
              "speed": "fast",
              "pass": true,
              "fail": false,
              "pending": false,
              "context": null,
              "code": "cy.contains(/don't have an account/i).should('be.visible').click();\ncy.url().should('include', '/register');",
              "err": {},
              "uuid": "a6aa8c15-44f2-4948-a29c-05a42dc9f139",
              "parentUUID": "58d7db33-99c1-469e-bba2-e90c64053916",
              "isHook": false,
              "skipped": false
            }
          ],
          "suites": [],
          "passes": [
            "f3dbc6f5-a8cf-4848-8d73-6438b043e63e",
            "4d95b016-76ce-442d-a7f4-ea362a4fb344",
            "733b1cea-b075-48f1-b222-9b2db3e48e88",
            "e6f73234-8763-4529-8303-eb99fb9cf9a3",
            "8e949ab5-d51b-4372-b4f9-8b78468b105b",
            "8d00e7a4-bffe-4710-bd3a-a19b478a5993",
            "a6aa8c15-44f2-4948-a29c-05a42dc9f139"
          ],
          "failures": [],
          "pending": [],
          "skipped": [],
          "duration": 18666,
          "root": false,
          "rootEmpty": false,
          "_timeout": 2000
        }
      ],
      "passes": [],
      "failures": [],
      "pending": [],
      "skipped": [],
      "duration": 0,
      "root": true,
      "rootEmpty": true,
      "_timeout": 2000
    }
  ],
  "meta": {
    "mocha": {
      "version": "7.2.0"
    },
    "mochawesome": {
      "options": {
        "quiet": false,
        "reportFilename": "mochawesome",
        "saveHtml": true,
        "saveJson": true,
        "consoleReporter": "spec",
        "useInlineDiffs": false,
        "code": true
      },
      "version": "7.1.4"
    },
    "marge": {
      "options": {
        "reportDir": "cypress/reports",
        "overwrite": false,
        "html": true,
        "json": true
      },
      "version": "6.3.2"
    }
  }
}