{
  "stats": {
    "suites": 1,
    "tests": 9,
    "passes": 9,
    "pending": 0,
    "failures": 0,
    "start": "2026-05-13T01:53:48.145Z",
    "end": "2026-05-13T01:54:38.784Z",
    "duration": 50639,
    "testsRegistered": 9,
    "passPercent": 100,
    "pendingPercent": 0,
    "other": 0,
    "hasOther": false,
    "skipped": 0,
    "hasSkipped": false
  },
  "results": [
    {
      "uuid": "0733e597-d45a-4340-8d4a-0ff4018a8971",
      "title": "",
      "fullFile": "cypress\\e2e\\functional-suitability\\myreport.cy.js",
      "file": "cypress\\e2e\\functional-suitability\\myreport.cy.js",
      "beforeHooks": [],
      "afterHooks": [],
      "tests": [],
      "suites": [
        {
          "uuid": "8372553b-e218-4b8f-b665-02c7cc66ba56",
          "title": "My Report Feature",
          "fullFile": "",
          "file": "",
          "beforeHooks": [],
          "afterHooks": [],
          "tests": [
            {
              "title": "FS_Report_001 - Buka halaman My Report",
              "fullTitle": "My Report Feature FS_Report_001 - Buka halaman My Report",
              "timedOut": null,
              "duration": 7746,
              "state": "passed",
              "speed": "medium",
              "pass": true,
              "fail": false,
              "pending": false,
              "context": null,
              "code": "cy.contains('My Report').click();\ncy.url().should('include', '/report');\ncy.contains('My report').should('exist');",
              "err": {},
              "uuid": "8507a83c-3d5e-4074-b828-590698af21e3",
              "parentUUID": "8372553b-e218-4b8f-b665-02c7cc66ba56",
              "isHook": false,
              "skipped": false
            },
            {
              "title": "FS_Report_002 - Summary tampil",
              "fullTitle": "My Report Feature FS_Report_002 - Summary tampil",
              "timedOut": null,
              "duration": 4717,
              "state": "passed",
              "speed": "fast",
              "pass": true,
              "fail": false,
              "pending": false,
              "context": null,
              "code": "cy.contains('My Report').click();\ncy.contains('Your badge').should('exist');\ncy.contains('Your Score').should('exist');\ncy.contains('Your progress').should('exist');\ncy.contains('Finished test').should('exist');",
              "err": {},
              "uuid": "1df9e3ff-43f8-4d25-a774-5f143ded9ea0",
              "parentUUID": "8372553b-e218-4b8f-b665-02c7cc66ba56",
              "isHook": false,
              "skipped": false
            },
            {
              "title": "FS_Report_003 - List report tampil",
              "fullTitle": "My Report Feature FS_Report_003 - List report tampil",
              "timedOut": null,
              "duration": 3435,
              "state": "passed",
              "speed": "fast",
              "pass": true,
              "fail": false,
              "pending": false,
              "context": null,
              "code": "cy.contains('My Report').click();\ncy.contains('Code Test Report').scrollIntoView();\ncy.contains('Errors').should('exist');\ncy.contains('Succes').should('exist');\ncy.contains('Read Score').should('exist');\ncy.contains('Coding Score').should('exist');\ncy.contains('Essay Score').should('exist');\ncy.contains('Detail').should('exist');",
              "err": {},
              "uuid": "681433b9-637e-4290-a5e8-1e61de393be8",
              "parentUUID": "8372553b-e218-4b8f-b665-02c7cc66ba56",
              "isHook": false,
              "skipped": false
            },
            {
              "title": "FS_Report_004 - Klik detail report",
              "fullTitle": "My Report Feature FS_Report_004 - Klik detail report",
              "timedOut": null,
              "duration": 4554,
              "state": "passed",
              "speed": "fast",
              "pass": true,
              "fail": false,
              "pending": false,
              "context": null,
              "code": "cy.contains('My Report').click();\ncy.contains('Detail').first().click();\ncy.url().should('include', 'detail');",
              "err": {},
              "uuid": "ca1aac61-5dd3-4603-a59e-078f22bb33d7",
              "parentUUID": "8372553b-e218-4b8f-b665-02c7cc66ba56",
              "isHook": false,
              "skipped": false
            },
            {
              "title": "FS_Report_005 - Detail report tampil",
              "fullTitle": "My Report Feature FS_Report_005 - Detail report tampil",
              "timedOut": null,
              "duration": 3341,
              "state": "passed",
              "speed": "fast",
              "pass": true,
              "fail": false,
              "pending": false,
              "context": null,
              "code": "cy.contains('My Report').click();\ncy.contains('Detail').first().click();\ncy.contains('Exercise Logs').should('exist');\ncy.get('body').then($body => {\n  const text = $body.text();\n  expect(text.includes('Success') || text.includes('Error')).to.be.true;\n});",
              "err": {},
              "uuid": "7d12327c-a273-4183-9e95-b8d38f54ca74",
              "parentUUID": "8372553b-e218-4b8f-b665-02c7cc66ba56",
              "isHook": false,
              "skipped": false
            },
            {
              "title": "FS_Report_006 - Menampilkan log error (opsional)",
              "fullTitle": "My Report Feature FS_Report_006 - Menampilkan log error (opsional)",
              "timedOut": null,
              "duration": 3288,
              "state": "passed",
              "speed": "fast",
              "pass": true,
              "fail": false,
              "pending": false,
              "context": null,
              "code": "cy.contains('My Report').click();\ncy.contains('Detail').first().click();\ncy.get('body').then($body => {\n  if ($body.text().includes('Error')) {\n    cy.contains('Error').should('exist');\n  }\n});",
              "err": {},
              "uuid": "1dca2a7b-f63b-4b02-91c5-982c2eb9b6df",
              "parentUUID": "8372553b-e218-4b8f-b665-02c7cc66ba56",
              "isHook": false,
              "skipped": false
            },
            {
              "title": "FS_Report_007 - Menampilkan log success (opsional)",
              "fullTitle": "My Report Feature FS_Report_007 - Menampilkan log success (opsional)",
              "timedOut": null,
              "duration": 5015,
              "state": "passed",
              "speed": "medium",
              "pass": true,
              "fail": false,
              "pending": false,
              "context": null,
              "code": "cy.contains('My Report').click();\ncy.contains('Detail').first().click();\ncy.get('body').then($body => {\n  if ($body.text().includes('Success')) {\n    cy.contains('Success').should('exist');\n  }\n});",
              "err": {},
              "uuid": "6bcdeafd-0526-4442-a068-9bf8fea915a9",
              "parentUUID": "8372553b-e218-4b8f-b665-02c7cc66ba56",
              "isHook": false,
              "skipped": false
            },
            {
              "title": "FS_Report_008 - Kembali ke halaman sebelumnya",
              "fullTitle": "My Report Feature FS_Report_008 - Kembali ke halaman sebelumnya",
              "timedOut": null,
              "duration": 5794,
              "state": "passed",
              "speed": "medium",
              "pass": true,
              "fail": false,
              "pending": false,
              "context": null,
              "code": "cy.contains('My Report').click();\ncy.contains('Detail').first().click();\ncy.go('back');\ncy.url().should('include', '/report');",
              "err": {},
              "uuid": "a6aed4ea-d6bf-41e0-83c4-bc81a7896340",
              "parentUUID": "8372553b-e218-4b8f-b665-02c7cc66ba56",
              "isHook": false,
              "skipped": false
            },
            {
              "title": "FS_Report_010 - Validasi My Course vs My Report (LOGIC FIX)",
              "fullTitle": "My Report Feature FS_Report_010 - Validasi My Course vs My Report (LOGIC FIX)",
              "timedOut": null,
              "duration": 11631,
              "state": "passed",
              "speed": "slow",
              "pass": true,
              "fail": false,
              "pending": false,
              "context": null,
              "code": "// 1. Masuk My Course\ncy.contains('My Course').click();\ncy.contains('Start Lesson').first().click();\ncy.contains('Easy').parent().contains('Start Lesson').click();\ncy.wait(3000);\n// 2. Pastikan user sudah punya progress\ncy.get('body').then($body => {\n  const text = $body.text();\n  const match = text.match(/(\\d+)%/);\n  if (match) {\n    const progressCourse = parseInt(match[1]);\n    cy.log('Progress Course:', progressCourse);\n    expect(progressCourse).to.be.greaterThan(0);\n    // 3. Buka My Report\n    cy.contains('My Report').click();\n    cy.contains('Your progress').should('exist');\n    // 4. Ambil progress report\n    cy.get('body').then($report => {\n      const reportText = $report.text();\n      const matchReport = reportText.match(/(\\d+(\\.\\d+)?)\\s*%/);\n      if (matchReport) {\n        const progressReport = parseFloat(matchReport[1]);\n        cy.log('Progress Report:', progressReport);\n        // 5. VALIDASI LOGIKA (bukan equality)\n        expect(progressReport).to.be.greaterThan(0);\n      } else {\n        throw new Error('Progress report tidak ditemukan');\n      }\n    });\n  } else {\n    throw new Error('Progress course tidak ditemukan');\n  }\n});",
              "err": {},
              "uuid": "34289639-1e88-4c19-99af-d374beb073f5",
              "parentUUID": "8372553b-e218-4b8f-b665-02c7cc66ba56",
              "isHook": false,
              "skipped": false
            }
          ],
          "suites": [],
          "passes": [
            "8507a83c-3d5e-4074-b828-590698af21e3",
            "1df9e3ff-43f8-4d25-a774-5f143ded9ea0",
            "681433b9-637e-4290-a5e8-1e61de393be8",
            "ca1aac61-5dd3-4603-a59e-078f22bb33d7",
            "7d12327c-a273-4183-9e95-b8d38f54ca74",
            "1dca2a7b-f63b-4b02-91c5-982c2eb9b6df",
            "6bcdeafd-0526-4442-a068-9bf8fea915a9",
            "a6aed4ea-d6bf-41e0-83c4-bc81a7896340",
            "34289639-1e88-4c19-99af-d374beb073f5"
          ],
          "failures": [],
          "pending": [],
          "skipped": [],
          "duration": 49521,
          "root": false,
          "rootEmpty": false,
          "_timeout": 2000
        }
      ],
      "passes": [],
      "failures": [],
      "pending": [],
      "skipped": [],
      "duration": 0,
      "root": true,
      "rootEmpty": true,
      "_timeout": 2000
    }
  ],
  "meta": {
    "mocha": {
      "version": "7.2.0"
    },
    "mochawesome": {
      "options": {
        "quiet": false,
        "reportFilename": "mochawesome",
        "saveHtml": true,
        "saveJson": true,
        "consoleReporter": "spec",
        "useInlineDiffs": false,
        "code": true
      },
      "version": "7.1.4"
    },
    "marge": {
      "options": {
        "reportDir": "cypress/reports",
        "overwrite": false,
        "html": true,
        "json": true
      },
      "version": "6.3.2"
    }
  }
}