{
  "stats": {
    "suites": 1,
    "tests": 8,
    "passes": 8,
    "pending": 0,
    "failures": 0,
    "start": "2026-05-13T15:08:29.021Z",
    "end": "2026-05-13T15:09:14.860Z",
    "duration": 45839,
    "testsRegistered": 8,
    "passPercent": 100,
    "pendingPercent": 0,
    "other": 0,
    "hasOther": false,
    "skipped": 0,
    "hasSkipped": false
  },
  "results": [
    {
      "uuid": "8bf17954-160c-48df-b400-19f3a777a063",
      "title": "",
      "fullFile": "cypress\\e2e\\functional-suitability\\leaderboard.cy.js",
      "file": "cypress\\e2e\\functional-suitability\\leaderboard.cy.js",
      "beforeHooks": [],
      "afterHooks": [],
      "tests": [],
      "suites": [
        {
          "uuid": "78030709-4e2e-451b-be72-3e6f5b2df39a",
          "title": "Leaderboard Feature (FULL TEST)",
          "fullFile": "",
          "file": "",
          "beforeHooks": [],
          "afterHooks": [],
          "tests": [
            {
              "title": "FS_Leaderboard_001 - Buka halaman leaderboard",
              "fullTitle": "Leaderboard Feature (FULL TEST) FS_Leaderboard_001 - Buka halaman leaderboard",
              "timedOut": null,
              "duration": 5721,
              "state": "passed",
              "speed": "medium",
              "pass": true,
              "fail": false,
              "pending": false,
              "context": null,
              "code": "cy.contains('Leaderboard').click();\ncy.url().should('include', '/leaderboard');\ncy.contains('Leaderboard').should('exist');",
              "err": {},
              "uuid": "e764d816-97ec-47f1-ae77-6d19f37002e5",
              "parentUUID": "78030709-4e2e-451b-be72-3e6f5b2df39a",
              "isHook": false,
              "skipped": false
            },
            {
              "title": "FS_Leaderboard_002 - Tabel leaderboard tampil",
              "fullTitle": "Leaderboard Feature (FULL TEST) FS_Leaderboard_002 - Tabel leaderboard tampil",
              "timedOut": null,
              "duration": 3132,
              "state": "passed",
              "speed": "fast",
              "pass": true,
              "fail": false,
              "pending": false,
              "context": null,
              "code": "cy.contains('Leaderboard').click();\ncy.get('#leaderboard-table').should('exist');\ncy.get('#leaderboard-table tbody tr').should('have.length.greaterThan', 0);",
              "err": {},
              "uuid": "8fdb25d2-e18a-4a06-89d4-4b11c3fd00b5",
              "parentUUID": "78030709-4e2e-451b-be72-3e6f5b2df39a",
              "isHook": false,
              "skipped": false
            },
            {
              "title": "FS_Leaderboard_003 - Header tabel lengkap",
              "fullTitle": "Leaderboard Feature (FULL TEST) FS_Leaderboard_003 - Header tabel lengkap",
              "timedOut": null,
              "duration": 2992,
              "state": "passed",
              "speed": "fast",
              "pass": true,
              "fail": false,
              "pending": false,
              "context": null,
              "code": "cy.contains('Leaderboard').click();\ncy.contains('No').should('exist');\ncy.contains('Badge Name').should('exist');\ncy.contains('Badge').should('exist');\ncy.contains('Name').should('exist');\ncy.contains('Class').should('exist');\ncy.contains('Score').should('exist');",
              "err": {},
              "uuid": "e1e29f23-9a98-44c7-8de9-819ef841bc27",
              "parentUUID": "78030709-4e2e-451b-be72-3e6f5b2df39a",
              "isHook": false,
              "skipped": false
            },
            {
              "title": "FS_Leaderboard_004 - Ranking sesuai score (DESC)",
              "fullTitle": "Leaderboard Feature (FULL TEST) FS_Leaderboard_004 - Ranking sesuai score (DESC)",
              "timedOut": null,
              "duration": 5247,
              "state": "passed",
              "speed": "medium",
              "pass": true,
              "fail": false,
              "pending": false,
              "context": null,
              "code": "cy.contains('Leaderboard').click();\nconst scores = [];\ncy.get('#leaderboard-table tbody tr').each($row => {\n  cy.wrap($row).find('td').eq(5) // kolom score\n  .invoke('text').then(text => {\n    const score = parseInt(text.trim());\n    scores.push(score);\n  });\n}).then(() => {\n  const sorted = [...scores].sort((a, b) => b - a);\n  expect(scores).to.deep.equal(sorted);\n});",
              "err": {},
              "uuid": "c6da7293-78fb-4401-b4e4-ab680fb80990",
              "parentUUID": "78030709-4e2e-451b-be72-3e6f5b2df39a",
              "isHook": false,
              "skipped": false
            },
            {
              "title": "FS_Leaderboard_005 - Badge tampil",
              "fullTitle": "Leaderboard Feature (FULL TEST) FS_Leaderboard_005 - Badge tampil",
              "timedOut": null,
              "duration": 7012,
              "state": "passed",
              "speed": "medium",
              "pass": true,
              "fail": false,
              "pending": false,
              "context": null,
              "code": "cy.contains('Leaderboard').click();\ncy.get('#leaderboard-table tbody tr').each($row => {\n  cy.wrap($row).find('td').eq(2) // kolom badge\n  .find('img').should('exist');\n});",
              "err": {},
              "uuid": "0e98c4ec-518c-4ecb-aba4-bc8be3457ba6",
              "parentUUID": "78030709-4e2e-451b-be72-3e6f5b2df39a",
              "isHook": false,
              "skipped": false
            },
            {
              "title": "FS_Leaderboard_006 - Name wajib, Class opsional",
              "fullTitle": "Leaderboard Feature (FULL TEST) FS_Leaderboard_006 - Name wajib, Class opsional",
              "timedOut": null,
              "duration": 8524,
              "state": "passed",
              "speed": "medium",
              "pass": true,
              "fail": false,
              "pending": false,
              "context": null,
              "code": "cy.contains('Leaderboard').click();\ncy.get('#leaderboard-table tbody tr').each($row => {\n  cy.wrap($row).within(() => {\n    // Name wajib\n    cy.get('td').eq(3).should('not.be.empty');\n    // Class opsional → cukup cek element ada\n    cy.get('td').eq(4).should('exist');\n  });\n});",
              "err": {},
              "uuid": "8d67164b-e5cd-4501-ad63-db1b7c92a987",
              "parentUUID": "78030709-4e2e-451b-be72-3e6f5b2df39a",
              "isHook": false,
              "skipped": false
            },
            {
              "title": "FS_Leaderboard_007 - Scroll leaderboard",
              "fullTitle": "Leaderboard Feature (FULL TEST) FS_Leaderboard_007 - Scroll leaderboard",
              "timedOut": null,
              "duration": 5153,
              "state": "passed",
              "speed": "medium",
              "pass": true,
              "fail": false,
              "pending": false,
              "context": null,
              "code": "cy.contains('Leaderboard').click();\ncy.scrollTo('bottom');\ncy.get('#leaderboard-table tbody tr').last().should('be.visible');",
              "err": {},
              "uuid": "8473969c-c6cd-4bb6-b4a9-ecdcfd800ec2",
              "parentUUID": "78030709-4e2e-451b-be72-3e6f5b2df39a",
              "isHook": false,
              "skipped": false
            },
            {
              "title": "FS_Leaderboard_008 - Validasi score dengan My Report",
              "fullTitle": "Leaderboard Feature (FULL TEST) FS_Leaderboard_008 - Validasi score dengan My Report",
              "timedOut": null,
              "duration": 3066,
              "state": "passed",
              "speed": "fast",
              "pass": true,
              "fail": false,
              "pending": false,
              "context": null,
              "code": "// ambil score dari My Report\ncy.contains('My Report').click();\ncy.contains('Your Score').should('exist');\ncy.get('body').then($body => {\n  const text = $body.text();\n  const match = text.match(/\\d+/);\n  if (match) {\n    const myScore = match[0];\n    cy.log('My Score:', myScore);\n    // buka leaderboard\n    cy.contains('Leaderboard').click();\n    // cek score muncul di leaderboard\n    cy.contains(myScore).should('exist');\n  } else {\n    cy.log('Score tidak ditemukan di My Report');\n  }\n});",
              "err": {},
              "uuid": "2390871b-f3ca-4737-be4b-80dc37cad4de",
              "parentUUID": "78030709-4e2e-451b-be72-3e6f5b2df39a",
              "isHook": false,
              "skipped": false
            }
          ],
          "suites": [],
          "passes": [
            "e764d816-97ec-47f1-ae77-6d19f37002e5",
            "8fdb25d2-e18a-4a06-89d4-4b11c3fd00b5",
            "e1e29f23-9a98-44c7-8de9-819ef841bc27",
            "c6da7293-78fb-4401-b4e4-ab680fb80990",
            "0e98c4ec-518c-4ecb-aba4-bc8be3457ba6",
            "8d67164b-e5cd-4501-ad63-db1b7c92a987",
            "8473969c-c6cd-4bb6-b4a9-ecdcfd800ec2",
            "2390871b-f3ca-4737-be4b-80dc37cad4de"
          ],
          "failures": [],
          "pending": [],
          "skipped": [],
          "duration": 40847,
          "root": false,
          "rootEmpty": false,
          "_timeout": 2000
        }
      ],
      "passes": [],
      "failures": [],
      "pending": [],
      "skipped": [],
      "duration": 0,
      "root": true,
      "rootEmpty": true,
      "_timeout": 2000
    }
  ],
  "meta": {
    "mocha": {
      "version": "7.2.0"
    },
    "mochawesome": {
      "options": {
        "quiet": false,
        "reportFilename": "mochawesome",
        "saveHtml": true,
        "saveJson": true,
        "consoleReporter": "spec",
        "useInlineDiffs": false,
        "code": true
      },
      "version": "7.1.4"
    },
    "marge": {
      "options": {
        "reportDir": "cypress/reports",
        "overwrite": false,
        "html": true,
        "json": true
      },
      "version": "6.3.2"
    }
  }
}