{
  "stats": {
    "suites": 1,
    "tests": 6,
    "passes": 6,
    "pending": 0,
    "failures": 0,
    "start": "2026-05-10T11:04:48.468Z",
    "end": "2026-05-10T11:05:16.609Z",
    "duration": 28141,
    "testsRegistered": 6,
    "passPercent": 100,
    "pendingPercent": 0,
    "other": 0,
    "hasOther": false,
    "skipped": 0,
    "hasSkipped": false
  },
  "results": [
    {
      "uuid": "1b8a3243-9249-4347-808e-dfe86cc58848",
      "title": "",
      "fullFile": "cypress\\e2e\\functional-suitability\\dashboard.cy.js",
      "file": "cypress\\e2e\\functional-suitability\\dashboard.cy.js",
      "beforeHooks": [],
      "afterHooks": [],
      "tests": [],
      "suites": [
        {
          "uuid": "3954f9e1-2be0-4233-bfa3-1d4ccf069169",
          "title": "Dashboard Feature",
          "fullFile": "",
          "file": "",
          "beforeHooks": [],
          "afterHooks": [],
          "tests": [
            {
              "title": "FS_Dashboard_001 - Halaman utama tampil",
              "fullTitle": "Dashboard Feature FS_Dashboard_001 - Halaman utama tampil",
              "timedOut": null,
              "duration": 5672,
              "state": "passed",
              "speed": "medium",
              "pass": true,
              "fail": false,
              "pending": false,
              "context": null,
              "code": "cy.url().should('not.include', '/login');\ncy.contains('Take Your Lesson now').should('exist');\n// pastikan ada card course\ncy.contains('Java').should('exist');",
              "err": {},
              "uuid": "abe6fa59-cb40-4263-ba9a-750864ea63d4",
              "parentUUID": "3954f9e1-2be0-4233-bfa3-1d4ccf069169",
              "isHook": false,
              "skipped": false
            },
            {
              "title": "FS_Dashboard_002 - Navigasi lewat logo",
              "fullTitle": "Dashboard Feature FS_Dashboard_002 - Navigasi lewat logo",
              "timedOut": null,
              "duration": 3216,
              "state": "passed",
              "speed": "fast",
              "pass": true,
              "fail": false,
              "pending": false,
              "context": null,
              "code": "// pindah dulu ke halaman lain\ncy.contains('My Course').click();\ncy.url().should('include', '/courses');\n// klik logo Bajapro\ncy.get('a#logo').click();\n// kembali ke dashboard\ncy.url().should('not.include', '/courses');\ncy.contains('Take Your Lesson now').should('exist');",
              "err": {},
              "uuid": "2099a016-d451-48bf-ad12-844fabed3605",
              "parentUUID": "3954f9e1-2be0-4233-bfa3-1d4ccf069169",
              "isHook": false,
              "skipped": false
            },
            {
              "title": "FS_Dashboard_003 - Card course tampil lengkap",
              "fullTitle": "Dashboard Feature FS_Dashboard_003 - Card course tampil lengkap",
              "timedOut": null,
              "duration": 2816,
              "state": "passed",
              "speed": "fast",
              "pass": true,
              "fail": false,
              "pending": false,
              "context": null,
              "code": "cy.contains('Java').should('exist');\n// jumlah lesson\ncy.contains('Lessons').should('exist');\n// jumlah student\ncy.contains('Students').should('exist');\n// tombol detail\ncy.contains('See Detail').should('exist');",
              "err": {},
              "uuid": "ae313bdc-e587-42a6-a885-0d59b3c4cb89",
              "parentUUID": "3954f9e1-2be0-4233-bfa3-1d4ccf069169",
              "isHook": false,
              "skipped": false
            },
            {
              "title": "FS_Dashboard_004 - Buka detail course",
              "fullTitle": "Dashboard Feature FS_Dashboard_004 - Buka detail course",
              "timedOut": null,
              "duration": 3313,
              "state": "passed",
              "speed": "fast",
              "pass": true,
              "fail": false,
              "pending": false,
              "context": null,
              "code": "cy.contains('See Detail').click();\ncy.url().should('include', '/courses/detail');\ncy.contains('Lesson Content').should('exist');",
              "err": {},
              "uuid": "57bcb96a-a7fd-4c78-ac9a-b508eddc62c5",
              "parentUUID": "3954f9e1-2be0-4233-bfa3-1d4ccf069169",
              "isHook": false,
              "skipped": false
            },
            {
              "title": "FS_Dashboard_005 - User baru melihat tombol Take",
              "fullTitle": "Dashboard Feature FS_Dashboard_005 - User baru melihat tombol Take",
              "timedOut": null,
              "duration": 6947,
              "state": "passed",
              "speed": "medium",
              "pass": true,
              "fail": false,
              "pending": false,
              "context": null,
              "code": "// logout dulu (kalau ada tombol logout)\ncy.contains('testing@gmail.com').click();\ncy.contains('Logout').click();\n// login akun baru\ncy.visit('/login');\ncy.get('input[name=\"email\"]').type('akunbaru@test.com');\ncy.get('input[name=\"password\"]').type('akunbaru12');\ncy.get('button[type=\"submit\"]').click();\ncy.contains('Take').should('exist');\ncy.contains('See Detail').should('exist');",
              "err": {},
              "uuid": "b7c51459-5727-472f-828c-2ab1089902e8",
              "parentUUID": "3954f9e1-2be0-4233-bfa3-1d4ccf069169",
              "isHook": false,
              "skipped": false
            },
            {
              "title": "FS_Dashboard_006 - Klik Take course",
              "fullTitle": "Dashboard Feature FS_Dashboard_006 - Klik Take course",
              "timedOut": null,
              "duration": 5534,
              "state": "passed",
              "speed": "medium",
              "pass": true,
              "fail": false,
              "pending": false,
              "context": null,
              "code": "// gunakan akun baru (biar tombol Take muncul)\ncy.clearCookies();\ncy.clearLocalStorage();\ncy.visit('/login');\ncy.get('input[name=\"email\"]').type('akunbaru@test.com');\ncy.get('input[name=\"password\"]').type('akunbaru12');\ncy.get('button[type=\"submit\"]').click();\ncy.contains('Take').first().click();\n// validasi notifikasi sukses\ncy.get('body').then($body => {\n  if ($body.text().toLowerCase().includes('success')) {\n    cy.contains(/success/i).should('exist');\n  } else {\n    cy.log('Notifikasi sukses tidak muncul (mungkin silent success)');\n  }\n});",
              "err": {},
              "uuid": "fbab698b-3435-49ab-9f7b-6453a945e839",
              "parentUUID": "3954f9e1-2be0-4233-bfa3-1d4ccf069169",
              "isHook": false,
              "skipped": false
            }
          ],
          "suites": [],
          "passes": [
            "abe6fa59-cb40-4263-ba9a-750864ea63d4",
            "2099a016-d451-48bf-ad12-844fabed3605",
            "ae313bdc-e587-42a6-a885-0d59b3c4cb89",
            "57bcb96a-a7fd-4c78-ac9a-b508eddc62c5",
            "b7c51459-5727-472f-828c-2ab1089902e8",
            "fbab698b-3435-49ab-9f7b-6453a945e839"
          ],
          "failures": [],
          "pending": [],
          "skipped": [],
          "duration": 27498,
          "root": false,
          "rootEmpty": false,
          "_timeout": 2000
        }
      ],
      "passes": [],
      "failures": [],
      "pending": [],
      "skipped": [],
      "duration": 0,
      "root": true,
      "rootEmpty": true,
      "_timeout": 2000
    }
  ],
  "meta": {
    "mocha": {
      "version": "7.2.0"
    },
    "mochawesome": {
      "options": {
        "quiet": false,
        "reportFilename": "mochawesome",
        "saveHtml": true,
        "saveJson": true,
        "consoleReporter": "spec",
        "useInlineDiffs": false,
        "code": true
      },
      "version": "7.1.4"
    },
    "marge": {
      "options": {
        "reportDir": "cypress/reports",
        "overwrite": false,
        "html": true,
        "json": true
      },
      "version": "6.3.2"
    }
  }
}