{
  "stats": {
    "suites": 1,
    "tests": 2,
    "passes": 0,
    "pending": 0,
    "failures": 2,
    "start": "2026-05-10T11:10:25.931Z",
    "end": "2026-05-10T11:14:54.205Z",
    "duration": 268274,
    "testsRegistered": 9,
    "passPercent": 0,
    "pendingPercent": 0,
    "other": 0,
    "hasOther": false,
    "skipped": 7,
    "hasSkipped": true
  },
  "results": [
    {
      "uuid": "5905c3ab-7196-40ae-a715-4bb7b3b2fd12",
      "title": "",
      "fullFile": "cypress\\e2e\\functional-suitability\\mycourse.cy.js",
      "file": "cypress\\e2e\\functional-suitability\\mycourse.cy.js",
      "beforeHooks": [],
      "afterHooks": [],
      "tests": [
        {
          "title": "FS_Course_033 - User baru mengambil course",
          "fullTitle": "FS_Course_033 - User baru mengambil course",
          "timedOut": null,
          "duration": 72082,
          "state": "failed",
          "speed": null,
          "pass": false,
          "fail": true,
          "pending": false,
          "context": null,
          "code": "Cypress.on('uncaught:exception', () => false);\ncy.visit('/login');\ncy.get('input[name=\"email\"]').type('akunbaru2@test.com');\ncy.get('input[name=\"password\"]').type('akunbaru12');\ncy.get('button[type=\"submit\"]').click();\ncy.url().should('not.include', '/login');\ncy.contains('Take').first().click();\ncy.wait(3000);\n// validasi tombol Take hilang\ncy.contains('Take').should('not.exist');\n// masuk ke My Course\ncy.contains('My Course').click();\ncy.url().should('include', '/courses/my_course');\n// validasi course berhasil diambil\ncy.contains('Start Lesson').should('be.visible');",
          "err": {
            "message": "AssertionError: Timed out retrying after 60000ms: Expected not to find content: 'Take' but continuously found it.",
            "estack": "AssertionError: Timed out retrying after 60000ms: Expected not to find content: 'Take' but continuously found it.\n    at Context.eval (webpack://test-bajapro/./cypress/e2e/functional-suitability/mycourse.cy.js:149:22)",
            "diff": null
          },
          "uuid": "46e1dca6-7341-4ecc-b2dd-93f0c3e8f225",
          "parentUUID": "5905c3ab-7196-40ae-a715-4bb7b3b2fd12",
          "isHook": false,
          "skipped": false
        }
      ],
      "suites": [
        {
          "uuid": "9bdbb134-a4ef-4fd6-9c0a-1149ef6ba967",
          "title": "My Course Feature - Bajapro",
          "fullFile": "",
          "file": "",
          "beforeHooks": [],
          "afterHooks": [],
          "tests": [
            {
              "title": "FS_Course_001 - Buka halaman My Course",
              "fullTitle": "My Course Feature - Bajapro FS_Course_001 - Buka halaman My Course",
              "timedOut": null,
              "duration": 11171,
              "state": "failed",
              "speed": null,
              "pass": false,
              "fail": true,
              "pending": false,
              "context": null,
              "code": "cy.contains('My Course').click();\ncy.url().should('include', '/courses/my_course');\ncy.contains('Take Your Lesson now').should('be.visible');",
              "err": {
                "message": "CypressError: `cy.visit()` failed trying to load:\n\nhttp://103.182.234.231:90/login\n\nWe attempted to make an http request to this URL but the request failed without a response.\n\nWe received this error at the network level:\n\n  > Error: connect ECONNREFUSED 103.182.234.231:90\n\nCommon situations why this would fail:\n  - you don't have internet access\n  - you forgot to run / boot your web server\n  - your web server isn't accessible\n  - you have weird network configuration settings on your computer\n\nBecause this error occurred during a `before each` hook we are skipping the remaining tests in the current suite: `My Course Feature - Bajapro`",
                "estack": "CypressError: `cy.visit()` failed trying to load:\n\nhttp://103.182.234.231:90/login\n\nWe attempted to make an http request to this URL but the request failed without a response.\n\nWe received this error at the network level:\n\n  > Error: connect ECONNREFUSED 103.182.234.231:90\n\nCommon situations why this would fail:\n  - you don't have internet access\n  - you forgot to run / boot your web server\n  - your web server isn't accessible\n  - you have weird network configuration settings on your computer\n\nBecause this error occurred during a `before each` hook we are skipping the remaining tests in the current suite: `My Course Feature - Bajapro`\n    at <unknown> (http://labai.polinema.ac.id:90/__cypress/runner/cypress_runner.js:134511:74)\n    at visitFailedByErr (http://labai.polinema.ac.id:90/__cypress/runner/cypress_runner.js:134085:12)\n    at <unknown> (http://labai.polinema.ac.id:90/__cypress/runner/cypress_runner.js:134510:11)\n    at tryCatcher (http://labai.polinema.ac.id:90/__cypress/runner/cypress_runner.js:1777:23)\n    at Promise._settlePromiseFromHandler (http://labai.polinema.ac.id:90/__cypress/runner/cypress_runner.js:1489:31)\n    at Promise._settlePromise (http://labai.polinema.ac.id:90/__cypress/runner/cypress_runner.js:1546:18)\n    at Promise._settlePromise0 (http://labai.polinema.ac.id:90/__cypress/runner/cypress_runner.js:1591:10)\n    at Promise._settlePromises (http://labai.polinema.ac.id:90/__cypress/runner/cypress_runner.js:1667:18)\n    at _drainQueueStep (http://labai.polinema.ac.id:90/__cypress/runner/cypress_runner.js:2377:12)\n    at _drainQueue (http://labai.polinema.ac.id:90/__cypress/runner/cypress_runner.js:2370:9)\n    at Async._drainQueues (http://labai.polinema.ac.id:90/__cypress/runner/cypress_runner.js:2386:5)\n    at Async.drainQueues (http://labai.polinema.ac.id:90/__cypress/runner/cypress_runner.js:2256:14)\nFrom Your Spec Code:\n    at Context.eval (webpack://test-bajapro/./cypress/e2e/functional-suitability/mycourse.cy.js:5:7)\n\nFrom Node.js Internals:\n  Error: connect ECONNREFUSED 103.182.234.231:90\n      at TCPConnectWrap.afterConnect [as oncomplete] (node:net:1637:16)",
                "diff": null
              },
              "uuid": "d5899197-dd5e-4c61-90f1-a0b3b6b2c333",
              "parentUUID": "9bdbb134-a4ef-4fd6-9c0a-1149ef6ba967",
              "isHook": false,
              "skipped": false
            },
            {
              "title": "FS_Course_003 - Masuk ke halaman level",
              "fullTitle": "My Course Feature - Bajapro FS_Course_003 - Masuk ke halaman level",
              "timedOut": null,
              "duration": 0,
              "state": "skipped",
              "speed": null,
              "pass": false,
              "fail": false,
              "pending": false,
              "context": null,
              "code": "cy.contains('My Course').click();\ncy.contains('Start Lesson').click();\ncy.url().should('include', '/courses/level');\ncy.contains('Start Your Lesson now').should('be.visible');",
              "err": {},
              "uuid": "199f42af-a66c-4ead-8962-06653736a97c",
              "parentUUID": "9bdbb134-a4ef-4fd6-9c0a-1149ef6ba967",
              "isHook": false,
              "skipped": true
            },
            {
              "title": "FS_Course_004 - Pilih Level Easy",
              "fullTitle": "My Course Feature - Bajapro FS_Course_004 - Pilih Level Easy",
              "timedOut": null,
              "duration": 0,
              "state": "skipped",
              "speed": null,
              "pass": false,
              "fail": false,
              "pending": false,
              "context": null,
              "code": "cy.contains('My Course').click();\ncy.contains('Start Lesson').first().click();\ncy.contains('Easy').parent().contains('Start Lesson').click();\ncy.url().should('include', '/detail');",
              "err": {},
              "uuid": "63755281-6c57-4615-9682-bdf14e014281",
              "parentUUID": "9bdbb134-a4ef-4fd6-9c0a-1149ef6ba967",
              "isHook": false,
              "skipped": true
            },
            {
              "title": "FS_Course_005 - Level Medium terkunci",
              "fullTitle": "My Course Feature - Bajapro FS_Course_005 - Level Medium terkunci",
              "timedOut": null,
              "duration": 0,
              "state": "skipped",
              "speed": null,
              "pass": false,
              "fail": false,
              "pending": false,
              "context": null,
              "code": "cy.contains('My Course').click();\ncy.contains('Start Lesson').click();\ncy.contains('Medium').parent().find('a').should('have.attr', 'aria-disabled', 'true');",
              "err": {},
              "uuid": "9ac48511-7a73-41f8-b7d8-3d9d17d84a35",
              "parentUUID": "9bdbb134-a4ef-4fd6-9c0a-1149ef6ba967",
              "isHook": false,
              "skipped": true
            },
            {
              "title": "FS_Course_006 - Akses materi terbuka",
              "fullTitle": "My Course Feature - Bajapro FS_Course_006 - Akses materi terbuka",
              "timedOut": null,
              "duration": 0,
              "state": "skipped",
              "speed": null,
              "pass": false,
              "fail": false,
              "pending": false,
              "context": null,
              "code": "cy.contains('My Course').click();\ncy.contains('Start Lesson').first().click();\ncy.contains('Easy').parent().contains('Start Lesson').click();\ncy.contains('Tipe Data, Variabel dan Operator').first().click();\ncy.get('iframe').should('exist');\ncy.contains('Variabel').should('be.visible');",
              "err": {},
              "uuid": "3e1e2f47-60cd-4016-af2f-b3b05892efb0",
              "parentUUID": "9bdbb134-a4ef-4fd6-9c0a-1149ef6ba967",
              "isHook": false,
              "skipped": true
            },
            {
              "title": "FS_Course_007 - Materi dalam accordion terkunci tidak bisa diakses",
              "fullTitle": "My Course Feature - Bajapro FS_Course_007 - Materi dalam accordion terkunci tidak bisa diakses",
              "timedOut": null,
              "duration": 0,
              "state": "skipped",
              "speed": null,
              "pass": false,
              "fail": false,
              "pending": false,
              "context": null,
              "code": "cy.contains('My Course').click();\ncy.contains('Start Lesson').first().click();\ncy.contains('Easy').parent().contains('Start Lesson').click();\n// 1. buka accordion \"Sintaks Pemilihan 1\"\ncy.contains('Sintaks Pemilihan 1').click();\n// 2. pastikan dropdown muncul\ncy.get('#accordionExample .accordion-collapse.show').should('exist');\n// 3. ambil item yang terkunci di dalamnya\ncy.get('#accordionExample .accordion-collapse.show a[href*=\"void\"]').first().as('lockedItem');\n// 4. simpan URL\ncy.url().then(beforeUrl => {\n  // 5. coba klik item terkunci\n  cy.get('@lockedItem').click({\n    force: true\n  });\n  // 6. pastikan tidak pindah halaman\n  cy.url().should('eq', beforeUrl);\n});",
              "err": {},
              "uuid": "94928673-4f64-4d1b-9e01-58e6a2f9f591",
              "parentUUID": "9bdbb134-a4ef-4fd6-9c0a-1149ef6ba967",
              "isHook": false,
              "skipped": true
            },
            {
              "title": "FS_Course_008 - Tampilan materi lengkap",
              "fullTitle": "My Course Feature - Bajapro FS_Course_008 - Tampilan materi lengkap",
              "timedOut": null,
              "duration": 0,
              "state": "skipped",
              "speed": null,
              "pass": false,
              "fail": false,
              "pending": false,
              "context": null,
              "code": "cy.contains('My Course').click();\ncy.contains('Start Lesson').first().click();\ncy.contains('Easy').parent().contains('Start Lesson').click();\ncy.contains('Tipe Data, Variabel dan Operator').first().click();\ncy.get('iframe').should('be.visible');\ncy.contains('Variabel').should('be.visible');\ncy.contains(\"Let's Test\").should('be.visible');",
              "err": {},
              "uuid": "b123628c-8f24-424b-9b42-693731b826bc",
              "parentUUID": "9bdbb134-a4ef-4fd6-9c0a-1149ef6ba967",
              "isHook": false,
              "skipped": true
            },
            {
              "title": "FS_Course_009 - Akses Let’s Test",
              "fullTitle": "My Course Feature - Bajapro FS_Course_009 - Akses Let’s Test",
              "timedOut": null,
              "duration": 0,
              "state": "skipped",
              "speed": null,
              "pass": false,
              "fail": false,
              "pending": false,
              "context": null,
              "code": "cy.contains('My Course').click();\ncy.contains('Start Lesson').first().click();\ncy.contains('Easy').parent().contains('Start Lesson').click();\ncy.contains('Tipe Data, Variabel dan Operator').first().click();\ncy.contains(\"Let's Test\").click();\ncy.url().should('include', '/code');",
              "err": {},
              "uuid": "28df8969-4cbb-497c-b56e-f6a8af041869",
              "parentUUID": "9bdbb134-a4ef-4fd6-9c0a-1149ef6ba967",
              "isHook": false,
              "skipped": true
            }
          ],
          "suites": [],
          "passes": [],
          "failures": [
            "d5899197-dd5e-4c61-90f1-a0b3b6b2c333"
          ],
          "pending": [],
          "skipped": [
            "199f42af-a66c-4ead-8962-06653736a97c",
            "63755281-6c57-4615-9682-bdf14e014281",
            "9ac48511-7a73-41f8-b7d8-3d9d17d84a35",
            "3e1e2f47-60cd-4016-af2f-b3b05892efb0",
            "94928673-4f64-4d1b-9e01-58e6a2f9f591",
            "b123628c-8f24-424b-9b42-693731b826bc",
            "28df8969-4cbb-497c-b56e-f6a8af041869"
          ],
          "duration": 11171,
          "root": false,
          "rootEmpty": false,
          "_timeout": 2000
        }
      ],
      "passes": [],
      "failures": [
        "46e1dca6-7341-4ecc-b2dd-93f0c3e8f225"
      ],
      "pending": [],
      "skipped": [],
      "duration": 72082,
      "root": true,
      "rootEmpty": false,
      "_timeout": 2000
    }
  ],
  "meta": {
    "mocha": {
      "version": "7.2.0"
    },
    "mochawesome": {
      "options": {
        "quiet": false,
        "reportFilename": "mochawesome",
        "saveHtml": true,
        "saveJson": true,
        "consoleReporter": "spec",
        "useInlineDiffs": false,
        "code": true
      },
      "version": "7.1.4"
    },
    "marge": {
      "options": {
        "reportDir": "cypress/reports",
        "overwrite": false,
        "html": true,
        "json": true
      },
      "version": "6.3.2"
    }
  }
}