{
  "stats": {
    "suites": 1,
    "tests": 8,
    "passes": 8,
    "pending": 0,
    "failures": 0,
    "start": "2026-05-13T03:57:39.703Z",
    "end": "2026-05-13T03:58:00.427Z",
    "duration": 20724,
    "testsRegistered": 8,
    "passPercent": 100,
    "pendingPercent": 0,
    "other": 0,
    "hasOther": false,
    "skipped": 0,
    "hasSkipped": false
  },
  "results": [
    {
      "uuid": "6d4eb81f-d3ba-40ca-a063-70caa1fe074e",
      "title": "",
      "fullFile": "cypress\\e2e\\functional-suitability\\explain.cy.js",
      "file": "cypress\\e2e\\functional-suitability\\explain.cy.js",
      "beforeHooks": [],
      "afterHooks": [],
      "tests": [],
      "suites": [
        {
          "uuid": "a80cb6df-4e7e-4183-be11-a7cf9a12783b",
          "title": "Explanation Feature",
          "fullFile": "",
          "file": "",
          "beforeHooks": [],
          "afterHooks": [],
          "tests": [
            {
              "title": "FS_Explain_001 - Buka halaman Explanation",
              "fullTitle": "Explanation Feature FS_Explain_001 - Buka halaman Explanation",
              "timedOut": null,
              "duration": 4427,
              "state": "passed",
              "speed": "fast",
              "pass": true,
              "fail": false,
              "pending": false,
              "context": null,
              "code": "cy.contains('Explanation').click();\ncy.url().should('include', '/explain');\ncy.contains('Code Explanation').should('exist');",
              "err": {},
              "uuid": "b16a771f-3c2a-44e0-9ec0-36ba4490b5bc",
              "parentUUID": "a80cb6df-4e7e-4183-be11-a7cf9a12783b",
              "isHook": false,
              "skipped": false
            },
            {
              "title": "FS_Explain_002 - Tabel tampil",
              "fullTitle": "Explanation Feature FS_Explain_002 - Tabel tampil",
              "timedOut": null,
              "duration": 3075,
              "state": "passed",
              "speed": "fast",
              "pass": true,
              "fail": false,
              "pending": false,
              "context": null,
              "code": "cy.contains('Explanation').click();\ncy.get('table').should('exist');\ncy.get('tbody tr').should('have.length.greaterThan', 0);",
              "err": {},
              "uuid": "df26f763-81aa-4a3a-b48a-798950d474b6",
              "parentUUID": "a80cb6df-4e7e-4183-be11-a7cf9a12783b",
              "isHook": false,
              "skipped": false
            },
            {
              "title": "FS_Explain_003 - Header tabel lengkap",
              "fullTitle": "Explanation Feature FS_Explain_003 - Header tabel lengkap",
              "timedOut": null,
              "duration": 1795,
              "state": "passed",
              "speed": "fast",
              "pass": true,
              "fail": false,
              "pending": false,
              "context": null,
              "code": "cy.contains('Explanation').click();\ncy.contains('Name').should('exist');\ncy.contains('Content').should('exist');\ncy.contains('Question').should('exist');\ncy.contains('Your Answer').should('exist');\ncy.contains('Answer Key').should('exist');",
              "err": {},
              "uuid": "f2dc83c4-7daa-48bb-b796-1b137da0f035",
              "parentUUID": "a80cb6df-4e7e-4183-be11-a7cf9a12783b",
              "isHook": false,
              "skipped": false
            },
            {
              "title": "FS_Explain_004 - Jawaban essay tampil",
              "fullTitle": "Explanation Feature FS_Explain_004 - Jawaban essay tampil",
              "timedOut": null,
              "duration": 2149,
              "state": "passed",
              "speed": "fast",
              "pass": true,
              "fail": false,
              "pending": false,
              "context": null,
              "code": "cy.contains('Explanation').click();\ncy.get('tbody tr').first().within(() => {\n  cy.get('td').eq(3).should('not.be.empty'); // kolom Your Answer\n});",
              "err": {},
              "uuid": "7e5074c5-5d82-460e-a67d-16075c1e5acf",
              "parentUUID": "a80cb6df-4e7e-4183-be11-a7cf9a12783b",
              "isHook": false,
              "skipped": false
            },
            {
              "title": "FS_Explain_005 - Answer Key Not Available",
              "fullTitle": "Explanation Feature FS_Explain_005 - Answer Key Not Available",
              "timedOut": null,
              "duration": 2361,
              "state": "passed",
              "speed": "fast",
              "pass": true,
              "fail": false,
              "pending": false,
              "context": null,
              "code": "cy.contains('Explanation').click();\ncy.contains('Not Available').should('exist');",
              "err": {},
              "uuid": "905a1a5d-13e2-4366-958e-49650c6420f0",
              "parentUUID": "a80cb6df-4e7e-4183-be11-a7cf9a12783b",
              "isHook": false,
              "skipped": false
            },
            {
              "title": "FS_Explain_006 - Pagination next",
              "fullTitle": "Explanation Feature FS_Explain_006 - Pagination next",
              "timedOut": null,
              "duration": 2896,
              "state": "passed",
              "speed": "fast",
              "pass": true,
              "fail": false,
              "pending": false,
              "context": null,
              "code": "cy.contains('Explanation').click();\ncy.get('body').then($body => {\n  if ($body.find('a').text().includes('2')) {\n    cy.contains('2').click();\n    cy.get('tbody tr').should('exist');\n  }\n});",
              "err": {},
              "uuid": "a0107af2-62a3-4a3c-a8f4-fca6c80bf37d",
              "parentUUID": "a80cb6df-4e7e-4183-be11-a7cf9a12783b",
              "isHook": false,
              "skipped": false
            },
            {
              "title": "FS_Explain_007 - Pagination back",
              "fullTitle": "Explanation Feature FS_Explain_007 - Pagination back",
              "timedOut": null,
              "duration": 1848,
              "state": "passed",
              "speed": "fast",
              "pass": true,
              "fail": false,
              "pending": false,
              "context": null,
              "code": "cy.contains('Explanation').click();\ncy.get('body').then($body => {\n  if ($body.find('a').text().includes('2')) {\n    cy.contains('2').click();\n    cy.contains('1').click();\n    cy.get('tbody tr').should('exist');\n  }\n});",
              "err": {},
              "uuid": "99c3bef2-fa1a-44f4-b175-93d067aa05cc",
              "parentUUID": "a80cb6df-4e7e-4183-be11-a7cf9a12783b",
              "isHook": false,
              "skipped": false
            },
            {
              "title": "FS_Explain_008 - Scroll data",
              "fullTitle": "Explanation Feature FS_Explain_008 - Scroll data",
              "timedOut": null,
              "duration": 1853,
              "state": "passed",
              "speed": "fast",
              "pass": true,
              "fail": false,
              "pending": false,
              "context": null,
              "code": "cy.contains('Explanation').click();\ncy.scrollTo('bottom');\ncy.get('tbody tr').last().should('be.visible');",
              "err": {},
              "uuid": "b694ab3a-4314-45a3-ae5f-4c554c0fd958",
              "parentUUID": "a80cb6df-4e7e-4183-be11-a7cf9a12783b",
              "isHook": false,
              "skipped": false
            }
          ],
          "suites": [],
          "passes": [
            "b16a771f-3c2a-44e0-9ec0-36ba4490b5bc",
            "df26f763-81aa-4a3a-b48a-798950d474b6",
            "f2dc83c4-7daa-48bb-b796-1b137da0f035",
            "7e5074c5-5d82-460e-a67d-16075c1e5acf",
            "905a1a5d-13e2-4366-958e-49650c6420f0",
            "a0107af2-62a3-4a3c-a8f4-fca6c80bf37d",
            "99c3bef2-fa1a-44f4-b175-93d067aa05cc",
            "b694ab3a-4314-45a3-ae5f-4c554c0fd958"
          ],
          "failures": [],
          "pending": [],
          "skipped": [],
          "duration": 20404,
          "root": false,
          "rootEmpty": false,
          "_timeout": 2000
        }
      ],
      "passes": [],
      "failures": [],
      "pending": [],
      "skipped": [],
      "duration": 0,
      "root": true,
      "rootEmpty": true,
      "_timeout": 2000
    }
  ],
  "meta": {
    "mocha": {
      "version": "7.2.0"
    },
    "mochawesome": {
      "options": {
        "quiet": false,
        "reportFilename": "mochawesome",
        "saveHtml": true,
        "saveJson": true,
        "consoleReporter": "spec",
        "useInlineDiffs": false,
        "code": true
      },
      "version": "7.1.4"
    },
    "marge": {
      "options": {
        "reportDir": "cypress/reports",
        "overwrite": false,
        "html": true,
        "json": true
      },
      "version": "6.3.2"
    }
  }
}