{
  "stats": {
    "suites": 1,
    "tests": 4,
    "passes": 4,
    "pending": 0,
    "failures": 0,
    "start": "2026-05-15T03:54:17.019Z",
    "end": "2026-05-15T03:54:47.466Z",
    "duration": 30447,
    "testsRegistered": 4,
    "passPercent": 100,
    "pendingPercent": 0,
    "other": 0,
    "hasOther": false,
    "skipped": 0,
    "hasSkipped": false
  },
  "results": [
    {
      "uuid": "11c67f5f-9958-4c7f-bf42-b275fa830f52",
      "title": "",
      "fullFile": "cypress\\e2e\\functional-suitability\\start_lesson.cy.js",
      "file": "cypress\\e2e\\functional-suitability\\start_lesson.cy.js",
      "beforeHooks": [],
      "afterHooks": [],
      "tests": [],
      "suites": [
        {
          "uuid": "aca431c1-4e4e-4ed3-bf38-9a53fad8e93c",
          "title": "Lesson Content Feature",
          "fullFile": "",
          "file": "",
          "beforeHooks": [],
          "afterHooks": [],
          "tests": [
            {
              "title": "FS_Lesson_Content_001 - Menampilkan lesson content",
              "fullTitle": "Lesson Content Feature FS_Lesson_Content_001 - Menampilkan lesson content",
              "timedOut": null,
              "duration": 8668,
              "state": "passed",
              "speed": "medium",
              "pass": true,
              "fail": false,
              "pending": false,
              "context": null,
              "code": "cy.contains('Lesson Content').should('exist');\ncy.get('body').should('contain.text', 'Sintaks');",
              "err": {},
              "uuid": "712d32fd-3482-488d-a0dc-2f504e553cb8",
              "parentUUID": "aca431c1-4e4e-4ed3-bf38-9a53fad8e93c",
              "isHook": false,
              "skipped": false
            },
            {
              "title": "FS_Lesson_Content_002 - Expand dropdown lesson",
              "fullTitle": "Lesson Content Feature FS_Lesson_Content_002 - Expand dropdown lesson",
              "timedOut": null,
              "duration": 4849,
              "state": "passed",
              "speed": "fast",
              "pass": true,
              "fail": false,
              "pending": false,
              "context": null,
              "code": "cy.contains('Sintaks Pemilihan 1').click();\ncy.get('body').should('contain.text', 'Tipe Data');",
              "err": {},
              "uuid": "9d9d0771-8cb9-4510-954f-083db6735506",
              "parentUUID": "aca431c1-4e4e-4ed3-bf38-9a53fad8e93c",
              "isHook": false,
              "skipped": false
            },
            {
              "title": "FS_Lesson_Content_003 - Collapse lesson",
              "fullTitle": "Lesson Content Feature FS_Lesson_Content_003 - Collapse lesson",
              "timedOut": null,
              "duration": 6215,
              "state": "passed",
              "speed": "medium",
              "pass": true,
              "fail": false,
              "pending": false,
              "context": null,
              "code": "cy.contains('Sintaks Pemilihan 1').click();\ncy.wait(1000);\ncy.contains('Sintaks Pemilihan 1').click();",
              "err": {},
              "uuid": "33fff72a-22e0-4fc7-adde-5ee123a84dfe",
              "parentUUID": "aca431c1-4e4e-4ed3-bf38-9a53fad8e93c",
              "isHook": false,
              "skipped": false
            },
            {
              "title": "FS_Lesson_Content_004 - Interaksi lesson content",
              "fullTitle": "Lesson Content Feature FS_Lesson_Content_004 - Interaksi lesson content",
              "timedOut": null,
              "duration": 10410,
              "state": "passed",
              "speed": "slow",
              "pass": true,
              "fail": false,
              "pending": false,
              "context": null,
              "code": "cy.url().then(oldUrl => {\n  cy.contains('Tipe Data').click({\n    force: true\n  });\n  cy.url().should('eq', oldUrl);\n});",
              "err": {},
              "uuid": "e8c23e1d-d167-48e0-81e3-c18fd1e203be",
              "parentUUID": "aca431c1-4e4e-4ed3-bf38-9a53fad8e93c",
              "isHook": false,
              "skipped": false
            }
          ],
          "suites": [],
          "passes": [
            "712d32fd-3482-488d-a0dc-2f504e553cb8",
            "9d9d0771-8cb9-4510-954f-083db6735506",
            "33fff72a-22e0-4fc7-adde-5ee123a84dfe",
            "e8c23e1d-d167-48e0-81e3-c18fd1e203be"
          ],
          "failures": [],
          "pending": [],
          "skipped": [],
          "duration": 30142,
          "root": false,
          "rootEmpty": false,
          "_timeout": 2000
        }
      ],
      "passes": [],
      "failures": [],
      "pending": [],
      "skipped": [],
      "duration": 0,
      "root": true,
      "rootEmpty": true,
      "_timeout": 2000
    }
  ],
  "meta": {
    "mocha": {
      "version": "7.2.0"
    },
    "mochawesome": {
      "options": {
        "quiet": false,
        "reportFilename": "mochawesome",
        "saveHtml": true,
        "saveJson": true,
        "consoleReporter": "spec",
        "useInlineDiffs": false,
        "code": true
      },
      "version": "7.1.4"
    },
    "marge": {
      "options": {
        "reportDir": "cypress/reports",
        "overwrite": false,
        "html": true,
        "json": true
      },
      "version": "6.3.2"
    }
  }
}