{
  "stats": {
    "suites": 1,
    "tests": 11,
    "passes": 11,
    "pending": 0,
    "failures": 0,
    "start": "2026-05-13T04:06:04.408Z",
    "end": "2026-05-13T04:08:11.401Z",
    "duration": 126993,
    "testsRegistered": 11,
    "passPercent": 100,
    "pendingPercent": 0,
    "other": 0,
    "hasOther": false,
    "skipped": 0,
    "hasSkipped": false
  },
  "results": [
    {
      "uuid": "04e7626b-0ba8-4476-992e-ecf88a0c7eda",
      "title": "",
      "fullFile": "cypress\\e2e\\functional-suitability\\register.cy.js",
      "file": "cypress\\e2e\\functional-suitability\\register.cy.js",
      "beforeHooks": [],
      "afterHooks": [],
      "tests": [],
      "suites": [
        {
          "uuid": "14e26b50-a280-4743-b473-702a8ac06776",
          "title": "Register Feature - Bajapro",
          "fullFile": "",
          "file": "",
          "beforeHooks": [],
          "afterHooks": [],
          "tests": [
            {
              "title": "FS_Register_001 - Register berhasil dengan data valid",
              "fullTitle": "Register Feature - Bajapro FS_Register_001 - Register berhasil dengan data valid",
              "timedOut": null,
              "duration": 11879,
              "state": "passed",
              "speed": "slow",
              "pass": true,
              "fail": false,
              "pending": false,
              "context": null,
              "code": "const email = `cimit${Date.now()}@test.com`;\ncy.register('Cimit', 'D4 Teknik Informatika', email, 'Cimit1234', 'Cimit1234');\ncy.url().should('not.include', '/register');",
              "err": {},
              "uuid": "9ce87323-55ac-4429-bafa-e73ae88fefb1",
              "parentUUID": "14e26b50-a280-4743-b473-702a8ac06776",
              "isHook": false,
              "skipped": false
            },
            {
              "title": "FS_Register_002 - Semua field kosong",
              "fullTitle": "Register Feature - Bajapro FS_Register_002 - Semua field kosong",
              "timedOut": null,
              "duration": 5115,
              "state": "passed",
              "speed": "medium",
              "pass": true,
              "fail": false,
              "pending": false,
              "context": null,
              "code": "cy.get('button[type=\"submit\"]').click();\ncy.get('input[name=\"name\"]:invalid').should('exist');",
              "err": {},
              "uuid": "eb0baee0-165a-4620-a9d2-51f017161b3b",
              "parentUUID": "14e26b50-a280-4743-b473-702a8ac06776",
              "isHook": false,
              "skipped": false
            },
            {
              "title": "FS_Register_003 - Full Name kosong",
              "fullTitle": "Register Feature - Bajapro FS_Register_003 - Full Name kosong",
              "timedOut": null,
              "duration": 4402,
              "state": "passed",
              "speed": "fast",
              "pass": true,
              "fail": false,
              "pending": false,
              "context": null,
              "code": "cy.get('select[name=\"class\"]').select('D4 Teknik Informatika');\ncy.get('input[name=\"email\"]').type('cimit@test.com');\ncy.get('input[name=\"password\"]').type('Cimit1234');\ncy.get('input[name=\"password_confirmation\"]').type('Cimit1234');\ncy.get('button[type=\"submit\"]').click();\ncy.get('input[name=\"name\"]:invalid').should('exist');",
              "err": {},
              "uuid": "4b248777-4529-4a8e-990b-780de6480d79",
              "parentUUID": "14e26b50-a280-4743-b473-702a8ac06776",
              "isHook": false,
              "skipped": false
            },
            {
              "title": "FS_Register_004 - Class tidak dipilih (tidak ada validasi UI)",
              "fullTitle": "Register Feature - Bajapro FS_Register_004 - Class tidak dipilih (tidak ada validasi UI)",
              "timedOut": null,
              "duration": 35436,
              "state": "passed",
              "speed": "slow",
              "pass": true,
              "fail": false,
              "pending": false,
              "context": null,
              "code": "cy.get('input[name=\"name\"]').type('Cimit');\ncy.get('input[name=\"email\"]').type(`cimit${Date.now()}@test.com`);\ncy.get('input[name=\"password\"]').type('Cimit1234');\ncy.get('input[name=\"password_confirmation\"]').type('Cimit1234');\ncy.get('button[type=\"submit\"]').click();\ncy.url().should('include', '/register');\ncy.get('form').should('exist');\n// VALIDASI UTAMA\n// 1. password reset\ncy.get('input[name=\"password\"]').should('have.value', '');\ncy.get('input[name=\"password_confirmation\"]').should('have.value', '');\n// 2. class belum dipilih user (cek selectedIndex)\ncy.get('select[name=\"class\"]').then($el => {\n  expect($el[0].selectedIndex).to.equal(0);\n});",
              "err": {},
              "uuid": "9d184741-3f70-44cf-b7e7-c092c1b120ee",
              "parentUUID": "14e26b50-a280-4743-b473-702a8ac06776",
              "isHook": false,
              "skipped": false
            },
            {
              "title": "FS_Register_005 - Email kosong",
              "fullTitle": "Register Feature - Bajapro FS_Register_005 - Email kosong",
              "timedOut": null,
              "duration": 12998,
              "state": "passed",
              "speed": "slow",
              "pass": true,
              "fail": false,
              "pending": false,
              "context": null,
              "code": "cy.get('input[name=\"name\"]').type('Cimit');\ncy.get('select[name=\"class\"]').select('D4 Teknik Informatika');\ncy.get('input[name=\"password\"]').type('Cimit1234');\ncy.get('input[name=\"password_confirmation\"]').type('Cimit1234');\ncy.get('button[type=\"submit\"]').click();\ncy.get('input[name=\"email\"]:invalid').should('exist');",
              "err": {},
              "uuid": "9080eaa6-e677-4641-aff1-8f675a07fa38",
              "parentUUID": "14e26b50-a280-4743-b473-702a8ac06776",
              "isHook": false,
              "skipped": false
            },
            {
              "title": "FS_Register_006 - Password kosong",
              "fullTitle": "Register Feature - Bajapro FS_Register_006 - Password kosong",
              "timedOut": null,
              "duration": 6222,
              "state": "passed",
              "speed": "medium",
              "pass": true,
              "fail": false,
              "pending": false,
              "context": null,
              "code": "cy.get('input[name=\"name\"]').type('Cimit');\ncy.get('select[name=\"class\"]').select('D4 Teknik Informatika');\ncy.get('input[name=\"email\"]').type('cimit@test.com');\ncy.get('input[name=\"password_confirmation\"]').type('Cimit1234');\ncy.get('button[type=\"submit\"]').click();\ncy.get('input[name=\"password\"]:invalid').should('exist');",
              "err": {},
              "uuid": "5bf747d8-f2ca-4421-8db7-e8c430bba2c9",
              "parentUUID": "14e26b50-a280-4743-b473-702a8ac06776",
              "isHook": false,
              "skipped": false
            },
            {
              "title": "FS_Register_007 - Confirm Password kosong",
              "fullTitle": "Register Feature - Bajapro FS_Register_007 - Confirm Password kosong",
              "timedOut": null,
              "duration": 12983,
              "state": "passed",
              "speed": "slow",
              "pass": true,
              "fail": false,
              "pending": false,
              "context": null,
              "code": "cy.get('input[name=\"name\"]').type('Cimit');\ncy.get('select[name=\"class\"]').select('D4 Teknik Informatika');\ncy.get('input[name=\"email\"]').type('cimit@test.com');\ncy.get('input[name=\"password\"]').type('Cimit1234');\n// confirm password dikosongkan\ncy.get('button[type=\"submit\"]').click();\n// 1. tetap di halaman register\ncy.url().should('include', '/register');\n// 2. muncul error backend\ncy.contains('The password confirmation does not match').should('exist');",
              "err": {},
              "uuid": "e35685ab-e500-4522-be6a-f95221947913",
              "parentUUID": "14e26b50-a280-4743-b473-702a8ac06776",
              "isHook": false,
              "skipped": false
            },
            {
              "title": "FS_Register_008 - Email tidak valid",
              "fullTitle": "Register Feature - Bajapro FS_Register_008 - Email tidak valid",
              "timedOut": null,
              "duration": 4611,
              "state": "passed",
              "speed": "fast",
              "pass": true,
              "fail": false,
              "pending": false,
              "context": null,
              "code": "cy.register('Cimit', 'D4 Teknik Informatika', 'Cimit12', 'Cimit1234', 'Cimit1234');\ncy.get('input[name=\"email\"]:invalid').should('exist');",
              "err": {},
              "uuid": "b2d7cb3b-92b4-4488-8062-a6d5837eb4a5",
              "parentUUID": "14e26b50-a280-4743-b473-702a8ac06776",
              "isHook": false,
              "skipped": false
            },
            {
              "title": "FS_Register_009 - Password tidak sama",
              "fullTitle": "Register Feature - Bajapro FS_Register_009 - Password tidak sama",
              "timedOut": null,
              "duration": 6490,
              "state": "passed",
              "speed": "medium",
              "pass": true,
              "fail": false,
              "pending": false,
              "context": null,
              "code": "cy.get('input[name=\"name\"]').type('Cimit');\ncy.get('select[name=\"class\"]').select('D4 Teknik Informatika');\ncy.get('input[name=\"email\"]').type(`cimit${Date.now()}@test.com`);\ncy.get('input[name=\"password\"]').type('Cimit123');\ncy.get('input[name=\"password_confirmation\"]').type('Cimit1234');\ncy.get('button[type=\"submit\"]').click();\n// 1. tetap di halaman register\ncy.url().should('include', '/register');\n// 2. error muncul\ncy.get('.invalid-feedback').contains('password').should('be.visible');\n// 3. password ke-reset\ncy.get('input[name=\"password\"]').should('have.value', '');\ncy.get('input[name=\"password_confirmation\"]').should('have.value', '');\n// 4. class kembali ke default (FIX DI SINI)\ncy.get('select[name=\"class\"]').should('have.value', 'Choose class');",
              "err": {},
              "uuid": "a0e7631b-334c-4875-8e52-3ef707b3c137",
              "parentUUID": "14e26b50-a280-4743-b473-702a8ac06776",
              "isHook": false,
              "skipped": false
            },
            {
              "title": "FS_Register_010 - Email sudah terdaftar",
              "fullTitle": "Register Feature - Bajapro FS_Register_010 - Email sudah terdaftar",
              "timedOut": null,
              "duration": 8163,
              "state": "passed",
              "speed": "medium",
              "pass": true,
              "fail": false,
              "pending": false,
              "context": null,
              "code": "cy.register('Cimit', 'D4 Teknik Informatika', 'zulfanuha016@gmail.com', 'Cimit1234', 'Cimit1234');\ncy.contains('The email has already been taken').should('exist');",
              "err": {},
              "uuid": "ff28b067-a2a1-4ecb-91df-9853af8aa2b1",
              "parentUUID": "14e26b50-a280-4743-b473-702a8ac06776",
              "isHook": false,
              "skipped": false
            },
            {
              "title": "FS_Register_011 - Pindah ke halaman login",
              "fullTitle": "Register Feature - Bajapro FS_Register_011 - Pindah ke halaman login",
              "timedOut": null,
              "duration": 10827,
              "state": "passed",
              "speed": "slow",
              "pass": true,
              "fail": false,
              "pending": false,
              "context": null,
              "code": "cy.contains('SignIn').should('be.visible').click();\ncy.url().should('include', '/login');",
              "err": {},
              "uuid": "04feca7c-d5e2-4728-8ea7-e5d0b606ff94",
              "parentUUID": "14e26b50-a280-4743-b473-702a8ac06776",
              "isHook": false,
              "skipped": false
            }
          ],
          "suites": [],
          "passes": [
            "9ce87323-55ac-4429-bafa-e73ae88fefb1",
            "eb0baee0-165a-4620-a9d2-51f017161b3b",
            "4b248777-4529-4a8e-990b-780de6480d79",
            "9d184741-3f70-44cf-b7e7-c092c1b120ee",
            "9080eaa6-e677-4641-aff1-8f675a07fa38",
            "5bf747d8-f2ca-4421-8db7-e8c430bba2c9",
            "e35685ab-e500-4522-be6a-f95221947913",
            "b2d7cb3b-92b4-4488-8062-a6d5837eb4a5",
            "a0e7631b-334c-4875-8e52-3ef707b3c137",
            "ff28b067-a2a1-4ecb-91df-9853af8aa2b1",
            "04feca7c-d5e2-4728-8ea7-e5d0b606ff94"
          ],
          "failures": [],
          "pending": [],
          "skipped": [],
          "duration": 119126,
          "root": false,
          "rootEmpty": false,
          "_timeout": 2000
        }
      ],
      "passes": [],
      "failures": [],
      "pending": [],
      "skipped": [],
      "duration": 0,
      "root": true,
      "rootEmpty": true,
      "_timeout": 2000
    }
  ],
  "meta": {
    "mocha": {
      "version": "7.2.0"
    },
    "mochawesome": {
      "options": {
        "quiet": false,
        "reportFilename": "mochawesome",
        "saveHtml": true,
        "saveJson": true,
        "consoleReporter": "spec",
        "useInlineDiffs": false,
        "code": true
      },
      "version": "7.1.4"
    },
    "marge": {
      "options": {
        "reportDir": "cypress/reports",
        "overwrite": false,
        "html": true,
        "json": true
      },
      "version": "6.3.2"
    }
  }
}