{
  "stats": {
    "suites": 1,
    "tests": 8,
    "passes": 8,
    "pending": 0,
    "failures": 0,
    "start": "2026-05-15T03:52:06.251Z",
    "end": "2026-05-15T03:52:42.505Z",
    "duration": 36254,
    "testsRegistered": 8,
    "passPercent": 100,
    "pendingPercent": 0,
    "other": 0,
    "hasOther": false,
    "skipped": 0,
    "hasSkipped": false
  },
  "results": [
    {
      "uuid": "656a6955-88a6-4654-a9d4-e08d40daa4cc",
      "title": "",
      "fullFile": "cypress\\e2e\\functional-suitability\\mycourse.cy.js",
      "file": "cypress\\e2e\\functional-suitability\\mycourse.cy.js",
      "beforeHooks": [],
      "afterHooks": [],
      "tests": [],
      "suites": [
        {
          "uuid": "825aaade-2828-46bf-b169-f34418038803",
          "title": "My Course Feature - Bajapro",
          "fullFile": "",
          "file": "",
          "beforeHooks": [],
          "afterHooks": [],
          "tests": [
            {
              "title": "FS_Course_001 - Buka halaman My Course",
              "fullTitle": "My Course Feature - Bajapro FS_Course_001 - Buka halaman My Course",
              "timedOut": null,
              "duration": 4486,
              "state": "passed",
              "speed": "fast",
              "pass": true,
              "fail": false,
              "pending": false,
              "context": null,
              "code": "cy.contains('My Course').click();\ncy.url().should('include', '/courses/my_course');\ncy.contains('Take Your Lesson now').should('be.visible');",
              "err": {},
              "uuid": "6b56af90-b1e6-43ac-9653-20849b33436f",
              "parentUUID": "825aaade-2828-46bf-b169-f34418038803",
              "isHook": false,
              "skipped": false
            },
            {
              "title": "FS_Course_002 - Masuk ke halaman level",
              "fullTitle": "My Course Feature - Bajapro FS_Course_002 - Masuk ke halaman level",
              "timedOut": null,
              "duration": 2120,
              "state": "passed",
              "speed": "fast",
              "pass": true,
              "fail": false,
              "pending": false,
              "context": null,
              "code": "cy.contains('My Course').click();\ncy.contains('Start Lesson').click();\ncy.url().should('include', '/courses/level');\ncy.contains('Start Your Lesson now').should('be.visible');",
              "err": {},
              "uuid": "0324e37a-69af-4c77-8a6a-2f22cd2fa106",
              "parentUUID": "825aaade-2828-46bf-b169-f34418038803",
              "isHook": false,
              "skipped": false
            },
            {
              "title": "FS_Course_003 - Pilih Level Easy",
              "fullTitle": "My Course Feature - Bajapro FS_Course_003 - Pilih Level Easy",
              "timedOut": null,
              "duration": 5943,
              "state": "passed",
              "speed": "medium",
              "pass": true,
              "fail": false,
              "pending": false,
              "context": null,
              "code": "cy.contains('My Course').click();\ncy.contains('Start Lesson').first().click();\ncy.contains('Easy').parent().contains('Start Lesson').click();\ncy.url().should('include', '/detail');",
              "err": {},
              "uuid": "906bb19d-8b06-4458-b1f3-1950102efa57",
              "parentUUID": "825aaade-2828-46bf-b169-f34418038803",
              "isHook": false,
              "skipped": false
            },
            {
              "title": "FS_Course_004 - Level Medium terkunci",
              "fullTitle": "My Course Feature - Bajapro FS_Course_004 - Level Medium terkunci",
              "timedOut": null,
              "duration": 2476,
              "state": "passed",
              "speed": "fast",
              "pass": true,
              "fail": false,
              "pending": false,
              "context": null,
              "code": "cy.contains('My Course').click();\ncy.contains('Start Lesson').click();\ncy.contains('Medium').parent().find('a').should('have.attr', 'aria-disabled', 'true');",
              "err": {},
              "uuid": "fed7537d-58a7-4cd5-953e-85ddc275aaa5",
              "parentUUID": "825aaade-2828-46bf-b169-f34418038803",
              "isHook": false,
              "skipped": false
            },
            {
              "title": "FS_Course_005 - Akses materi terbuka",
              "fullTitle": "My Course Feature - Bajapro FS_Course_005 - Akses materi terbuka",
              "timedOut": null,
              "duration": 4790,
              "state": "passed",
              "speed": "fast",
              "pass": true,
              "fail": false,
              "pending": false,
              "context": null,
              "code": "cy.contains('My Course').click();\ncy.contains('Start Lesson').first().click();\ncy.contains('Easy').parent().contains('Start Lesson').click();\ncy.contains('Tipe Data, Variabel dan Operator').first().click();\ncy.get('iframe').should('exist');\ncy.contains('Variabel').should('be.visible');",
              "err": {},
              "uuid": "9eae080d-4f2e-489a-bc21-c4890d701a4b",
              "parentUUID": "825aaade-2828-46bf-b169-f34418038803",
              "isHook": false,
              "skipped": false
            },
            {
              "title": "FS_Course_006 - Materi dalam accordion terkunci tidak bisa diakses",
              "fullTitle": "My Course Feature - Bajapro FS_Course_006 - Materi dalam accordion terkunci tidak bisa diakses",
              "timedOut": null,
              "duration": 4528,
              "state": "passed",
              "speed": "fast",
              "pass": true,
              "fail": false,
              "pending": false,
              "context": null,
              "code": "cy.contains('My Course').click();\ncy.contains('Start Lesson').first().click();\ncy.contains('Easy').parent().contains('Start Lesson').click();\n// 1. buka accordion \"Sintaks Pemilihan 1\"\ncy.contains('Sintaks Pemilihan 1').click();\n// 2. pastikan dropdown muncul\ncy.get('#accordionExample .accordion-collapse.show').should('exist');\n// 3. ambil item yang terkunci di dalamnya\ncy.get('#accordionExample .accordion-collapse.show a[href*=\"void\"]').first().as('lockedItem');\n// 4. simpan URL\ncy.url().then(beforeUrl => {\n  // 5. coba klik item terkunci\n  cy.get('@lockedItem').click({\n    force: true\n  });\n  // 6. pastikan tidak pindah halaman\n  cy.url().should('eq', beforeUrl);\n});",
              "err": {},
              "uuid": "7f815a42-7f3d-41db-9aef-27cd62a36a2c",
              "parentUUID": "825aaade-2828-46bf-b169-f34418038803",
              "isHook": false,
              "skipped": false
            },
            {
              "title": "FS_Course_007 - Tampilan materi lengkap",
              "fullTitle": "My Course Feature - Bajapro FS_Course_007 - Tampilan materi lengkap",
              "timedOut": null,
              "duration": 3784,
              "state": "passed",
              "speed": "fast",
              "pass": true,
              "fail": false,
              "pending": false,
              "context": null,
              "code": "cy.contains('My Course').click();\ncy.contains('Start Lesson').first().click();\ncy.contains('Easy').parent().contains('Start Lesson').click();\ncy.contains('Tipe Data, Variabel dan Operator').first().click();\ncy.get('iframe').should('be.visible');\ncy.contains('Variabel').should('be.visible');\ncy.contains(\"Let's Test\").should('be.visible');",
              "err": {},
              "uuid": "307c25fa-13df-4971-a7b8-00dc66c1fa2e",
              "parentUUID": "825aaade-2828-46bf-b169-f34418038803",
              "isHook": false,
              "skipped": false
            },
            {
              "title": "FS_Course_008 - Akses Let’s Test",
              "fullTitle": "My Course Feature - Bajapro FS_Course_008 - Akses Let’s Test",
              "timedOut": null,
              "duration": 6374,
              "state": "passed",
              "speed": "medium",
              "pass": true,
              "fail": false,
              "pending": false,
              "context": null,
              "code": "cy.contains('My Course').click();\ncy.contains('Start Lesson').first().click();\ncy.contains('Easy').parent().contains('Start Lesson').click();\ncy.contains('Tipe Data, Variabel dan Operator').first().click();\ncy.contains(\"Let's Test\").click();\ncy.url().should('include', '/code');",
              "err": {},
              "uuid": "818600b8-ee2a-4236-8cd7-e6f9cc1f0dfc",
              "parentUUID": "825aaade-2828-46bf-b169-f34418038803",
              "isHook": false,
              "skipped": false
            }
          ],
          "suites": [],
          "passes": [
            "6b56af90-b1e6-43ac-9653-20849b33436f",
            "0324e37a-69af-4c77-8a6a-2f22cd2fa106",
            "906bb19d-8b06-4458-b1f3-1950102efa57",
            "fed7537d-58a7-4cd5-953e-85ddc275aaa5",
            "9eae080d-4f2e-489a-bc21-c4890d701a4b",
            "7f815a42-7f3d-41db-9aef-27cd62a36a2c",
            "307c25fa-13df-4971-a7b8-00dc66c1fa2e",
            "818600b8-ee2a-4236-8cd7-e6f9cc1f0dfc"
          ],
          "failures": [],
          "pending": [],
          "skipped": [],
          "duration": 34501,
          "root": false,
          "rootEmpty": false,
          "_timeout": 2000
        }
      ],
      "passes": [],
      "failures": [],
      "pending": [],
      "skipped": [],
      "duration": 0,
      "root": true,
      "rootEmpty": true,
      "_timeout": 2000
    }
  ],
  "meta": {
    "mocha": {
      "version": "7.2.0"
    },
    "mochawesome": {
      "options": {
        "quiet": false,
        "reportFilename": "mochawesome",
        "saveHtml": true,
        "saveJson": true,
        "consoleReporter": "spec",
        "useInlineDiffs": false,
        "code": true
      },
      "version": "7.1.4"
    },
    "marge": {
      "options": {
        "reportDir": "cypress/reports",
        "overwrite": false,
        "html": true,
        "json": true
      },
      "version": "6.3.2"
    }
  }
}