{
  "stats": {
    "suites": 1,
    "tests": 9,
    "passes": 9,
    "pending": 0,
    "failures": 0,
    "start": "2026-05-10T11:15:08.834Z",
    "end": "2026-05-10T11:15:57.063Z",
    "duration": 48229,
    "testsRegistered": 9,
    "passPercent": 100,
    "pendingPercent": 0,
    "other": 0,
    "hasOther": false,
    "skipped": 0,
    "hasSkipped": false
  },
  "results": [
    {
      "uuid": "69ca2d61-9da0-4a47-bcc1-bfbe107ad368",
      "title": "",
      "fullFile": "cypress\\e2e\\functional-suitability\\myreport.cy.js",
      "file": "cypress\\e2e\\functional-suitability\\myreport.cy.js",
      "beforeHooks": [],
      "afterHooks": [],
      "tests": [],
      "suites": [
        {
          "uuid": "8dc9cff8-d65a-4900-8fd3-dab0965aaedd",
          "title": "My Report Feature",
          "fullFile": "",
          "file": "",
          "beforeHooks": [],
          "afterHooks": [],
          "tests": [
            {
              "title": "FS_Report_001 - Buka halaman My Report",
              "fullTitle": "My Report Feature FS_Report_001 - Buka halaman My Report",
              "timedOut": null,
              "duration": 7099,
              "state": "passed",
              "speed": "medium",
              "pass": true,
              "fail": false,
              "pending": false,
              "context": null,
              "code": "cy.contains('My Report').click();\ncy.url().should('include', '/report');\ncy.contains('My report').should('exist');",
              "err": {},
              "uuid": "5b983f5b-36e2-4739-843d-6b1ecd5514bb",
              "parentUUID": "8dc9cff8-d65a-4900-8fd3-dab0965aaedd",
              "isHook": false,
              "skipped": false
            },
            {
              "title": "FS_Report_002 - Summary tampil",
              "fullTitle": "My Report Feature FS_Report_002 - Summary tampil",
              "timedOut": null,
              "duration": 3428,
              "state": "passed",
              "speed": "fast",
              "pass": true,
              "fail": false,
              "pending": false,
              "context": null,
              "code": "cy.contains('My Report').click();\ncy.contains('Your badge').should('exist');\ncy.contains('Your Score').should('exist');\ncy.contains('Your progress').should('exist');\ncy.contains('Finished test').should('exist');",
              "err": {},
              "uuid": "1afe3826-20f9-4e73-8b86-5169b0272aaf",
              "parentUUID": "8dc9cff8-d65a-4900-8fd3-dab0965aaedd",
              "isHook": false,
              "skipped": false
            },
            {
              "title": "FS_Report_003 - List report tampil",
              "fullTitle": "My Report Feature FS_Report_003 - List report tampil",
              "timedOut": null,
              "duration": 3284,
              "state": "passed",
              "speed": "fast",
              "pass": true,
              "fail": false,
              "pending": false,
              "context": null,
              "code": "cy.contains('My Report').click();\ncy.contains('Code Test Report').scrollIntoView();\ncy.contains('Errors').should('exist');\ncy.contains('Succes').should('exist');\ncy.contains('Read Score').should('exist');\ncy.contains('Coding Score').should('exist');\ncy.contains('Essay Score').should('exist');\ncy.contains('Detail').should('exist');",
              "err": {},
              "uuid": "1413bdeb-c8bc-4c75-bfde-53aabdebb44f",
              "parentUUID": "8dc9cff8-d65a-4900-8fd3-dab0965aaedd",
              "isHook": false,
              "skipped": false
            },
            {
              "title": "FS_Report_004 - Klik detail report",
              "fullTitle": "My Report Feature FS_Report_004 - Klik detail report",
              "timedOut": null,
              "duration": 7675,
              "state": "passed",
              "speed": "medium",
              "pass": true,
              "fail": false,
              "pending": false,
              "context": null,
              "code": "cy.contains('My Report').click();\ncy.contains('Detail').first().click();\ncy.url().should('include', 'detail');",
              "err": {},
              "uuid": "836d9135-b1fe-4568-9cc8-46f50838fe43",
              "parentUUID": "8dc9cff8-d65a-4900-8fd3-dab0965aaedd",
              "isHook": false,
              "skipped": false
            },
            {
              "title": "FS_Report_005 - Detail report tampil",
              "fullTitle": "My Report Feature FS_Report_005 - Detail report tampil",
              "timedOut": null,
              "duration": 4217,
              "state": "passed",
              "speed": "fast",
              "pass": true,
              "fail": false,
              "pending": false,
              "context": null,
              "code": "cy.contains('My Report').click();\ncy.contains('Detail').first().click();\ncy.contains('Exercise Logs').should('exist');\ncy.get('body').then($body => {\n  const text = $body.text();\n  expect(text.includes('Success') || text.includes('Error')).to.be.true;\n});",
              "err": {},
              "uuid": "1af9e8fc-f9ca-420d-96a7-18e157e3a6e3",
              "parentUUID": "8dc9cff8-d65a-4900-8fd3-dab0965aaedd",
              "isHook": false,
              "skipped": false
            },
            {
              "title": "FS_Report_006 - Menampilkan log error (opsional)",
              "fullTitle": "My Report Feature FS_Report_006 - Menampilkan log error (opsional)",
              "timedOut": null,
              "duration": 3777,
              "state": "passed",
              "speed": "fast",
              "pass": true,
              "fail": false,
              "pending": false,
              "context": null,
              "code": "cy.contains('My Report').click();\ncy.contains('Detail').first().click();\ncy.get('body').then($body => {\n  if ($body.text().includes('Error')) {\n    cy.contains('Error').should('exist');\n  }\n});",
              "err": {},
              "uuid": "bb1d5236-7f78-4cd9-9a62-6e663e9eb627",
              "parentUUID": "8dc9cff8-d65a-4900-8fd3-dab0965aaedd",
              "isHook": false,
              "skipped": false
            },
            {
              "title": "FS_Report_007 - Menampilkan log success (opsional)",
              "fullTitle": "My Report Feature FS_Report_007 - Menampilkan log success (opsional)",
              "timedOut": null,
              "duration": 3423,
              "state": "passed",
              "speed": "fast",
              "pass": true,
              "fail": false,
              "pending": false,
              "context": null,
              "code": "cy.contains('My Report').click();\ncy.contains('Detail').first().click();\ncy.get('body').then($body => {\n  if ($body.text().includes('Success')) {\n    cy.contains('Success').should('exist');\n  }\n});",
              "err": {},
              "uuid": "e03dc0e0-0fe9-4c3f-9112-7b1fee905747",
              "parentUUID": "8dc9cff8-d65a-4900-8fd3-dab0965aaedd",
              "isHook": false,
              "skipped": false
            },
            {
              "title": "FS_Report_008 - Kembali ke halaman sebelumnya",
              "fullTitle": "My Report Feature FS_Report_008 - Kembali ke halaman sebelumnya",
              "timedOut": null,
              "duration": 4178,
              "state": "passed",
              "speed": "fast",
              "pass": true,
              "fail": false,
              "pending": false,
              "context": null,
              "code": "cy.contains('My Report').click();\ncy.contains('Detail').first().click();\ncy.go('back');\ncy.url().should('include', '/report');",
              "err": {},
              "uuid": "eac6bf45-8353-4b0b-bac2-fe7cb03c4564",
              "parentUUID": "8dc9cff8-d65a-4900-8fd3-dab0965aaedd",
              "isHook": false,
              "skipped": false
            },
            {
              "title": "FS_Report_010 - Validasi My Course vs My Report (LOGIC FIX)",
              "fullTitle": "My Report Feature FS_Report_010 - Validasi My Course vs My Report (LOGIC FIX)",
              "timedOut": null,
              "duration": 10074,
              "state": "passed",
              "speed": "slow",
              "pass": true,
              "fail": false,
              "pending": false,
              "context": null,
              "code": "// 1. Masuk My Course\ncy.contains('My Course').click();\ncy.contains('Start Lesson').first().click();\ncy.contains('Easy').parent().contains('Start Lesson').click();\ncy.wait(3000);\n// 2. Pastikan user sudah punya progress\ncy.get('body').then($body => {\n  const text = $body.text();\n  const match = text.match(/(\\d+)%/);\n  if (match) {\n    const progressCourse = parseInt(match[1]);\n    cy.log('Progress Course:', progressCourse);\n    expect(progressCourse).to.be.greaterThan(0);\n    // 3. Buka My Report\n    cy.contains('My Report').click();\n    cy.contains('Your progress').should('exist');\n    // 4. Ambil progress report\n    cy.get('body').then($report => {\n      const reportText = $report.text();\n      const matchReport = reportText.match(/(\\d+(\\.\\d+)?)\\s*%/);\n      if (matchReport) {\n        const progressReport = parseFloat(matchReport[1]);\n        cy.log('Progress Report:', progressReport);\n        // 5. VALIDASI LOGIKA (bukan equality)\n        expect(progressReport).to.be.greaterThan(0);\n      } else {\n        throw new Error('Progress report tidak ditemukan');\n      }\n    });\n  } else {\n    throw new Error('Progress course tidak ditemukan');\n  }\n});",
              "err": {},
              "uuid": "ac4703bc-f527-43f6-9bef-7cd127b371b1",
              "parentUUID": "8dc9cff8-d65a-4900-8fd3-dab0965aaedd",
              "isHook": false,
              "skipped": false
            }
          ],
          "suites": [],
          "passes": [
            "5b983f5b-36e2-4739-843d-6b1ecd5514bb",
            "1afe3826-20f9-4e73-8b86-5169b0272aaf",
            "1413bdeb-c8bc-4c75-bfde-53aabdebb44f",
            "836d9135-b1fe-4568-9cc8-46f50838fe43",
            "1af9e8fc-f9ca-420d-96a7-18e157e3a6e3",
            "bb1d5236-7f78-4cd9-9a62-6e663e9eb627",
            "e03dc0e0-0fe9-4c3f-9112-7b1fee905747",
            "eac6bf45-8353-4b0b-bac2-fe7cb03c4564",
            "ac4703bc-f527-43f6-9bef-7cd127b371b1"
          ],
          "failures": [],
          "pending": [],
          "skipped": [],
          "duration": 47155,
          "root": false,
          "rootEmpty": false,
          "_timeout": 2000
        }
      ],
      "passes": [],
      "failures": [],
      "pending": [],
      "skipped": [],
      "duration": 0,
      "root": true,
      "rootEmpty": true,
      "_timeout": 2000
    }
  ],
  "meta": {
    "mocha": {
      "version": "7.2.0"
    },
    "mochawesome": {
      "options": {
        "quiet": false,
        "reportFilename": "mochawesome",
        "saveHtml": true,
        "saveJson": true,
        "consoleReporter": "spec",
        "useInlineDiffs": false,
        "code": true
      },
      "version": "7.1.4"
    },
    "marge": {
      "options": {
        "reportDir": "cypress/reports",
        "overwrite": false,
        "html": true,
        "json": true
      },
      "version": "6.3.2"
    }
  }
}