{
  "stats": {
    "suites": 1,
    "tests": 9,
    "passes": 8,
    "pending": 0,
    "failures": 1,
    "start": "2026-05-13T03:59:29.844Z",
    "end": "2026-05-13T04:04:30.417Z",
    "duration": 300573,
    "testsRegistered": 9,
    "passPercent": 88.88888888888889,
    "pendingPercent": 0,
    "other": 0,
    "hasOther": false,
    "skipped": 0,
    "hasSkipped": false
  },
  "results": [
    {
      "uuid": "1f9cd2ee-bee9-4462-aa00-b9c2af7550af",
      "title": "",
      "fullFile": "cypress\\e2e\\functional-suitability\\mycourse.cy.js",
      "file": "cypress\\e2e\\functional-suitability\\mycourse.cy.js",
      "beforeHooks": [],
      "afterHooks": [],
      "tests": [
        {
          "title": "FS_Course_033 - User baru mengambil course",
          "fullTitle": "FS_Course_033 - User baru mengambil course",
          "timedOut": null,
          "duration": 94069,
          "state": "failed",
          "speed": null,
          "pass": false,
          "fail": true,
          "pending": false,
          "context": null,
          "code": "Cypress.on('uncaught:exception', () => false);\ncy.visit('/login');\ncy.get('input[name=\"email\"]').type('akunbaru2@test.com');\ncy.get('input[name=\"password\"]').type('akunbaru12');\ncy.get('button[type=\"submit\"]').click();\ncy.url().should('not.include', '/login');\ncy.contains('Take').first().click();\ncy.wait(3000);\n// validasi tombol Take hilang\ncy.contains('Take').should('not.exist');\n// masuk ke My Course\ncy.contains('My Course').click();\ncy.url().should('include', '/courses/my_course');\n// validasi course berhasil diambil\ncy.contains('Start Lesson').should('be.visible');",
          "err": {
            "message": "AssertionError: Timed out retrying after 60000ms: Expected not to find content: 'Take' but continuously found it.",
            "estack": "AssertionError: Timed out retrying after 60000ms: Expected not to find content: 'Take' but continuously found it.\n    at Context.eval (webpack://test-bajapro/./cypress/e2e/functional-suitability/mycourse.cy.js:149:22)",
            "diff": null
          },
          "uuid": "c819b954-eea4-4200-900a-49bcf1febfcf",
          "parentUUID": "1f9cd2ee-bee9-4462-aa00-b9c2af7550af",
          "isHook": false,
          "skipped": false
        }
      ],
      "suites": [
        {
          "uuid": "9db58450-5640-49dc-9d18-7972c648a29d",
          "title": "My Course Feature - Bajapro",
          "fullFile": "",
          "file": "",
          "beforeHooks": [],
          "afterHooks": [],
          "tests": [
            {
              "title": "FS_Course_001 - Buka halaman My Course",
              "fullTitle": "My Course Feature - Bajapro FS_Course_001 - Buka halaman My Course",
              "timedOut": null,
              "duration": 11854,
              "state": "passed",
              "speed": "slow",
              "pass": true,
              "fail": false,
              "pending": false,
              "context": null,
              "code": "cy.contains('My Course').click();\ncy.url().should('include', '/courses/my_course');\ncy.contains('Take Your Lesson now').should('be.visible');",
              "err": {},
              "uuid": "20dd46dd-77da-40bd-83e0-47fced20ecf5",
              "parentUUID": "9db58450-5640-49dc-9d18-7972c648a29d",
              "isHook": false,
              "skipped": false
            },
            {
              "title": "FS_Course_003 - Masuk ke halaman level",
              "fullTitle": "My Course Feature - Bajapro FS_Course_003 - Masuk ke halaman level",
              "timedOut": null,
              "duration": 4452,
              "state": "passed",
              "speed": "fast",
              "pass": true,
              "fail": false,
              "pending": false,
              "context": null,
              "code": "cy.contains('My Course').click();\ncy.contains('Start Lesson').click();\ncy.url().should('include', '/courses/level');\ncy.contains('Start Your Lesson now').should('be.visible');",
              "err": {},
              "uuid": "5f0ec70f-7c63-4fab-beee-f57d2a3d8202",
              "parentUUID": "9db58450-5640-49dc-9d18-7972c648a29d",
              "isHook": false,
              "skipped": false
            },
            {
              "title": "FS_Course_004 - Pilih Level Easy",
              "fullTitle": "My Course Feature - Bajapro FS_Course_004 - Pilih Level Easy",
              "timedOut": null,
              "duration": 6891,
              "state": "passed",
              "speed": "medium",
              "pass": true,
              "fail": false,
              "pending": false,
              "context": null,
              "code": "cy.contains('My Course').click();\ncy.contains('Start Lesson').first().click();\ncy.contains('Easy').parent().contains('Start Lesson').click();\ncy.url().should('include', '/detail');",
              "err": {},
              "uuid": "d58bf295-6a9c-4f0e-bfc8-9fc70b41f095",
              "parentUUID": "9db58450-5640-49dc-9d18-7972c648a29d",
              "isHook": false,
              "skipped": false
            },
            {
              "title": "FS_Course_005 - Level Medium terkunci",
              "fullTitle": "My Course Feature - Bajapro FS_Course_005 - Level Medium terkunci",
              "timedOut": null,
              "duration": 4959,
              "state": "passed",
              "speed": "fast",
              "pass": true,
              "fail": false,
              "pending": false,
              "context": null,
              "code": "cy.contains('My Course').click();\ncy.contains('Start Lesson').click();\ncy.contains('Medium').parent().find('a').should('have.attr', 'aria-disabled', 'true');",
              "err": {},
              "uuid": "22df7e54-9ba1-4f82-887c-21af43c3bc1a",
              "parentUUID": "9db58450-5640-49dc-9d18-7972c648a29d",
              "isHook": false,
              "skipped": false
            },
            {
              "title": "FS_Course_006 - Akses materi terbuka",
              "fullTitle": "My Course Feature - Bajapro FS_Course_006 - Akses materi terbuka",
              "timedOut": null,
              "duration": 5682,
              "state": "passed",
              "speed": "medium",
              "pass": true,
              "fail": false,
              "pending": false,
              "context": null,
              "code": "cy.contains('My Course').click();\ncy.contains('Start Lesson').first().click();\ncy.contains('Easy').parent().contains('Start Lesson').click();\ncy.contains('Tipe Data, Variabel dan Operator').first().click();\ncy.get('iframe').should('exist');\ncy.contains('Variabel').should('be.visible');",
              "err": {},
              "uuid": "ac051589-fbe7-4055-9837-f36498eb4376",
              "parentUUID": "9db58450-5640-49dc-9d18-7972c648a29d",
              "isHook": false,
              "skipped": false
            },
            {
              "title": "FS_Course_007 - Materi dalam accordion terkunci tidak bisa diakses",
              "fullTitle": "My Course Feature - Bajapro FS_Course_007 - Materi dalam accordion terkunci tidak bisa diakses",
              "timedOut": null,
              "duration": 7123,
              "state": "passed",
              "speed": "medium",
              "pass": true,
              "fail": false,
              "pending": false,
              "context": null,
              "code": "cy.contains('My Course').click();\ncy.contains('Start Lesson').first().click();\ncy.contains('Easy').parent().contains('Start Lesson').click();\n// 1. buka accordion \"Sintaks Pemilihan 1\"\ncy.contains('Sintaks Pemilihan 1').click();\n// 2. pastikan dropdown muncul\ncy.get('#accordionExample .accordion-collapse.show').should('exist');\n// 3. ambil item yang terkunci di dalamnya\ncy.get('#accordionExample .accordion-collapse.show a[href*=\"void\"]').first().as('lockedItem');\n// 4. simpan URL\ncy.url().then(beforeUrl => {\n  // 5. coba klik item terkunci\n  cy.get('@lockedItem').click({\n    force: true\n  });\n  // 6. pastikan tidak pindah halaman\n  cy.url().should('eq', beforeUrl);\n});",
              "err": {},
              "uuid": "2be7ccf3-0824-4f2b-952d-ac1ae28c6269",
              "parentUUID": "9db58450-5640-49dc-9d18-7972c648a29d",
              "isHook": false,
              "skipped": false
            },
            {
              "title": "FS_Course_008 - Tampilan materi lengkap",
              "fullTitle": "My Course Feature - Bajapro FS_Course_008 - Tampilan materi lengkap",
              "timedOut": null,
              "duration": 5310,
              "state": "passed",
              "speed": "medium",
              "pass": true,
              "fail": false,
              "pending": false,
              "context": null,
              "code": "cy.contains('My Course').click();\ncy.contains('Start Lesson').first().click();\ncy.contains('Easy').parent().contains('Start Lesson').click();\ncy.contains('Tipe Data, Variabel dan Operator').first().click();\ncy.get('iframe').should('be.visible');\ncy.contains('Variabel').should('be.visible');\ncy.contains(\"Let's Test\").should('be.visible');",
              "err": {},
              "uuid": "7fa7b57d-4845-4829-8c41-6fd1e9f26850",
              "parentUUID": "9db58450-5640-49dc-9d18-7972c648a29d",
              "isHook": false,
              "skipped": false
            },
            {
              "title": "FS_Course_009 - Akses Let’s Test",
              "fullTitle": "My Course Feature - Bajapro FS_Course_009 - Akses Let’s Test",
              "timedOut": null,
              "duration": 4918,
              "state": "passed",
              "speed": "fast",
              "pass": true,
              "fail": false,
              "pending": false,
              "context": null,
              "code": "cy.contains('My Course').click();\ncy.contains('Start Lesson').first().click();\ncy.contains('Easy').parent().contains('Start Lesson').click();\ncy.contains('Tipe Data, Variabel dan Operator').first().click();\ncy.contains(\"Let's Test\").click();\ncy.url().should('include', '/code');",
              "err": {},
              "uuid": "715bba72-fc6b-4d3b-a29d-6f4ef5c2aa95",
              "parentUUID": "9db58450-5640-49dc-9d18-7972c648a29d",
              "isHook": false,
              "skipped": false
            }
          ],
          "suites": [],
          "passes": [
            "20dd46dd-77da-40bd-83e0-47fced20ecf5",
            "5f0ec70f-7c63-4fab-beee-f57d2a3d8202",
            "d58bf295-6a9c-4f0e-bfc8-9fc70b41f095",
            "22df7e54-9ba1-4f82-887c-21af43c3bc1a",
            "ac051589-fbe7-4055-9837-f36498eb4376",
            "2be7ccf3-0824-4f2b-952d-ac1ae28c6269",
            "7fa7b57d-4845-4829-8c41-6fd1e9f26850",
            "715bba72-fc6b-4d3b-a29d-6f4ef5c2aa95"
          ],
          "failures": [],
          "pending": [],
          "skipped": [],
          "duration": 51189,
          "root": false,
          "rootEmpty": false,
          "_timeout": 2000
        }
      ],
      "passes": [],
      "failures": [
        "c819b954-eea4-4200-900a-49bcf1febfcf"
      ],
      "pending": [],
      "skipped": [],
      "duration": 94069,
      "root": true,
      "rootEmpty": false,
      "_timeout": 2000
    }
  ],
  "meta": {
    "mocha": {
      "version": "7.2.0"
    },
    "mochawesome": {
      "options": {
        "quiet": false,
        "reportFilename": "mochawesome",
        "saveHtml": true,
        "saveJson": true,
        "consoleReporter": "spec",
        "useInlineDiffs": false,
        "code": true
      },
      "version": "7.1.4"
    },
    "marge": {
      "options": {
        "reportDir": "cypress/reports",
        "overwrite": false,
        "html": true,
        "json": true
      },
      "version": "6.3.2"
    }
  }
}