{
  "stats": {
    "suites": 1,
    "tests": 8,
    "passes": 8,
    "pending": 0,
    "failures": 0,
    "start": "2026-05-10T11:05:19.404Z",
    "end": "2026-05-10T11:06:07.063Z",
    "duration": 47659,
    "testsRegistered": 8,
    "passPercent": 100,
    "pendingPercent": 0,
    "other": 0,
    "hasOther": false,
    "skipped": 0,
    "hasSkipped": false
  },
  "results": [
    {
      "uuid": "034dfad6-e605-4dd7-8d5c-b6566ac0a0f7",
      "title": "",
      "fullFile": "cypress\\e2e\\functional-suitability\\explain.cy.js",
      "file": "cypress\\e2e\\functional-suitability\\explain.cy.js",
      "beforeHooks": [],
      "afterHooks": [],
      "tests": [],
      "suites": [
        {
          "uuid": "b228b700-542a-46f7-9822-2821dc16ed6f",
          "title": "Explanation Feature",
          "fullFile": "",
          "file": "",
          "beforeHooks": [],
          "afterHooks": [],
          "tests": [
            {
              "title": "FS_Explain_001 - Buka halaman Explanation",
              "fullTitle": "Explanation Feature FS_Explain_001 - Buka halaman Explanation",
              "timedOut": null,
              "duration": 7479,
              "state": "passed",
              "speed": "medium",
              "pass": true,
              "fail": false,
              "pending": false,
              "context": null,
              "code": "cy.contains('Explanation').click();\ncy.url().should('include', '/explain');\ncy.contains('Code Explanation').should('exist');",
              "err": {},
              "uuid": "be8f710d-f353-4f6d-bd01-bd14e2d41ff9",
              "parentUUID": "b228b700-542a-46f7-9822-2821dc16ed6f",
              "isHook": false,
              "skipped": false
            },
            {
              "title": "FS_Explain_002 - Tabel tampil",
              "fullTitle": "Explanation Feature FS_Explain_002 - Tabel tampil",
              "timedOut": null,
              "duration": 5575,
              "state": "passed",
              "speed": "medium",
              "pass": true,
              "fail": false,
              "pending": false,
              "context": null,
              "code": "cy.contains('Explanation').click();\ncy.get('table').should('exist');\ncy.get('tbody tr').should('have.length.greaterThan', 0);",
              "err": {},
              "uuid": "a69207e1-db86-48f8-b3a0-f8697ae6a8eb",
              "parentUUID": "b228b700-542a-46f7-9822-2821dc16ed6f",
              "isHook": false,
              "skipped": false
            },
            {
              "title": "FS_Explain_003 - Header tabel lengkap",
              "fullTitle": "Explanation Feature FS_Explain_003 - Header tabel lengkap",
              "timedOut": null,
              "duration": 4417,
              "state": "passed",
              "speed": "fast",
              "pass": true,
              "fail": false,
              "pending": false,
              "context": null,
              "code": "cy.contains('Explanation').click();\ncy.contains('Name').should('exist');\ncy.contains('Content').should('exist');\ncy.contains('Question').should('exist');\ncy.contains('Your Answer').should('exist');\ncy.contains('Answer Key').should('exist');",
              "err": {},
              "uuid": "c580c87d-3bef-476c-9c93-31c390de5b69",
              "parentUUID": "b228b700-542a-46f7-9822-2821dc16ed6f",
              "isHook": false,
              "skipped": false
            },
            {
              "title": "FS_Explain_004 - Jawaban essay tampil",
              "fullTitle": "Explanation Feature FS_Explain_004 - Jawaban essay tampil",
              "timedOut": null,
              "duration": 11244,
              "state": "passed",
              "speed": "slow",
              "pass": true,
              "fail": false,
              "pending": false,
              "context": null,
              "code": "cy.contains('Explanation').click();\ncy.get('tbody tr').first().within(() => {\n  cy.get('td').eq(3).should('not.be.empty'); // kolom Your Answer\n});",
              "err": {},
              "uuid": "76b86817-8e8f-41a7-8400-eb57d82ddb69",
              "parentUUID": "b228b700-542a-46f7-9822-2821dc16ed6f",
              "isHook": false,
              "skipped": false
            },
            {
              "title": "FS_Explain_005 - Answer Key Not Available",
              "fullTitle": "Explanation Feature FS_Explain_005 - Answer Key Not Available",
              "timedOut": null,
              "duration": 5960,
              "state": "passed",
              "speed": "medium",
              "pass": true,
              "fail": false,
              "pending": false,
              "context": null,
              "code": "cy.contains('Explanation').click();\ncy.contains('Not Available').should('exist');",
              "err": {},
              "uuid": "76c5df54-ceee-41c3-b1e7-c6d31ab05a46",
              "parentUUID": "b228b700-542a-46f7-9822-2821dc16ed6f",
              "isHook": false,
              "skipped": false
            },
            {
              "title": "FS_Explain_006 - Pagination next",
              "fullTitle": "Explanation Feature FS_Explain_006 - Pagination next",
              "timedOut": null,
              "duration": 3296,
              "state": "passed",
              "speed": "fast",
              "pass": true,
              "fail": false,
              "pending": false,
              "context": null,
              "code": "cy.contains('Explanation').click();\ncy.get('body').then($body => {\n  if ($body.find('a').text().includes('2')) {\n    cy.contains('2').click();\n    cy.get('tbody tr').should('exist');\n  }\n});",
              "err": {},
              "uuid": "d36c1e06-c589-4657-918b-16a5967ee27a",
              "parentUUID": "b228b700-542a-46f7-9822-2821dc16ed6f",
              "isHook": false,
              "skipped": false
            },
            {
              "title": "FS_Explain_007 - Pagination back",
              "fullTitle": "Explanation Feature FS_Explain_007 - Pagination back",
              "timedOut": null,
              "duration": 4179,
              "state": "passed",
              "speed": "fast",
              "pass": true,
              "fail": false,
              "pending": false,
              "context": null,
              "code": "cy.contains('Explanation').click();\ncy.get('body').then($body => {\n  if ($body.find('a').text().includes('2')) {\n    cy.contains('2').click();\n    cy.contains('1').click();\n    cy.get('tbody tr').should('exist');\n  }\n});",
              "err": {},
              "uuid": "5eaf93ef-cd0a-4bd8-ac22-d703e1a2b302",
              "parentUUID": "b228b700-542a-46f7-9822-2821dc16ed6f",
              "isHook": false,
              "skipped": false
            },
            {
              "title": "FS_Explain_008 - Scroll data",
              "fullTitle": "Explanation Feature FS_Explain_008 - Scroll data",
              "timedOut": null,
              "duration": 4308,
              "state": "passed",
              "speed": "fast",
              "pass": true,
              "fail": false,
              "pending": false,
              "context": null,
              "code": "cy.contains('Explanation').click();\ncy.scrollTo('bottom');\ncy.get('tbody tr').last().should('be.visible');",
              "err": {},
              "uuid": "5098496e-cc04-49b1-ab85-bdc5bb928bce",
              "parentUUID": "b228b700-542a-46f7-9822-2821dc16ed6f",
              "isHook": false,
              "skipped": false
            }
          ],
          "suites": [],
          "passes": [
            "be8f710d-f353-4f6d-bd01-bd14e2d41ff9",
            "a69207e1-db86-48f8-b3a0-f8697ae6a8eb",
            "c580c87d-3bef-476c-9c93-31c390de5b69",
            "76b86817-8e8f-41a7-8400-eb57d82ddb69",
            "76c5df54-ceee-41c3-b1e7-c6d31ab05a46",
            "d36c1e06-c589-4657-918b-16a5967ee27a",
            "5eaf93ef-cd0a-4bd8-ac22-d703e1a2b302",
            "5098496e-cc04-49b1-ab85-bdc5bb928bce"
          ],
          "failures": [],
          "pending": [],
          "skipped": [],
          "duration": 46458,
          "root": false,
          "rootEmpty": false,
          "_timeout": 2000
        }
      ],
      "passes": [],
      "failures": [],
      "pending": [],
      "skipped": [],
      "duration": 0,
      "root": true,
      "rootEmpty": true,
      "_timeout": 2000
    }
  ],
  "meta": {
    "mocha": {
      "version": "7.2.0"
    },
    "mochawesome": {
      "options": {
        "quiet": false,
        "reportFilename": "mochawesome",
        "saveHtml": true,
        "saveJson": true,
        "consoleReporter": "spec",
        "useInlineDiffs": false,
        "code": true
      },
      "version": "7.1.4"
    },
    "marge": {
      "options": {
        "reportDir": "cypress/reports",
        "overwrite": false,
        "html": true,
        "json": true
      },
      "version": "6.3.2"
    }
  }
}