{
  "stats": {
    "suites": 1,
    "tests": 3,
    "passes": 3,
    "pending": 0,
    "failures": 0,
    "start": "2026-04-15T18:16:08.808Z",
    "end": "2026-04-15T18:16:32.687Z",
    "duration": 23879,
    "testsRegistered": 3,
    "passPercent": 100,
    "pendingPercent": 0,
    "other": 0,
    "hasOther": false,
    "skipped": 0,
    "hasSkipped": false
  },
  "results": [
    {
      "uuid": "db31cbbc-f6a5-4374-b124-556788e4acc1",
      "title": "",
      "fullFile": "cypress\\e2e\\logout.cy.js",
      "file": "cypress\\e2e\\logout.cy.js",
      "beforeHooks": [],
      "afterHooks": [],
      "tests": [],
      "suites": [
        {
          "uuid": "0f9ed6a3-a4fd-4e64-9a84-5b87576ef06c",
          "title": "Logout Feature - Bajapro",
          "fullFile": "",
          "file": "",
          "beforeHooks": [],
          "afterHooks": [],
          "tests": [
            {
              "title": "FS_Dashboard_001 - Menampilkan dropdown logout",
              "fullTitle": "Logout Feature - Bajapro FS_Dashboard_001 - Menampilkan dropdown logout",
              "timedOut": null,
              "duration": 5504,
              "state": "passed",
              "speed": "medium",
              "pass": true,
              "fail": false,
              "pending": false,
              "context": null,
              "code": "cy.get('nav').contains('@').click();\ncy.contains('Logout').should('be.visible');",
              "err": {},
              "uuid": "38c33baa-9f2c-43c4-b784-d1800cc7089a",
              "parentUUID": "0f9ed6a3-a4fd-4e64-9a84-5b87576ef06c",
              "isHook": false,
              "skipped": false
            },
            {
              "title": "FS_Dashboard_002 - User berhasil logout",
              "fullTitle": "Logout Feature - Bajapro FS_Dashboard_002 - User berhasil logout",
              "timedOut": null,
              "duration": 7715,
              "state": "passed",
              "speed": "medium",
              "pass": true,
              "fail": false,
              "pending": false,
              "context": null,
              "code": "cy.get('nav').contains('@').click();\ncy.contains('Logout').click();\ncy.url().should('include', '/login');",
              "err": {},
              "uuid": "7cafaec5-da22-4f47-a1a2-7e4872fa755a",
              "parentUUID": "0f9ed6a3-a4fd-4e64-9a84-5b87576ef06c",
              "isHook": false,
              "skipped": false
            },
            {
              "title": "FS_Dashboard_003_BACK - Tidak bisa akses dashboard via tombol back",
              "fullTitle": "Logout Feature - Bajapro FS_Dashboard_003_BACK - Tidak bisa akses dashboard via tombol back",
              "timedOut": null,
              "duration": 6379,
              "state": "passed",
              "speed": "medium",
              "pass": true,
              "fail": false,
              "pending": false,
              "context": null,
              "code": "cy.get('nav').contains('@').click();\ncy.contains('Logout').click();\ncy.url().should('include', '/login');\ncy.go('back');\ncy.url().should('include', '/login');",
              "err": {},
              "uuid": "cfe4188d-29b3-4c5b-8870-a130e5954b58",
              "parentUUID": "0f9ed6a3-a4fd-4e64-9a84-5b87576ef06c",
              "isHook": false,
              "skipped": false
            }
          ],
          "suites": [],
          "passes": [
            "38c33baa-9f2c-43c4-b784-d1800cc7089a",
            "7cafaec5-da22-4f47-a1a2-7e4872fa755a",
            "cfe4188d-29b3-4c5b-8870-a130e5954b58"
          ],
          "failures": [],
          "pending": [],
          "skipped": [],
          "duration": 19598,
          "root": false,
          "rootEmpty": false,
          "_timeout": 2000
        }
      ],
      "passes": [],
      "failures": [],
      "pending": [],
      "skipped": [],
      "duration": 0,
      "root": true,
      "rootEmpty": true,
      "_timeout": 2000
    }
  ],
  "meta": {
    "mocha": {
      "version": "7.2.0"
    },
    "mochawesome": {
      "options": {
        "quiet": false,
        "reportFilename": "mochawesome",
        "saveHtml": true,
        "saveJson": true,
        "consoleReporter": "spec",
        "useInlineDiffs": false,
        "code": true
      },
      "version": "7.1.4"
    },
    "marge": {
      "options": {
        "reportDir": "cypress/reports",
        "overwrite": false,
        "html": true,
        "json": true
      },
      "version": "6.3.2"
    }
  }
}