{
  "stats": {
    "suites": 1,
    "tests": 1,
    "passes": 1,
    "pending": 0,
    "failures": 0,
    "start": "2026-04-15T18:19:21.046Z",
    "end": "2026-04-15T18:19:34.444Z",
    "duration": 13398,
    "testsRegistered": 1,
    "passPercent": 100,
    "pendingPercent": 0,
    "other": 0,
    "hasOther": false,
    "skipped": 0,
    "hasSkipped": false
  },
  "results": [
    {
      "uuid": "d085f090-80cd-4d19-b25f-06e063d5781d",
      "title": "",
      "fullFile": "cypress\\e2e\\start_lesson.cy.js",
      "file": "cypress\\e2e\\start_lesson.cy.js",
      "beforeHooks": [],
      "afterHooks": [],
      "tests": [],
      "suites": [
        {
          "uuid": "efaa93ab-2659-4222-a673-8e19dd301ebd",
          "title": "Flow Memulai Pelajaran (Start Lesson)",
          "fullFile": "",
          "file": "",
          "beforeHooks": [],
          "afterHooks": [],
          "tests": [
            {
              "title": "User dapat memilih Course Java lalu masuk ke Level Easy",
              "fullTitle": "Flow Memulai Pelajaran (Start Lesson) User dapat memilih Course Java lalu masuk ke Level Easy",
              "timedOut": null,
              "duration": 13150,
              "state": "passed",
              "speed": "slow",
              "pass": true,
              "fail": false,
              "pending": false,
              "context": null,
              "code": "// --- TAHAP 1: DI HALAMAN \"MY COURSE\" (Gambar 1) ---\n// Cari kartu yang judulnya \"Java\" (jaga-jaga kalau ada course lain nanti)\n// Lalu cari tombol \"Start Lesson\" di dalamnya\ncy.contains('.card', 'Java') // Cari kotak kartu Java\n.contains('Start Lesson') // Cari teks Start Lesson di dalam kotak itu\n.click();\n// --- TAHAP 2: DI HALAMAN PILIH LEVEL (Gambar 2) ---\n// 1. Validasi URL berubah ke halaman level\n// Berdasarkan screenshot inspect element gambar 1, href-nya ke /courses/level/1\ncy.url({\n  timeout: 20000\n}).should('include', '/courses/level');\n// 2. Validasi Judul Halaman muncul\ncy.contains('h2', 'Start Your Lesson now').should('be.visible');\n// 3. Validasi ada 3 Pilihan Level (Easy, Medium, Hard)\ncy.contains('Easy').should('be.visible');\ncy.contains('Medium').should('be.visible');\ncy.contains('Hard').should('be.visible');\n// 4. Klik tombol Start Lesson pada level \"Easy\"\n// Trik: Cari kartu yang mengandung kata \"Easy\", lalu cari tombol didalamnya\n// Ini penting karena ada 3 tombol \"Start Lesson\" di halaman ini\ncy.contains('.card', 'Easy').find('a.btn-primary') // Cari elemen <a> dengan class btn-primary (tombol biru)\n.should('contain', 'Start Lesson').click();\n// --- TAHAP 3: VALIDASI MASUK KE DETAIL MATERI ---\n// Berdasarkan inspect element Gambar 2, href Easy mengarah ke .../detail/1\ncy.url({\n  timeout: 30000\n}).should('include', '/detail/');\n// (Opsional) Pastikan tidak ada error 404/500\ncy.get('body').should('not.contain', '404 Not Found');",
              "err": {},
              "uuid": "465d5afb-a500-4fb5-94d4-4cada8ba06e4",
              "parentUUID": "efaa93ab-2659-4222-a673-8e19dd301ebd",
              "isHook": false,
              "skipped": false
            }
          ],
          "suites": [],
          "passes": [
            "465d5afb-a500-4fb5-94d4-4cada8ba06e4"
          ],
          "failures": [],
          "pending": [],
          "skipped": [],
          "duration": 13150,
          "root": false,
          "rootEmpty": false,
          "_timeout": 2000
        }
      ],
      "passes": [],
      "failures": [],
      "pending": [],
      "skipped": [],
      "duration": 0,
      "root": true,
      "rootEmpty": true,
      "_timeout": 2000
    }
  ],
  "meta": {
    "mocha": {
      "version": "7.2.0"
    },
    "mochawesome": {
      "options": {
        "quiet": false,
        "reportFilename": "mochawesome",
        "saveHtml": true,
        "saveJson": true,
        "consoleReporter": "spec",
        "useInlineDiffs": false,
        "code": true
      },
      "version": "7.1.4"
    },
    "marge": {
      "options": {
        "reportDir": "cypress/reports",
        "overwrite": false,
        "html": true,
        "json": true
      },
      "version": "6.3.2"
    }
  }
}