{
  "stats": {
    "suites": 1,
    "tests": 11,
    "passes": 11,
    "pending": 0,
    "failures": 0,
    "start": "2026-04-15T18:17:17.123Z",
    "end": "2026-04-15T18:19:01.046Z",
    "duration": 103923,
    "testsRegistered": 11,
    "passPercent": 100,
    "pendingPercent": 0,
    "other": 0,
    "hasOther": false,
    "skipped": 0,
    "hasSkipped": false
  },
  "results": [
    {
      "uuid": "0084e61f-613b-4921-aaa1-f2c514d7a792",
      "title": "",
      "fullFile": "cypress\\e2e\\register.cy.js",
      "file": "cypress\\e2e\\register.cy.js",
      "beforeHooks": [],
      "afterHooks": [],
      "tests": [],
      "suites": [
        {
          "uuid": "2bf5b8dc-5c3d-45bc-8827-1630f45cff98",
          "title": "Register Feature - Bajapro",
          "fullFile": "",
          "file": "",
          "beforeHooks": [],
          "afterHooks": [],
          "tests": [
            {
              "title": "FS_Register_001 - Register berhasil dengan data valid",
              "fullTitle": "Register Feature - Bajapro FS_Register_001 - Register berhasil dengan data valid",
              "timedOut": null,
              "duration": 14248,
              "state": "passed",
              "speed": "slow",
              "pass": true,
              "fail": false,
              "pending": false,
              "context": null,
              "code": "const email = `cimit${Date.now()}@test.com`;\ncy.register('Cimit', 'D4 Teknik Informatika', email, 'Cimit1234', 'Cimit1234');\ncy.url().should('not.include', '/register');",
              "err": {},
              "uuid": "8f027f0c-1a82-45c4-a2cd-32157f4b3785",
              "parentUUID": "2bf5b8dc-5c3d-45bc-8827-1630f45cff98",
              "isHook": false,
              "skipped": false
            },
            {
              "title": "FS_Register_002 - Semua field kosong",
              "fullTitle": "Register Feature - Bajapro FS_Register_002 - Semua field kosong",
              "timedOut": null,
              "duration": 2546,
              "state": "passed",
              "speed": "fast",
              "pass": true,
              "fail": false,
              "pending": false,
              "context": null,
              "code": "cy.get('button[type=\"submit\"]').click();\ncy.get('input[name=\"name\"]:invalid').should('exist');",
              "err": {},
              "uuid": "4d0e0fe8-a767-4fa2-8f3c-0cc453d51536",
              "parentUUID": "2bf5b8dc-5c3d-45bc-8827-1630f45cff98",
              "isHook": false,
              "skipped": false
            },
            {
              "title": "FS_Register_003 - Full Name kosong",
              "fullTitle": "Register Feature - Bajapro FS_Register_003 - Full Name kosong",
              "timedOut": null,
              "duration": 4409,
              "state": "passed",
              "speed": "fast",
              "pass": true,
              "fail": false,
              "pending": false,
              "context": null,
              "code": "cy.get('select[name=\"class\"]').select('D4 Teknik Informatika');\ncy.get('input[name=\"email\"]').type('cimit@test.com');\ncy.get('input[name=\"password\"]').type('Cimit1234');\ncy.get('input[name=\"password_confirmation\"]').type('Cimit1234');\ncy.get('button[type=\"submit\"]').click();\ncy.get('input[name=\"name\"]:invalid').should('exist');",
              "err": {},
              "uuid": "ce930d5f-3620-47fa-90f1-34c4db256649",
              "parentUUID": "2bf5b8dc-5c3d-45bc-8827-1630f45cff98",
              "isHook": false,
              "skipped": false
            },
            {
              "title": "FS_Register_004 - Class tidak dipilih (tidak ada validasi UI)",
              "fullTitle": "Register Feature - Bajapro FS_Register_004 - Class tidak dipilih (tidak ada validasi UI)",
              "timedOut": null,
              "duration": 6375,
              "state": "passed",
              "speed": "medium",
              "pass": true,
              "fail": false,
              "pending": false,
              "context": null,
              "code": "cy.get('input[name=\"name\"]').type('Cimit');\ncy.get('input[name=\"email\"]').type(`cimit${Date.now()}@test.com`);\ncy.get('input[name=\"password\"]').type('Cimit1234');\ncy.get('input[name=\"password_confirmation\"]').type('Cimit1234');\ncy.get('button[type=\"submit\"]').click();\ncy.url().should('include', '/register');\ncy.get('form').should('exist');\n// VALIDASI UTAMA\n// 1. password reset\ncy.get('input[name=\"password\"]').should('have.value', '');\ncy.get('input[name=\"password_confirmation\"]').should('have.value', '');\n// 2. class belum dipilih user (cek selectedIndex)\ncy.get('select[name=\"class\"]').then($el => {\n  expect($el[0].selectedIndex).to.equal(0);\n});",
              "err": {},
              "uuid": "8e6aaa51-f967-4d0e-b665-e9c881541c4b",
              "parentUUID": "2bf5b8dc-5c3d-45bc-8827-1630f45cff98",
              "isHook": false,
              "skipped": false
            },
            {
              "title": "FS_Register_005 - Email kosong",
              "fullTitle": "Register Feature - Bajapro FS_Register_005 - Email kosong",
              "timedOut": null,
              "duration": 4420,
              "state": "passed",
              "speed": "fast",
              "pass": true,
              "fail": false,
              "pending": false,
              "context": null,
              "code": "cy.get('input[name=\"name\"]').type('Cimit');\ncy.get('select[name=\"class\"]').select('D4 Teknik Informatika');\ncy.get('input[name=\"password\"]').type('Cimit1234');\ncy.get('input[name=\"password_confirmation\"]').type('Cimit1234');\ncy.get('button[type=\"submit\"]').click();\ncy.get('input[name=\"email\"]:invalid').should('exist');",
              "err": {},
              "uuid": "a970edff-0a90-4946-84b4-46f6b64b8f33",
              "parentUUID": "2bf5b8dc-5c3d-45bc-8827-1630f45cff98",
              "isHook": false,
              "skipped": false
            },
            {
              "title": "FS_Register_006 - Password kosong",
              "fullTitle": "Register Feature - Bajapro FS_Register_006 - Password kosong",
              "timedOut": null,
              "duration": 4720,
              "state": "passed",
              "speed": "fast",
              "pass": true,
              "fail": false,
              "pending": false,
              "context": null,
              "code": "cy.get('input[name=\"name\"]').type('Cimit');\ncy.get('select[name=\"class\"]').select('D4 Teknik Informatika');\ncy.get('input[name=\"email\"]').type('cimit@test.com');\ncy.get('input[name=\"password_confirmation\"]').type('Cimit1234');\ncy.get('button[type=\"submit\"]').click();\ncy.get('input[name=\"password\"]:invalid').should('exist');",
              "err": {},
              "uuid": "7efe34b3-49ca-4b37-97c3-526045d4f2dd",
              "parentUUID": "2bf5b8dc-5c3d-45bc-8827-1630f45cff98",
              "isHook": false,
              "skipped": false
            },
            {
              "title": "FS_Register_007 - Confirm Password kosong",
              "fullTitle": "Register Feature - Bajapro FS_Register_007 - Confirm Password kosong",
              "timedOut": null,
              "duration": 10534,
              "state": "passed",
              "speed": "slow",
              "pass": true,
              "fail": false,
              "pending": false,
              "context": null,
              "code": "cy.get('input[name=\"name\"]').type('Cimit');\ncy.get('select[name=\"class\"]').select('D4 Teknik Informatika');\ncy.get('input[name=\"email\"]').type('cimit@test.com');\ncy.get('input[name=\"password\"]').type('Cimit1234');\n// confirm password dikosongkan\ncy.get('button[type=\"submit\"]').click();\n// 1. tetap di halaman register\ncy.url().should('include', '/register');\n// 2. muncul error backend\ncy.contains('The password confirmation does not match').should('exist');",
              "err": {},
              "uuid": "91fc4b20-e9ff-4d25-a203-9d4d7ca84b99",
              "parentUUID": "2bf5b8dc-5c3d-45bc-8827-1630f45cff98",
              "isHook": false,
              "skipped": false
            },
            {
              "title": "FS_Register_008 - Email tidak valid",
              "fullTitle": "Register Feature - Bajapro FS_Register_008 - Email tidak valid",
              "timedOut": null,
              "duration": 6227,
              "state": "passed",
              "speed": "medium",
              "pass": true,
              "fail": false,
              "pending": false,
              "context": null,
              "code": "cy.register('Cimit', 'D4 Teknik Informatika', 'Cimit12', 'Cimit1234', 'Cimit1234');\ncy.get('input[name=\"email\"]:invalid').should('exist');",
              "err": {},
              "uuid": "8df01534-50b0-41f5-9379-0c0c17d65860",
              "parentUUID": "2bf5b8dc-5c3d-45bc-8827-1630f45cff98",
              "isHook": false,
              "skipped": false
            },
            {
              "title": "FS_Register_009 - Password tidak sama",
              "fullTitle": "Register Feature - Bajapro FS_Register_009 - Password tidak sama",
              "timedOut": null,
              "duration": 12630,
              "state": "passed",
              "speed": "slow",
              "pass": true,
              "fail": false,
              "pending": false,
              "context": null,
              "code": "cy.get('input[name=\"name\"]').type('Cimit');\ncy.get('select[name=\"class\"]').select('D4 Teknik Informatika');\ncy.get('input[name=\"email\"]').type(`cimit${Date.now()}@test.com`);\ncy.get('input[name=\"password\"]').type('Cimit123');\ncy.get('input[name=\"password_confirmation\"]').type('Cimit1234');\ncy.get('button[type=\"submit\"]').click();\n// 1. tetap di halaman register\ncy.url().should('include', '/register');\n// 2. error muncul\ncy.get('.invalid-feedback').contains('password').should('be.visible');\n// 3. password ke-reset\ncy.get('input[name=\"password\"]').should('have.value', '');\ncy.get('input[name=\"password_confirmation\"]').should('have.value', '');\n// 4. class kembali ke default (FIX DI SINI)\ncy.get('select[name=\"class\"]').should('have.value', 'Choose class');",
              "err": {},
              "uuid": "4a7f45ca-f320-4c92-8960-2b162cee3dc6",
              "parentUUID": "2bf5b8dc-5c3d-45bc-8827-1630f45cff98",
              "isHook": false,
              "skipped": false
            },
            {
              "title": "FS_Register_010 - Email sudah terdaftar",
              "fullTitle": "Register Feature - Bajapro FS_Register_010 - Email sudah terdaftar",
              "timedOut": null,
              "duration": 23056,
              "state": "passed",
              "speed": "slow",
              "pass": true,
              "fail": false,
              "pending": false,
              "context": null,
              "code": "cy.register('Cimit', 'D4 Teknik Informatika', 'zulfanuha016@gmail.com', 'Cimit1234', 'Cimit1234');\ncy.contains('The email has already been taken').should('exist');",
              "err": {},
              "uuid": "0e6ff5f8-7242-463a-9a57-ff862a471152",
              "parentUUID": "2bf5b8dc-5c3d-45bc-8827-1630f45cff98",
              "isHook": false,
              "skipped": false
            },
            {
              "title": "FS_Register_011 - Pindah ke halaman login",
              "fullTitle": "Register Feature - Bajapro FS_Register_011 - Pindah ke halaman login",
              "timedOut": null,
              "duration": 6111,
              "state": "passed",
              "speed": "medium",
              "pass": true,
              "fail": false,
              "pending": false,
              "context": null,
              "code": "cy.contains('SignIn').should('be.visible').click();\ncy.url().should('include', '/login');",
              "err": {},
              "uuid": "6da76b46-714e-4180-9af6-2ce065b18aa0",
              "parentUUID": "2bf5b8dc-5c3d-45bc-8827-1630f45cff98",
              "isHook": false,
              "skipped": false
            }
          ],
          "suites": [],
          "passes": [
            "8f027f0c-1a82-45c4-a2cd-32157f4b3785",
            "4d0e0fe8-a767-4fa2-8f3c-0cc453d51536",
            "ce930d5f-3620-47fa-90f1-34c4db256649",
            "8e6aaa51-f967-4d0e-b665-e9c881541c4b",
            "a970edff-0a90-4946-84b4-46f6b64b8f33",
            "7efe34b3-49ca-4b37-97c3-526045d4f2dd",
            "91fc4b20-e9ff-4d25-a203-9d4d7ca84b99",
            "8df01534-50b0-41f5-9379-0c0c17d65860",
            "4a7f45ca-f320-4c92-8960-2b162cee3dc6",
            "0e6ff5f8-7242-463a-9a57-ff862a471152",
            "6da76b46-714e-4180-9af6-2ce065b18aa0"
          ],
          "failures": [],
          "pending": [],
          "skipped": [],
          "duration": 95276,
          "root": false,
          "rootEmpty": false,
          "_timeout": 2000
        }
      ],
      "passes": [],
      "failures": [],
      "pending": [],
      "skipped": [],
      "duration": 0,
      "root": true,
      "rootEmpty": true,
      "_timeout": 2000
    }
  ],
  "meta": {
    "mocha": {
      "version": "7.2.0"
    },
    "mochawesome": {
      "options": {
        "quiet": false,
        "reportFilename": "mochawesome",
        "saveHtml": true,
        "saveJson": true,
        "consoleReporter": "spec",
        "useInlineDiffs": false,
        "code": true
      },
      "version": "7.1.4"
    },
    "marge": {
      "options": {
        "reportDir": "cypress/reports",
        "overwrite": false,
        "html": true,
        "json": true
      },
      "version": "6.3.2"
    }
  }
}